#
# There is insufficient memory for the Java Runtime Environment to continue.
# Native memory allocation (malloc) failed to allocate 466736 bytes for Chunk::new
# Possible reasons:
#   The system is out of physical RAM or swap space
#   The process is running with CompressedOops enabled, and the Java Heap may be blocking the growth of the native heap
# Possible solutions:
#   Reduce memory load on the system
#   Increase physical memory or swap space
#   Check if swap backing store is full
#   Decrease Java heap size (-Xmx/-Xms)
#   Decrease number of Java threads
#   Decrease Java thread stack sizes (-Xss)
#   Set larger code cache with -XX:ReservedCodeCacheSize=
#   JVM is running with Zero Based Compressed Oops mode in which the Java heap is
#     placed in the first 32GB address space. The Java Heap base address is the
#     maximum limit for the native heap growth. Please use -XX:HeapBaseMinAddress
#     to set the Java Heap base and to place the Java Heap above 32GB virtual address.
# This output file may be truncated or incomplete.
#
#  Out of Memory Error (t:/workspace/open/src/hotspot/share/memory/arena.cpp:195), pid=14740, tid=8792
#
# JRE version: Java(TM) SE Runtime Environment (14.0+36) (build 14+36-1461)
# Java VM: Java HotSpot(TM) 64-Bit Server VM (14+36-1461, mixed mode, sharing, tiered, compressed oops, g1 gc, windows-amd64)
# No core dump will be written. Minidumps are not enabled by default on client versions of Windows
#

---------------  S U M M A R Y ------------

Command Line: -javaagent:C:\Program Files\JetBrains\IntelliJ IDEA Community Edition 2020.2.3\lib\idea_rt.jar=62466:C:\Program Files\JetBrains\IntelliJ IDEA Community Edition 2020.2.3\bin -Dfile.encoding=UTF-8 io.swagger.Swagger2SpringBoot

Host: Intel(R) Core(TM) i7-10750H CPU @ 2.60GHz, 12 cores, 15G,  Windows 10 , 64 bit Build 19041 (10.0.19041.1706)
Time: Sat May 21 12:45:21 2022 GTB Daylight Time elapsed time: 57 seconds (0d 0h 0m 57s)

---------------  T H R E A D  ---------------

Current thread (0x000002221c999000):  JavaThread "C2 CompilerThread1" daemon [_thread_in_native, id=8792, stack(0x0000002a43500000,0x0000002a43600000)]


Current CompileTask:
C2:  57845 6805       4       com.sun.crypto.provider.AESCrypt::makeSessionKey (790 bytes)

Stack: [0x0000002a43500000,0x0000002a43600000]
Native frames: (J=compiled Java code, j=interpreted, Vv=VM code, C=native code)
V  [jvm.dll+0x5f83ea]
V  [jvm.dll+0x741e2a]
V  [jvm.dll+0x7435df]
V  [jvm.dll+0x743c23]
V  [jvm.dll+0x20d268]
V  [jvm.dll+0xabb07]
V  [jvm.dll+0xac1fc]
V  [jvm.dll+0x276d94]
V  [jvm.dll+0x50ca2a]
V  [jvm.dll+0x1ee1ba]
V  [jvm.dll+0x1e7cdb]
V  [jvm.dll+0x1e4f78]
V  [jvm.dll+0x1779cc]
V  [jvm.dll+0x1f40e5]
V  [jvm.dll+0x1f22cb]
V  [jvm.dll+0x706a7d]
V  [jvm.dll+0x6ff89a]
V  [jvm.dll+0x5f72a6]
C  [ucrtbase.dll+0x21bb2]
C  [KERNEL32.DLL+0x17034]
C  [ntdll.dll+0x52651]


---------------  P R O C E S S  ---------------

Threads class SMR info:
_java_thread_list=0x000002221a465f90, length=34, elements={
0x00000222155a7800, 0x00000222155a9000, 0x0000022215e49000, 0x0000022215e4c800,
0x0000022215e4e800, 0x0000022215e51000, 0x0000022215e54000, 0x0000022215e55000,
0x0000022215e40800, 0x00000222163d5800, 0x00000222163d8000, 0x0000022217b58800,
0x00000222189f2000, 0x000002221af2b000, 0x000002221af2c000, 0x000002221af2c800,
0x000002221af2d800, 0x000002221af2a800, 0x000002221af2e800, 0x000002221af2f000,
0x000002221af30000, 0x000002221af31000, 0x000002221c99d800, 0x000002221c99b800,
0x000002221c998800, 0x000002221c99b000, 0x000002221c997800, 0x000002221c99c800,
0x000002221c99e000, 0x000002221c99f800, 0x000002221c99a000, 0x000002221c9a0800,
0x000002221c999000, 0x000002221c9a4800
}

Java Threads: ( => current thread )
  0x00000222155a7800 JavaThread "Reference Handler" daemon [_thread_blocked, id=12928, stack(0x0000002a42c00000,0x0000002a42d00000)]
  0x00000222155a9000 JavaThread "Finalizer" daemon [_thread_blocked, id=7296, stack(0x0000002a42d00000,0x0000002a42e00000)]
  0x0000022215e49000 JavaThread "Signal Dispatcher" daemon [_thread_blocked, id=12284, stack(0x0000002a42e00000,0x0000002a42f00000)]
  0x0000022215e4c800 JavaThread "Attach Listener" daemon [_thread_blocked, id=17612, stack(0x0000002a42f00000,0x0000002a43000000)]
  0x0000022215e4e800 JavaThread "Service Thread" daemon [_thread_blocked, id=10536, stack(0x0000002a43000000,0x0000002a43100000)]
  0x0000022215e51000 JavaThread "C2 CompilerThread0" daemon [_thread_blocked, id=17676, stack(0x0000002a43100000,0x0000002a43200000)]
  0x0000022215e54000 JavaThread "C1 CompilerThread0" daemon [_thread_blocked, id=12536, stack(0x0000002a43200000,0x0000002a43300000)]
  0x0000022215e55000 JavaThread "Sweeper thread" daemon [_thread_blocked, id=12648, stack(0x0000002a43300000,0x0000002a43400000)]
  0x0000022215e40800 JavaThread "Common-Cleaner" daemon [_thread_blocked, id=8932, stack(0x0000002a43400000,0x0000002a43500000)]
  0x00000222163d5800 JavaThread "Monitor Ctrl-Break" daemon [_thread_in_native, id=19412, stack(0x0000002a43600000,0x0000002a43700000)]
  0x00000222163d8000 JavaThread "Notification Thread" daemon [_thread_blocked, id=22304, stack(0x0000002a43700000,0x0000002a43800000)]
  0x0000022217b58800 JavaThread "ContainerBackgroundProcessor[StandardEngine[Tomcat]]" daemon [_thread_blocked, id=15804, stack(0x0000002a44300000,0x0000002a44400000)]
  0x00000222189f2000 JavaThread "container-0" [_thread_blocked, id=12080, stack(0x0000002a44400000,0x0000002a44500000)]
  0x000002221af2b000 JavaThread "NioBlockingSelector.BlockPoller-1" daemon [_thread_in_native, id=22384, stack(0x0000002a44500000,0x0000002a44600000)]
  0x000002221af2c000 JavaThread "http-nio-8080-exec-1" daemon [_thread_blocked, id=20108, stack(0x0000002a44600000,0x0000002a44700000)]
  0x000002221af2c800 JavaThread "http-nio-8080-exec-2" daemon [_thread_blocked, id=10312, stack(0x0000002a44700000,0x0000002a44800000)]
  0x000002221af2d800 JavaThread "http-nio-8080-exec-3" daemon [_thread_blocked, id=19300, stack(0x0000002a44800000,0x0000002a44900000)]
  0x000002221af2a800 JavaThread "http-nio-8080-exec-4" daemon [_thread_blocked, id=19304, stack(0x0000002a44900000,0x0000002a44a00000)]
  0x000002221af2e800 JavaThread "http-nio-8080-exec-5" daemon [_thread_in_native, id=1508, stack(0x0000002a44a00000,0x0000002a44b00000)]
  0x000002221af2f000 JavaThread "http-nio-8080-exec-6" daemon [_thread_blocked, id=17836, stack(0x0000002a44b00000,0x0000002a44c00000)]
  0x000002221af30000 JavaThread "http-nio-8080-exec-7" daemon [_thread_blocked, id=5748, stack(0x0000002a44c00000,0x0000002a44d00000)]
  0x000002221af31000 JavaThread "http-nio-8080-exec-8" daemon [_thread_blocked, id=21648, stack(0x0000002a44d00000,0x0000002a44e00000)]
  0x000002221c99d800 JavaThread "http-nio-8080-exec-9" daemon [_thread_blocked, id=12640, stack(0x0000002a44e00000,0x0000002a44f00000)]
  0x000002221c99b800 JavaThread "http-nio-8080-exec-10" daemon [_thread_blocked, id=18956, stack(0x0000002a44f00000,0x0000002a45000000)]
  0x000002221c998800 JavaThread "http-nio-8080-ClientPoller-0" daemon [_thread_in_native, id=8924, stack(0x0000002a45000000,0x0000002a45100000)]
  0x000002221c99b000 JavaThread "http-nio-8080-ClientPoller-1" daemon [_thread_in_native, id=20268, stack(0x0000002a45100000,0x0000002a45200000)]
  0x000002221c997800 JavaThread "http-nio-8080-Acceptor-0" daemon [_thread_in_native, id=19224, stack(0x0000002a45200000,0x0000002a45300000)]
  0x000002221c99c800 JavaThread "http-nio-8080-AsyncTimeout" daemon [_thread_blocked, id=5780, stack(0x0000002a45300000,0x0000002a45400000)]
  0x000002221c99e000 JavaThread "DestroyJavaVM" [_thread_blocked, id=19464, stack(0x0000002a42500000,0x0000002a42600000)]
  0x000002221c99f800 JavaThread "Tomcat JDBC Pool Cleaner[640070680:1653126293511]" daemon [_thread_blocked, id=9340, stack(0x0000002a44100000,0x0000002a44200000)]
  0x000002221c99a000 JavaThread "oracle.jdbc.driver.BlockSource.ThreadedCachingBlockSource.BlockReleaser" daemon [_thread_blocked, id=8740, stack(0x0000002a44200000,0x0000002a44300000)]
  0x000002221c9a0800 JavaThread "InterruptTimer" daemon [_thread_blocked, id=17484, stack(0x0000002a45400000,0x0000002a45500000)]
=>0x000002221c999000 JavaThread "C2 CompilerThread1" daemon [_thread_in_native, id=8792, stack(0x0000002a43500000,0x0000002a43600000)]
  0x000002221c9a4800 JavaThread "C2 CompilerThread2" daemon [_thread_blocked, id=10584, stack(0x0000002a43900000,0x0000002a43a00000)]

Other Threads:
  0x000002221559f800 VMThread "VM Thread" [stack: 0x0000002a42b00000,0x0000002a42c00000] [id=20796]
  0x00000222163d9000 WatcherThread [stack: 0x0000002a43800000,0x0000002a43900000] [id=16748]
  0x000002227145c000 GCTaskThread "GC Thread#0" [stack: 0x0000002a42600000,0x0000002a42700000] [id=10956]
  0x0000022216f18800 GCTaskThread "GC Thread#1" [stack: 0x0000002a43a00000,0x0000002a43b00000] [id=15412]
  0x0000022216daf000 GCTaskThread "GC Thread#2" [stack: 0x0000002a43b00000,0x0000002a43c00000] [id=10296]
  0x0000022216ab9800 GCTaskThread "GC Thread#3" [stack: 0x0000002a43c00000,0x0000002a43d00000] [id=21252]
  0x0000022216e31800 GCTaskThread "GC Thread#4" [stack: 0x0000002a43d00000,0x0000002a43e00000] [id=14408]
  0x0000022216e32000 GCTaskThread "GC Thread#5" [stack: 0x0000002a43e00000,0x0000002a43f00000] [id=18076]
  0x000002227147e800 ConcurrentGCThread "G1 Main Marker" [stack: 0x0000002a42700000,0x0000002a42800000] [id=9876]
  0x0000022271480000 ConcurrentGCThread "G1 Conc#0" [stack: 0x0000002a42800000,0x0000002a42900000] [id=11404]
  0x000002221758c800 ConcurrentGCThread "G1 Conc#1" [stack: 0x0000002a43f00000,0x0000002a44000000] [id=9084]
  0x000002221758f800 ConcurrentGCThread "G1 Conc#2" [stack: 0x0000002a44000000,0x0000002a44100000] [id=17468]
  0x000002221548f800 ConcurrentGCThread "G1 Refine#0" [stack: 0x0000002a42900000,0x0000002a42a00000] [id=20212]
  0x0000022215492000 ConcurrentGCThread "G1 Young RemSet Sampling" [stack: 0x0000002a42a00000,0x0000002a42b00000] [id=2504]

Threads with active compile tasks:
C2 CompilerThread1    57855 6805       4       com.sun.crypto.provider.AESCrypt::makeSessionKey (790 bytes)

VM state:not at safepoint (normal execution)

VM Mutex/Monitor currently owned by a thread: None

Heap address: 0x0000000702000000, size: 4064 MB, Compressed Oops mode: Zero based, Oop shift amount: 3
Narrow klass base: 0x0000000800000000, Narrow klass shift: 3
Compressed class space size: 1073741824 Address: 0x0000000800b30000

Heap:
 garbage-first heap   total 126976K, used 37336K [0x0000000702000000, 0x0000000800000000)
  region size 1024K, 12 young (12288K), 7 survivors (7168K)
 Metaspace       used 46278K, capacity 47060K, committed 47132K, reserved 1091584K
  class space    used 5508K, capacity 5748K, committed 5784K, reserved 1048576K
Heap Regions: E=young(eden), S=young(survivor), O=old, HS=humongous(starts), HC=humongous(continues), CS=collection set, F=free, OA=open archive, CA=closed archive, TAMS=top-at-mark-start (previous, next)
|   0|0x0000000702000000, 0x0000000702100000, 0x0000000702100000|100%| O|  |TAMS 0x0000000702100000, 0x0000000702000000| Untracked 
|   1|0x0000000702100000, 0x0000000702200000, 0x0000000702200000|100%| O|  |TAMS 0x0000000702200000, 0x0000000702100000| Untracked 
|   2|0x0000000702200000, 0x0000000702300000, 0x0000000702300000|100%| O|  |TAMS 0x0000000702300000, 0x0000000702200000| Untracked 
|   3|0x0000000702300000, 0x0000000702400000, 0x0000000702400000|100%| O|  |TAMS 0x0000000702400000, 0x0000000702300000| Untracked 
|   4|0x0000000702400000, 0x0000000702500000, 0x0000000702500000|100%| O|  |TAMS 0x0000000702500000, 0x0000000702400000| Untracked 
|   5|0x0000000702500000, 0x0000000702515800, 0x0000000702600000|  8%| O|  |TAMS 0x0000000702515800, 0x0000000702500000| Untracked 
|   6|0x0000000702600000, 0x0000000702700000, 0x0000000702700000|100%| O|  |TAMS 0x0000000702700000, 0x0000000702600000| Untracked 
|   7|0x0000000702700000, 0x0000000702800000, 0x0000000702800000|100%| O|  |TAMS 0x0000000702800000, 0x0000000702700000| Untracked 
|   8|0x0000000702800000, 0x0000000702900000, 0x0000000702900000|100%| O|  |TAMS 0x0000000702900000, 0x0000000702800000| Untracked 
|   9|0x0000000702900000, 0x0000000702a00000, 0x0000000702a00000|100%| O|  |TAMS 0x0000000702a00000, 0x0000000702900000| Untracked 
|  10|0x0000000702a00000, 0x0000000702b00000, 0x0000000702b00000|100%| O|  |TAMS 0x0000000702b00000, 0x0000000702a00000| Untracked 
|  11|0x0000000702b00000, 0x0000000702c00000, 0x0000000702c00000|100%| O|  |TAMS 0x0000000702c00000, 0x0000000702b00000| Untracked 
|  12|0x0000000702c00000, 0x0000000702d00000, 0x0000000702d00000|100%| O|  |TAMS 0x0000000702d00000, 0x0000000702c00000| Untracked 
|  13|0x0000000702d00000, 0x0000000702e00000, 0x0000000702e00000|100%| O|  |TAMS 0x0000000702e00000, 0x0000000702d00000| Untracked 
|  14|0x0000000702e00000, 0x0000000702f00000, 0x0000000702f00000|100%| O|  |TAMS 0x0000000702f00000, 0x0000000702e00000| Untracked 
|  15|0x0000000702f00000, 0x0000000703000000, 0x0000000703000000|100%| O|  |TAMS 0x0000000703000000, 0x0000000702f00000| Untracked 
|  16|0x0000000703000000, 0x0000000703100000, 0x0000000703100000|100%| O|  |TAMS 0x0000000703100000, 0x0000000703000000| Untracked 
|  17|0x0000000703100000, 0x0000000703200000, 0x0000000703200000|100%| O|  |TAMS 0x0000000703200000, 0x0000000703100000| Untracked 
|  18|0x0000000703200000, 0x0000000703300000, 0x0000000703300000|100%| O|  |TAMS 0x0000000703300000, 0x0000000703200000| Untracked 
|  19|0x0000000703300000, 0x0000000703400000, 0x0000000703400000|100%| O|  |TAMS 0x0000000703400000, 0x0000000703300000| Untracked 
|  20|0x0000000703400000, 0x0000000703500000, 0x0000000703500000|100%| O|  |TAMS 0x0000000703500000, 0x0000000703400000| Untracked 
|  21|0x0000000703500000, 0x0000000703600000, 0x0000000703600000|100%| O|  |TAMS 0x0000000703600000, 0x0000000703500000| Untracked 
|  22|0x0000000703600000, 0x00000007036b7000, 0x0000000703700000| 71%| O|  |TAMS 0x00000007036b7000, 0x0000000703600000| Untracked 
|  23|0x0000000703700000, 0x0000000703700000, 0x0000000703800000|  0%| F|  |TAMS 0x0000000703700000, 0x0000000703700000| Untracked 
|  24|0x0000000703800000, 0x0000000703800000, 0x0000000703900000|  0%| F|  |TAMS 0x0000000703800000, 0x0000000703800000| Untracked 
|  25|0x0000000703900000, 0x0000000703900000, 0x0000000703a00000|  0%| F|  |TAMS 0x0000000703900000, 0x0000000703900000| Untracked 
|  26|0x0000000703a00000, 0x0000000703a00000, 0x0000000703b00000|  0%| F|  |TAMS 0x0000000703a00000, 0x0000000703a00000| Untracked 
|  27|0x0000000703b00000, 0x0000000703b00000, 0x0000000703c00000|  0%| F|  |TAMS 0x0000000703b00000, 0x0000000703b00000| Untracked 
|  28|0x0000000703c00000, 0x0000000703c00000, 0x0000000703d00000|  0%| F|  |TAMS 0x0000000703c00000, 0x0000000703c00000| Untracked 
|  29|0x0000000703d00000, 0x0000000703d00000, 0x0000000703e00000|  0%| F|  |TAMS 0x0000000703d00000, 0x0000000703d00000| Untracked 
|  30|0x0000000703e00000, 0x0000000703e00000, 0x0000000703f00000|  0%| F|  |TAMS 0x0000000703e00000, 0x0000000703e00000| Untracked 
|  31|0x0000000703f00000, 0x0000000703f00000, 0x0000000704000000|  0%| F|  |TAMS 0x0000000703f00000, 0x0000000703f00000| Untracked 
|  32|0x0000000704000000, 0x0000000704000000, 0x0000000704100000|  0%| F|  |TAMS 0x0000000704000000, 0x0000000704000000| Untracked 
|  33|0x0000000704100000, 0x0000000704100000, 0x0000000704200000|  0%| F|  |TAMS 0x0000000704100000, 0x0000000704100000| Untracked 
|  34|0x0000000704200000, 0x0000000704200000, 0x0000000704300000|  0%| F|  |TAMS 0x0000000704200000, 0x0000000704200000| Untracked 
|  35|0x0000000704300000, 0x0000000704300000, 0x0000000704400000|  0%| F|  |TAMS 0x0000000704300000, 0x0000000704300000| Untracked 
|  36|0x0000000704400000, 0x0000000704400000, 0x0000000704500000|  0%| F|  |TAMS 0x0000000704400000, 0x0000000704400000| Untracked 
|  37|0x0000000704500000, 0x0000000704500000, 0x0000000704600000|  0%| F|  |TAMS 0x0000000704500000, 0x0000000704500000| Untracked 
|  38|0x0000000704600000, 0x0000000704600000, 0x0000000704700000|  0%| F|  |TAMS 0x0000000704600000, 0x0000000704600000| Untracked 
|  39|0x0000000704700000, 0x00000007047a9ba0, 0x0000000704800000| 66%| S|CS|TAMS 0x0000000704700000, 0x0000000704700000| Complete 
|  40|0x0000000704800000, 0x0000000704900000, 0x0000000704900000|100%| S|CS|TAMS 0x0000000704800000, 0x0000000704800000| Complete 
|  41|0x0000000704900000, 0x0000000704a00000, 0x0000000704a00000|100%| S|CS|TAMS 0x0000000704900000, 0x0000000704900000| Complete 
|  42|0x0000000704a00000, 0x0000000704b00000, 0x0000000704b00000|100%| S|CS|TAMS 0x0000000704a00000, 0x0000000704a00000| Complete 
|  43|0x0000000704b00000, 0x0000000704c00000, 0x0000000704c00000|100%| S|CS|TAMS 0x0000000704b00000, 0x0000000704b00000| Complete 
|  44|0x0000000704c00000, 0x0000000704d00000, 0x0000000704d00000|100%| S|CS|TAMS 0x0000000704c00000, 0x0000000704c00000| Complete 
|  45|0x0000000704d00000, 0x0000000704e00000, 0x0000000704e00000|100%| S|CS|TAMS 0x0000000704d00000, 0x0000000704d00000| Complete 
|  46|0x0000000704e00000, 0x0000000704e00000, 0x0000000704f00000|  0%| F|  |TAMS 0x0000000704e00000, 0x0000000704e00000| Untracked 
|  47|0x0000000704f00000, 0x0000000704f00000, 0x0000000705000000|  0%| F|  |TAMS 0x0000000704f00000, 0x0000000704f00000| Untracked 
|  48|0x0000000705000000, 0x0000000705000000, 0x0000000705100000|  0%| F|  |TAMS 0x0000000705000000, 0x0000000705000000| Untracked 
|  49|0x0000000705100000, 0x0000000705100000, 0x0000000705200000|  0%| F|  |TAMS 0x0000000705100000, 0x0000000705100000| Untracked 
|  50|0x0000000705200000, 0x0000000705200000, 0x0000000705300000|  0%| F|  |TAMS 0x0000000705200000, 0x0000000705200000| Untracked 
|  51|0x0000000705300000, 0x0000000705300000, 0x0000000705400000|  0%| F|  |TAMS 0x0000000705300000, 0x0000000705300000| Untracked 
|  52|0x0000000705400000, 0x0000000705400000, 0x0000000705500000|  0%| F|  |TAMS 0x0000000705400000, 0x0000000705400000| Untracked 
|  53|0x0000000705500000, 0x0000000705500000, 0x0000000705600000|  0%| F|  |TAMS 0x0000000705500000, 0x0000000705500000| Untracked 
|  54|0x0000000705600000, 0x0000000705600000, 0x0000000705700000|  0%| F|  |TAMS 0x0000000705600000, 0x0000000705600000| Untracked 
|  55|0x0000000705700000, 0x0000000705700000, 0x0000000705800000|  0%| F|  |TAMS 0x0000000705700000, 0x0000000705700000| Untracked 
|  56|0x0000000705800000, 0x0000000705800000, 0x0000000705900000|  0%| F|  |TAMS 0x0000000705800000, 0x0000000705800000| Untracked 
|  57|0x0000000705900000, 0x0000000705900000, 0x0000000705a00000|  0%| F|  |TAMS 0x0000000705900000, 0x0000000705900000| Untracked 
|  58|0x0000000705a00000, 0x0000000705a00000, 0x0000000705b00000|  0%| F|  |TAMS 0x0000000705a00000, 0x0000000705a00000| Untracked 
|  59|0x0000000705b00000, 0x0000000705b00000, 0x0000000705c00000|  0%| F|  |TAMS 0x0000000705b00000, 0x0000000705b00000| Untracked 
|  60|0x0000000705c00000, 0x0000000705c00000, 0x0000000705d00000|  0%| F|  |TAMS 0x0000000705c00000, 0x0000000705c00000| Untracked 
|  61|0x0000000705d00000, 0x0000000705d00000, 0x0000000705e00000|  0%| F|  |TAMS 0x0000000705d00000, 0x0000000705d00000| Untracked 
|  62|0x0000000705e00000, 0x0000000705e00000, 0x0000000705f00000|  0%| F|  |TAMS 0x0000000705e00000, 0x0000000705e00000| Untracked 
|  63|0x0000000705f00000, 0x0000000705f00000, 0x0000000706000000|  0%| F|  |TAMS 0x0000000705f00000, 0x0000000705f00000| Untracked 
|  64|0x0000000706000000, 0x0000000706000000, 0x0000000706100000|  0%| F|  |TAMS 0x0000000706000000, 0x0000000706000000| Untracked 
|  65|0x0000000706100000, 0x0000000706100000, 0x0000000706200000|  0%| F|  |TAMS 0x0000000706100000, 0x0000000706100000| Untracked 
|  66|0x0000000706200000, 0x0000000706200000, 0x0000000706300000|  0%| F|  |TAMS 0x0000000706200000, 0x0000000706200000| Untracked 
|  67|0x0000000706300000, 0x0000000706300000, 0x0000000706400000|  0%| F|  |TAMS 0x0000000706300000, 0x0000000706300000| Untracked 
|  68|0x0000000706400000, 0x0000000706400000, 0x0000000706500000|  0%| F|  |TAMS 0x0000000706400000, 0x0000000706400000| Untracked 
|  69|0x0000000706500000, 0x0000000706500000, 0x0000000706600000|  0%| F|  |TAMS 0x0000000706500000, 0x0000000706500000| Untracked 
|  70|0x0000000706600000, 0x0000000706600000, 0x0000000706700000|  0%| F|  |TAMS 0x0000000706600000, 0x0000000706600000| Untracked 
|  71|0x0000000706700000, 0x0000000706700000, 0x0000000706800000|  0%| F|  |TAMS 0x0000000706700000, 0x0000000706700000| Untracked 
|  72|0x0000000706800000, 0x0000000706800000, 0x0000000706900000|  0%| F|  |TAMS 0x0000000706800000, 0x0000000706800000| Untracked 
|  73|0x0000000706900000, 0x0000000706900000, 0x0000000706a00000|  0%| F|  |TAMS 0x0000000706900000, 0x0000000706900000| Untracked 
|  74|0x0000000706a00000, 0x0000000706a00000, 0x0000000706b00000|  0%| F|  |TAMS 0x0000000706a00000, 0x0000000706a00000| Untracked 
|  75|0x0000000706b00000, 0x0000000706b00000, 0x0000000706c00000|  0%| F|  |TAMS 0x0000000706b00000, 0x0000000706b00000| Untracked 
|  76|0x0000000706c00000, 0x0000000706c00000, 0x0000000706d00000|  0%| F|  |TAMS 0x0000000706c00000, 0x0000000706c00000| Untracked 
|  77|0x0000000706d00000, 0x0000000706d00000, 0x0000000706e00000|  0%| F|  |TAMS 0x0000000706d00000, 0x0000000706d00000| Untracked 
|  78|0x0000000706e00000, 0x0000000706e00000, 0x0000000706f00000|  0%| F|  |TAMS 0x0000000706e00000, 0x0000000706e00000| Untracked 
|  79|0x0000000706f00000, 0x0000000706f00000, 0x0000000707000000|  0%| F|  |TAMS 0x0000000706f00000, 0x0000000706f00000| Untracked 
|  80|0x0000000707000000, 0x0000000707000000, 0x0000000707100000|  0%| F|  |TAMS 0x0000000707000000, 0x0000000707000000| Untracked 
|  81|0x0000000707100000, 0x0000000707100000, 0x0000000707200000|  0%| F|  |TAMS 0x0000000707100000, 0x0000000707100000| Untracked 
|  82|0x0000000707200000, 0x0000000707200000, 0x0000000707300000|  0%| F|  |TAMS 0x0000000707200000, 0x0000000707200000| Untracked 
|  83|0x0000000707300000, 0x0000000707300000, 0x0000000707400000|  0%| F|  |TAMS 0x0000000707300000, 0x0000000707300000| Untracked 
|  84|0x0000000707400000, 0x0000000707400000, 0x0000000707500000|  0%| F|  |TAMS 0x0000000707400000, 0x0000000707400000| Untracked 
|  85|0x0000000707500000, 0x0000000707500000, 0x0000000707600000|  0%| F|  |TAMS 0x0000000707500000, 0x0000000707500000| Untracked 
|  86|0x0000000707600000, 0x0000000707600000, 0x0000000707700000|  0%| F|  |TAMS 0x0000000707600000, 0x0000000707600000| Untracked 
|  87|0x0000000707700000, 0x0000000707700000, 0x0000000707800000|  0%| F|  |TAMS 0x0000000707700000, 0x0000000707700000| Untracked 
|  88|0x0000000707800000, 0x0000000707800000, 0x0000000707900000|  0%| F|  |TAMS 0x0000000707800000, 0x0000000707800000| Untracked 
|  89|0x0000000707900000, 0x0000000707900000, 0x0000000707a00000|  0%| F|  |TAMS 0x0000000707900000, 0x0000000707900000| Untracked 
|  90|0x0000000707a00000, 0x0000000707a00000, 0x0000000707b00000|  0%| F|  |TAMS 0x0000000707a00000, 0x0000000707a00000| Untracked 
|  91|0x0000000707b00000, 0x0000000707b00000, 0x0000000707c00000|  0%| F|  |TAMS 0x0000000707b00000, 0x0000000707b00000| Untracked 
|  92|0x0000000707c00000, 0x0000000707c00000, 0x0000000707d00000|  0%| F|  |TAMS 0x0000000707c00000, 0x0000000707c00000| Untracked 
|  93|0x0000000707d00000, 0x0000000707d00000, 0x0000000707e00000|  0%| F|  |TAMS 0x0000000707d00000, 0x0000000707d00000| Untracked 
|  94|0x0000000707e00000, 0x0000000707e00000, 0x0000000707f00000|  0%| F|  |TAMS 0x0000000707e00000, 0x0000000707e00000| Untracked 
|  95|0x0000000707f00000, 0x0000000707f00000, 0x0000000708000000|  0%| F|  |TAMS 0x0000000707f00000, 0x0000000707f00000| Untracked 
|  96|0x0000000708000000, 0x0000000708000000, 0x0000000708100000|  0%| F|  |TAMS 0x0000000708000000, 0x0000000708000000| Untracked 
|  97|0x0000000708100000, 0x0000000708100000, 0x0000000708200000|  0%| F|  |TAMS 0x0000000708100000, 0x0000000708100000| Untracked 
|  98|0x0000000708200000, 0x0000000708200000, 0x0000000708300000|  0%| F|  |TAMS 0x0000000708200000, 0x0000000708200000| Untracked 
|  99|0x0000000708300000, 0x0000000708300000, 0x0000000708400000|  0%| F|  |TAMS 0x0000000708300000, 0x0000000708300000| Untracked 
| 100|0x0000000708400000, 0x0000000708400000, 0x0000000708500000|  0%| F|  |TAMS 0x0000000708400000, 0x0000000708400000| Untracked 
| 101|0x0000000708500000, 0x0000000708500000, 0x0000000708600000|  0%| F|  |TAMS 0x0000000708500000, 0x0000000708500000| Untracked 
| 102|0x0000000708600000, 0x0000000708600000, 0x0000000708700000|  0%| F|  |TAMS 0x0000000708600000, 0x0000000708600000| Untracked 
| 103|0x0000000708700000, 0x0000000708700000, 0x0000000708800000|  0%| F|  |TAMS 0x0000000708700000, 0x0000000708700000| Untracked 
| 104|0x0000000708800000, 0x0000000708800000, 0x0000000708900000|  0%| F|  |TAMS 0x0000000708800000, 0x0000000708800000| Untracked 
| 105|0x0000000708900000, 0x0000000708900000, 0x0000000708a00000|  0%| F|  |TAMS 0x0000000708900000, 0x0000000708900000| Untracked 
| 106|0x0000000708a00000, 0x0000000708a00000, 0x0000000708b00000|  0%| F|  |TAMS 0x0000000708a00000, 0x0000000708a00000| Untracked 
| 107|0x0000000708b00000, 0x0000000708b00000, 0x0000000708c00000|  0%| F|  |TAMS 0x0000000708b00000, 0x0000000708b00000| Untracked 
| 108|0x0000000708c00000, 0x0000000708c00000, 0x0000000708d00000|  0%| F|  |TAMS 0x0000000708c00000, 0x0000000708c00000| Untracked 
| 109|0x0000000708d00000, 0x0000000708d00000, 0x0000000708e00000|  0%| F|  |TAMS 0x0000000708d00000, 0x0000000708d00000| Untracked 
| 110|0x0000000708e00000, 0x0000000708e00000, 0x0000000708f00000|  0%| F|  |TAMS 0x0000000708e00000, 0x0000000708e00000| Untracked 
| 111|0x0000000708f00000, 0x0000000708f00000, 0x0000000709000000|  0%| F|  |TAMS 0x0000000708f00000, 0x0000000708f00000| Untracked 
| 112|0x0000000709000000, 0x0000000709000000, 0x0000000709100000|  0%| F|  |TAMS 0x0000000709000000, 0x0000000709000000| Untracked 
| 150|0x000000070b600000, 0x000000070b600000, 0x000000070b700000|  0%| F|  |TAMS 0x000000070b600000, 0x000000070b600000| Untracked 
| 151|0x000000070b700000, 0x000000070b700000, 0x000000070b800000|  0%| F|  |TAMS 0x000000070b700000, 0x000000070b700000| Untracked 
| 152|0x000000070b800000, 0x000000070b883170, 0x000000070b900000| 51%| E|  |TAMS 0x000000070b800000, 0x000000070b800000| Complete 
| 153|0x000000070b900000, 0x000000070ba00000, 0x000000070ba00000|100%| E|CS|TAMS 0x000000070b900000, 0x000000070b900000| Complete 
| 154|0x000000070ba00000, 0x000000070bb00000, 0x000000070bb00000|100%| E|CS|TAMS 0x000000070ba00000, 0x000000070ba00000| Complete 
| 155|0x000000070bb00000, 0x000000070bc00000, 0x000000070bc00000|100%| E|CS|TAMS 0x000000070bb00000, 0x000000070bb00000| Complete 
| 253|0x0000000711d00000, 0x0000000711e00000, 0x0000000711e00000|100%| E|CS|TAMS 0x0000000711d00000, 0x0000000711d00000| Complete 
|4060|0x00000007ffc00000, 0x00000007ffd00000, 0x00000007ffd00000|100%| O|  |TAMS 0x00000007ffd00000, 0x00000007ffc00000| Untracked 
|4061|0x00000007ffd00000, 0x00000007ffe00000, 0x00000007ffe00000|100%| O|  |TAMS 0x00000007ffe00000, 0x00000007ffd00000| Untracked 
|4062|0x00000007ffe00000, 0x00000007fff00000, 0x00000007fff00000|100%| O|  |TAMS 0x00000007fff00000, 0x00000007ffe00000| Untracked 
|4063|0x00000007fff00000, 0x0000000800000000, 0x0000000800000000|100%| O|  |TAMS 0x0000000800000000, 0x00000007fff00000| Untracked 

Card table byte_map: [0x000002227a8f0000,0x000002227b0e0000] _byte_map_base: 0x00000222770e0000

Marking Bits (Prev, Next): (CMBitMap*) 0x000002227145c938, (CMBitMap*) 0x000002227145c978
 Prev Bits: [0x000002227b8d0000, 0x000002227f850000)
 Next Bits: [0x000002220f000000, 0x0000022212f80000)

Polling page: 0x000002226f380000

Metaspace:

Usage:
  Non-class:     40.34 MB capacity,    39.81 MB ( 99%) used,   456.17 KB (  1%) free+waste,    85.81 KB ( <1%) overhead. 
      Class:      5.61 MB capacity,     5.38 MB ( 96%) used,   203.75 KB (  4%) free+waste,    36.19 KB ( <1%) overhead. 
       Both:     45.96 MB capacity,    45.19 MB ( 98%) used,   659.92 KB (  1%) free+waste,   122.00 KB ( <1%) overhead. 

Virtual space:
  Non-class space:       42.00 MB reserved,      40.38 MB ( 96%) committed 
      Class space:        1.00 GB reserved,       5.65 MB ( <1%) committed 
             Both:        1.04 GB reserved,      46.03 MB (  4%) committed 

Chunk freelists:
   Non-Class:  36.00 KB
       Class:  12.00 KB
        Both:  48.00 KB

MaxMetaspaceSize: 17179869184.00 GB
CompressedClassSpaceSize: 1.00 GB

CodeHeap 'non-profiled nmethods': size=120000Kb used=5022Kb max_used=5022Kb free=114977Kb
 bounds [0x0000022207ad0000, 0x0000022207fc0000, 0x000002220f000000]
CodeHeap 'profiled nmethods': size=120000Kb used=14045Kb max_used=14045Kb free=105954Kb
 bounds [0x00000222005a0000, 0x0000022201360000, 0x0000022207ad0000]
CodeHeap 'non-nmethods': size=5760Kb used=1313Kb max_used=1362Kb free=4446Kb
 bounds [0x0000022200000000, 0x0000022200270000, 0x00000222005a0000]
 total_blobs=9482 nmethods=6116 adapters=509
 compilation: enabled
              stopped_count=0, restarted_count=0
 full_count=0

Compilation events (20 events):
Event: 57.826 Thread 0x0000022215e54000 nmethod 6800 0x0000022201354b90 code [0x0000022201354d20, 0x0000022201354e78]
Event: 57.827 Thread 0x0000022215e54000 6801       1       java.nio.charset.CharsetEncoder::averageBytesPerChar (5 bytes)
Event: 57.827 Thread 0x0000022215e54000 nmethod 6801 0x0000022207fb6810 code [0x0000022207fb69a0, 0x0000022207fb6a78]
Event: 57.827 Thread 0x0000022215e54000 6802       3       java.nio.charset.CharsetEncoder::reset (11 bytes)
Event: 57.827 Thread 0x0000022215e54000 nmethod 6802 0x0000022201354f10 code [0x00000222013550c0, 0x00000222013552c8]
Event: 57.827 Thread 0x0000022215e54000 6803       3       java.nio.charset.CharsetEncoder::implReset (1 bytes)
Event: 57.827 Thread 0x0000022215e54000 nmethod 6803 0x0000022201355390 code [0x0000022201355520, 0x0000022201355638]
Event: 57.834 Thread 0x0000022215e54000 6804       3       oracle.jdbc.driver.T4CMAREngineNIO::unmarshalSB1 (8 bytes)
Event: 57.834 Thread 0x000002221c999000 6805       4       com.sun.crypto.provider.AESCrypt::makeSessionKey (790 bytes)
Event: 57.834 Thread 0x0000022215e54000 nmethod 6804 0x0000022201355710 code [0x00000222013558c0, 0x0000022201355a08]
Event: 57.834 Thread 0x0000022215e54000 6806       3       java.util.regex.Pattern$CharPredicate$$Lambda$142/0x0000000800fb6440::is (17 bytes)
Event: 57.834 Thread 0x0000022215e54000 nmethod 6806 0x0000022201355a90 code [0x0000022201355c40, 0x0000022201355e28]
Event: 57.834 Thread 0x0000022215e54000 6807       3       java.util.regex.Pattern$CharPredicate::lambda$union$2 (36 bytes)
Event: 57.834 Thread 0x0000022215e54000 nmethod 6807 0x0000022201355f10 code [0x00000222013560e0, 0x0000022201356548]
Event: 57.834 Thread 0x0000022215e54000 6808       3       java.util.regex.CharPredicates$$Lambda$139/0x0000000800fb7440::is (5 bytes)
Event: 57.834 Thread 0x0000022215e51000 6810       4       java.lang.AbstractStringBuilder::append (54 bytes)
Event: 57.835 Thread 0x0000022215e54000 nmethod 6808 0x0000022201356690 code [0x0000022201356880, 0x0000022201356d18]
Event: 57.835 Thread 0x0000022215e54000 6809       3       java.lang.Character::isAlphabetic (30 bytes)
Event: 57.835 Thread 0x0000022215e54000 nmethod 6809 0x0000022201356e90 code [0x0000022201357060, 0x0000022201357458]
Event: 57.840 Thread 0x0000022215e51000 nmethod 6810 0x0000022207fb6b10 code [0x0000022207fb6d80, 0x0000022207fb7620]

GC Heap History (18 events):
Event: 0.512 GC heap before
{Heap before GC invocations=0 (full 0):
 garbage-first heap   total 260096K, used 23552K [0x0000000702000000, 0x0000000800000000)
  region size 1024K, 23 young (23552K), 0 survivors (0K)
 Metaspace       used 6361K, capacity 7497K, committed 7680K, reserved 1056768K
  class space    used 801K, capacity 926K, committed 1024K, reserved 1048576K
}
Event: 0.515 GC heap after
{Heap after GC invocations=1 (full 0):
 garbage-first heap   total 260096K, used 5045K [0x0000000702000000, 0x0000000800000000)
  region size 1024K, 3 young (3072K), 3 survivors (3072K)
 Metaspace       used 6361K, capacity 7497K, committed 7680K, reserved 1056768K
  class space    used 801K, capacity 926K, committed 1024K, reserved 1048576K
}
Event: 0.722 GC heap before
{Heap before GC invocations=1 (full 0):
 garbage-first heap   total 260096K, used 34741K [0x0000000702000000, 0x0000000800000000)
  region size 1024K, 32 young (32768K), 3 survivors (3072K)
 Metaspace       used 13749K, capacity 14041K, committed 14336K, reserved 1062912K
  class space    used 1669K, capacity 1751K, committed 1792K, reserved 1048576K
}
Event: 0.726 GC heap after
{Heap after GC invocations=2 (full 0):
 garbage-first heap   total 260096K, used 7035K [0x0000000702000000, 0x0000000800000000)
  region size 1024K, 2 young (2048K), 2 survivors (2048K)
 Metaspace       used 13749K, capacity 14041K, committed 14336K, reserved 1062912K
  class space    used 1669K, capacity 1751K, committed 1792K, reserved 1048576K
}
Event: 1.529 GC heap before
{Heap before GC invocations=2 (full 0):
 garbage-first heap   total 260096K, used 104315K [0x0000000702000000, 0x0000000800000000)
  region size 1024K, 98 young (100352K), 2 survivors (2048K)
 Metaspace       used 20746K, capacity 21138K, committed 21296K, reserved 1069056K
  class space    used 2514K, capacity 2628K, committed 2688K, reserved 1048576K
}
Event: 1.535 GC heap after
{Heap after GC invocations=3 (full 0):
 garbage-first heap   total 260096K, used 11865K [0x0000000702000000, 0x0000000800000000)
  region size 1024K, 7 young (7168K), 7 survivors (7168K)
 Metaspace       used 20746K, capacity 21138K, committed 21296K, reserved 1069056K
  class space    used 2514K, capacity 2628K, committed 2688K, reserved 1048576K
}
Event: 1.850 GC heap before
{Heap before GC invocations=4 (full 0):
 garbage-first heap   total 48128K, used 41561K [0x0000000702000000, 0x0000000800000000)
  region size 1024K, 36 young (36864K), 7 survivors (7168K)
 Metaspace       used 25391K, capacity 25883K, committed 25980K, reserved 1073152K
  class space    used 3083K, capacity 3248K, committed 3276K, reserved 1048576K
}
Event: 1.858 GC heap after
{Heap after GC invocations=5 (full 0):
 garbage-first heap   total 55296K, used 17437K [0x0000000702000000, 0x0000000800000000)
  region size 1024K, 5 young (5120K), 5 survivors (5120K)
 Metaspace       used 25391K, capacity 25883K, committed 25980K, reserved 1073152K
  class space    used 3083K, capacity 3248K, committed 3276K, reserved 1048576K
}
Event: 2.036 GC heap before
{Heap before GC invocations=5 (full 0):
 garbage-first heap   total 55296K, used 35869K [0x0000000702000000, 0x0000000800000000)
  region size 1024K, 24 young (24576K), 5 survivors (5120K)
 Metaspace       used 26875K, capacity 27364K, committed 27516K, reserved 1073152K
  class space    used 3259K, capacity 3442K, committed 3532K, reserved 1048576K
}
Event: 2.040 GC heap after
{Heap after GC invocations=6 (full 0):
 garbage-first heap   total 157696K, used 19340K [0x0000000702000000, 0x0000000800000000)
  region size 1024K, 2 young (2048K), 2 survivors (2048K)
 Metaspace       used 26875K, capacity 27364K, committed 27516K, reserved 1073152K
  class space    used 3259K, capacity 3442K, committed 3532K, reserved 1048576K
}
Event: 2.736 GC heap before
{Heap before GC invocations=6 (full 0):
 garbage-first heap   total 157696K, used 111500K [0x0000000702000000, 0x0000000800000000)
  region size 1024K, 92 young (94208K), 2 survivors (2048K)
 Metaspace       used 32375K, capacity 32881K, committed 33020K, reserved 1079296K
  class space    used 3870K, capacity 4042K, committed 4172K, reserved 1048576K
}
Event: 2.745 GC heap after
{Heap after GC invocations=7 (full 0):
 garbage-first heap   total 157696K, used 26642K [0x0000000702000000, 0x0000000800000000)
  region size 1024K, 9 young (9216K), 9 survivors (9216K)
 Metaspace       used 32375K, capacity 32881K, committed 33020K, reserved 1079296K
  class space    used 3870K, capacity 4042K, committed 4172K, reserved 1048576K
}
Event: 3.283 GC heap before
{Heap before GC invocations=7 (full 0):
 garbage-first heap   total 157696K, used 111634K [0x0000000702000000, 0x0000000800000000)
  region size 1024K, 92 young (94208K), 9 survivors (9216K)
 Metaspace       used 34698K, capacity 35250K, committed 35580K, reserved 1081344K
  class space    used 4158K, capacity 4348K, committed 4428K, reserved 1048576K
}
Event: 3.290 GC heap after
{Heap after GC invocations=8 (full 0):
 garbage-first heap   total 157696K, used 29490K [0x0000000702000000, 0x0000000800000000)
  region size 1024K, 3 young (3072K), 3 survivors (3072K)
 Metaspace       used 34698K, capacity 35250K, committed 35580K, reserved 1081344K
  class space    used 4158K, capacity 4348K, committed 4428K, reserved 1048576K
}
Event: 3.586 GC heap before
{Heap before GC invocations=8 (full 0):
 garbage-first heap   total 157696K, used 90930K [0x0000000702000000, 0x0000000800000000)
  region size 1024K, 64 young (65536K), 3 survivors (3072K)
 Metaspace       used 35416K, capacity 35964K, committed 36048K, reserved 1081344K
  class space    used 4219K, capacity 4415K, committed 4428K, reserved 1048576K
}
Event: 3.590 GC heap after
{Heap after GC invocations=9 (full 0):
 garbage-first heap   total 157696K, used 29108K [0x0000000702000000, 0x0000000800000000)
  region size 1024K, 3 young (3072K), 3 survivors (3072K)
 Metaspace       used 35416K, capacity 35964K, committed 36048K, reserved 1081344K
  class space    used 4219K, capacity 4415K, committed 4428K, reserved 1048576K
}
Event: 57.691 GC heap before
{Heap before GC invocations=10 (full 0):
 garbage-first heap   total 126976K, used 101812K [0x0000000702000000, 0x0000000800000000)
  region size 1024K, 74 young (75776K), 3 survivors (3072K)
 Metaspace       used 46258K, capacity 46995K, committed 47132K, reserved 1091584K
  class space    used 5508K, capacity 5748K, committed 5784K, reserved 1048576K
}
Event: 57.697 GC heap after
{Heap after GC invocations=11 (full 0):
 garbage-first heap   total 126976K, used 33240K [0x0000000702000000, 0x0000000800000000)
  region size 1024K, 7 young (7168K), 7 survivors (7168K)
 Metaspace       used 46258K, capacity 46995K, committed 47132K, reserved 1091584K
  class space    used 5508K, capacity 5748K, committed 5784K, reserved 1048576K
}

Deoptimization events (20 events):
Event: 57.601 Thread 0x000002221af2e800 Uncommon trap: trap_request=0xffffff45 fr.pc=0x0000022207b9ed70 relative=0x00000000000002d0
Event: 57.601 Thread 0x000002221af2e800 Uncommon trap: reason=unstable_if action=reinterpret pc=0x0000022207b9ed70 method=java.nio.Buffer.<init>(IIIILjdk/internal/access/foreign/MemorySegmentProxy;)V @ 50 c2
Event: 57.601 Thread 0x000002221af2e800 DEOPT PACKING pc=0x0000022207b9ed70 sp=0x0000002a44afd4e0
Event: 57.601 Thread 0x000002221af2e800 DEOPT UNPACKING pc=0x000002220004912f sp=0x0000002a44afd3e8 mode 2
Event: 57.627 Thread 0x000002221af2e800 Uncommon trap: trap_request=0xffffffd6 fr.pc=0x0000022207e9d3dc relative=0x00000000000004fc
Event: 57.627 Thread 0x000002221af2e800 Uncommon trap: reason=array_check action=maybe_recompile pc=0x0000022207e9d3dc method=java.util.HashMap.valuesToArray([Ljava/lang/Object;)[Ljava/lang/Object; @ 62 c2
Event: 57.627 Thread 0x000002221af2e800 DEOPT PACKING pc=0x0000022207e9d3dc sp=0x0000002a44afc720
Event: 57.627 Thread 0x000002221af2e800 DEOPT UNPACKING pc=0x000002220004912f sp=0x0000002a44afc6a8 mode 2
Event: 57.631 Thread 0x000002221af2e800 Uncommon trap: trap_request=0xffffff45 fr.pc=0x0000022207ddda28 relative=0x0000000000000d48
Event: 57.631 Thread 0x000002221af2e800 Uncommon trap: reason=unstable_if action=reinterpret pc=0x0000022207ddda28 method=org.springframework.asm.ClassReader.readFrameType([Ljava/lang/Object;II[C[Lorg/springframework/asm/Label;)I @ 17 c2
Event: 57.631 Thread 0x000002221af2e800 DEOPT PACKING pc=0x0000022207ddda28 sp=0x0000002a44afc460
Event: 57.631 Thread 0x000002221af2e800 DEOPT UNPACKING pc=0x000002220004912f sp=0x0000002a44afc418 mode 2
Event: 57.632 Thread 0x000002221af2e800 DEOPT PACKING pc=0x0000022200b8be8d sp=0x0000002a44afc5c0
Event: 57.632 Thread 0x000002221af2e800 DEOPT UNPACKING pc=0x000002220004964e sp=0x0000002a44afbce8 mode 0
Event: 57.633 Thread 0x000002221af2e800 DEOPT PACKING pc=0x0000022200b8ca2e sp=0x0000002a44afc5c0
Event: 57.633 Thread 0x000002221af2e800 DEOPT UNPACKING pc=0x000002220004964e sp=0x0000002a44afbce8 mode 0
Event: 57.652 Thread 0x000002221af2e800 DEOPT PACKING pc=0x0000022201117a57 sp=0x0000002a44afb210
Event: 57.652 Thread 0x000002221af2e800 DEOPT UNPACKING pc=0x000002220004964e sp=0x0000002a44afa6e0 mode 0
Event: 57.834 Thread 0x000002221af2e800 DEOPT PACKING pc=0x0000022201242b8a sp=0x0000002a44afbaa0
Event: 57.834 Thread 0x000002221af2e800 DEOPT UNPACKING pc=0x000002220004964e sp=0x0000002a44afafc8 mode 0

Classes unloaded (0 events):
No events

Classes redefined (0 events):
No events

Internal exceptions (20 events):
Event: 29.690 Thread 0x000002221af2c000 Exception <a 'java/lang/ClassNotFoundException'{0x000000070853ae60}: org/apache/tomcat/jdbc/pool/PoolConfigurationCustomizer> (0x000000070853ae60) 
thrown [t:/workspace/open/src/hotspot/share/classfile/systemDictionary.cpp, line 226]
Event: 29.693 Thread 0x000002221af2c000 Exception <a 'java/lang/ClassNotFoundException'{0x00000007085c7150}: java/lang/ObjectCustomizer> (0x00000007085c7150) 
thrown [t:/workspace/open/src/hotspot/share/classfile/systemDictionary.cpp, line 226]
Event: 29.694 Thread 0x000002221af2c000 Exception <a 'java/lang/ClassNotFoundException'{0x00000007085d3fd8}: io/swagger/model/AUTORITEMCustomizer> (0x00000007085d3fd8) 
thrown [t:/workspace/open/src/hotspot/share/classfile/systemDictionary.cpp, line 226]
Event: 29.705 Thread 0x000002221af2c000 Exception <a 'java/lang/NoSuchMethodError'{0x00000007084a12f8}: 'void java.lang.invoke.DirectMethodHandle$Holder.invokeStaticInit(java.lang.Object)'> (0x00000007084a12f8) 
thrown [t:/workspace/open/src/hotspot/share/interpreter/linkResolver.cpp, line 766]
Event: 29.721 Thread 0x000002221af2c000 Exception <a 'java/lang/NoClassDefFoundError'{0x0000000708200eb0}: oracle/security/pki/OraclePKIProvider> (0x0000000708200eb0) 
thrown [t:/workspace/open/src/hotspot/share/classfile/systemDictionary.cpp, line 215]
Event: 29.749 Thread 0x000002221af2c000 Implicit null exception at 0x0000022207ce15c8 to 0x0000022207ce1cd8
Event: 29.781 Thread 0x000002221af2c000 Exception <a 'java/lang/NoSuchMethodError'{0x0000000707e8abb0}: 'int java.lang.invoke.DirectMethodHandle$Holder.invokeStaticInit(java.lang.Object, java.lang.Object, java.lang.Object, java.lang.Object)'> (0x0000000707e8abb0) 
thrown [t:/workspace/open/src/hotspot/share/interpreter/linkResolver.cpp, line 766]
Event: 29.782 Thread 0x000002221af2c000 Exception <a 'java/lang/IncompatibleClassChangeError'{0x0000000707e93518}: Found class java.lang.Object, but interface was expected> (0x0000000707e93518) 
thrown [t:/workspace/open/src/hotspot/share/interpreter/linkResolver.cpp, line 832]
Event: 29.782 Thread 0x000002221af2c000 Exception <a 'java/lang/NoSuchMethodError'{0x0000000707e96358}: 'void java.lang.invoke.DirectMethodHandle$Holder.invokeStaticInit(java.lang.Object, java.lang.Object)'> (0x0000000707e96358) 
thrown [t:/workspace/open/src/hotspot/share/interpreter/linkResolver.cpp, line 766]
Event: 29.782 Thread 0x000002221af2c000 Exception <a 'java/lang/NoSuchMethodError'{0x0000000707e9b530}: 'int java.lang.invoke.DirectMethodHandle$Holder.invokeStaticInit(java.lang.Object, java.lang.Object)'> (0x0000000707e9b530) 
thrown [t:/workspace/open/src/hotspot/share/interpreter/linkResolver.cpp, line 766]
Event: 29.786 Thread 0x000002221af2c000 Exception <a 'sun/nio/fs/WindowsException'{0x0000000707ec6888}> (0x0000000707ec6888) 
thrown [t:/workspace/open/src/hotspot/share/prims/jni.cpp, line 599]
Event: 29.818 Thread 0x000002221af2c000 Exception <a 'java/lang/NoSuchMethodError'{0x0000000707cab260}: 'java.lang.Object java.lang.invoke.DirectMethodHandle$Holder.invokeStatic(java.lang.Object, int, java.lang.Object)'> (0x0000000707cab260) 
thrown [t:/workspace/open/src/hotspot/share/interpreter/linkResolver.cpp, line 766]
Event: 29.822 Thread 0x000002221af2c000 Exception <a 'java/lang/NoSuchMethodError'{0x0000000707ce8368}: 'java.lang.Object java.lang.invoke.Invokers$Holder.linkToTargetMethod(java.lang.Object, int, java.lang.Object)'> (0x0000000707ce8368) 
thrown [t:/workspace/open/src/hotspot/share/interpreter/linkResolver.cpp, line 766]
Event: 29.840 Thread 0x000002221af2c000 Exception <a 'java/lang/NoSuchMethodError'{0x0000000707b82600}: 'int java.lang.invoke.DirectMethodHandle$Holder.invokeSpecialIFC(java.lang.Object, java.lang.Object, java.lang.Object)'> (0x0000000707b82600) 
thrown [t:/workspace/open/src/hotspot/share/interpreter/linkResolver.cpp, line 766]
Event: 29.840 Thread 0x000002221af2c000 Exception <a 'java/lang/NoSuchMethodError'{0x0000000707b88320}: 'void java.lang.invoke.DirectMethodHandle$Holder.invokeSpecial(java.lang.Object, java.lang.Object, java.lang.Object, java.lang.Object)'> (0x0000000707b88320) 
thrown [t:/workspace/open/src/hotspot/share/interpreter/linkResolver.cpp, line 766]
Event: 29.849 Thread 0x000002221af2c000 Exception <a 'java/lang/NoSuchMethodError'{0x0000000707a0db68}: 'java.lang.Object java.lang.invoke.DirectMethodHandle$Holder.invokeVirtual(java.lang.Object, java.lang.Object, int)'> (0x0000000707a0db68) 
thrown [t:/workspace/open/src/hotspot/share/interpreter/linkResolver.cpp, line 766]
Event: 57.594 Thread 0x000002221af2a800 Implicit null exception at 0x0000022207ee26ce to 0x0000022207ee81f0
Event: 57.627 Thread 0x000002221af2e800 Exception <a 'java/lang/ClassNotFoundException'{0x000000070537f658}: java/lang/ObjectCustomizer> (0x000000070537f658) 
thrown [t:/workspace/open/src/hotspot/share/classfile/systemDictionary.cpp, line 226]
Event: 57.628 Thread 0x000002221af2e800 Exception <a 'java/lang/ClassNotFoundException'{0x0000000705390450}: org/hibernate/validator/internal/constraintvalidators/bv/PatternValidatorCustomizer> (0x0000000705390450) 
thrown [t:/workspace/open/src/hotspot/share/classfile/systemDictionary.cpp, line 226]
Event: 57.628 Thread 0x000002221af2e800 Exception <a 'java/lang/ClassNotFoundException'{0x000000070539e3f8}: javax/validation/ConstraintValidatorCustomizer> (0x000000070539e3f8) 
thrown [t:/workspace/open/src/hotspot/share/classfile/systemDictionary.cpp, line 226]

Events (20 events):
Event: 57.634 loading class sun/reflect/annotation/AnnotatedTypeFactory$AnnotatedArrayTypeImpl done
Event: 57.637 loading class sun/reflect/annotation/AnnotatedTypeFactory$AnnotatedTypeVariableImpl
Event: 57.637 loading class java/lang/reflect/AnnotatedTypeVariable
Event: 57.637 loading class java/lang/reflect/AnnotatedTypeVariable done
Event: 57.637 loading class sun/reflect/annotation/AnnotatedTypeFactory$AnnotatedTypeVariableImpl done
Event: 57.641 Thread 0x000002221c9a4800 Thread added: 0x000002221c9a4800
Event: 57.644 Executing VM operation: HandshakeOneThread
Event: 57.644 Executing VM operation: HandshakeOneThread done
Event: 57.662 loading class java/text/ParsePosition
Event: 57.662 loading class java/text/ParsePosition done
Event: 57.663 Executing VM operation: HandshakeOneThread
Event: 57.663 Executing VM operation: HandshakeOneThread done
Event: 57.663 Executing VM operation: HandshakeOneThread
Event: 57.663 Executing VM operation: HandshakeOneThread done
Event: 57.667 Executing VM operation: HandshakeOneThread
Event: 57.667 Executing VM operation: HandshakeOneThread done
Event: 57.678 Executing VM operation: HandshakeOneThread
Event: 57.678 Executing VM operation: HandshakeOneThread done
Event: 57.691 Executing VM operation: G1CollectForAllocation
Event: 57.698 Executing VM operation: G1CollectForAllocation done


Dynamic libraries:
0x00007ff723160000 - 0x00007ff72316f000 	C:\Program Files\Java\jdk-14\bin\java.exe
0x00007ffc02070000 - 0x00007ffc02265000 	C:\WINDOWS\SYSTEM32\ntdll.dll
0x00007ffc01900000 - 0x00007ffc019bd000 	C:\WINDOWS\System32\KERNEL32.DLL
0x00007ffbff990000 - 0x00007ffbffc5d000 	C:\WINDOWS\System32\KERNELBASE.dll
0x00007ffbff800000 - 0x00007ffbff900000 	C:\WINDOWS\System32\ucrtbase.dll
0x00007ffbf9d20000 - 0x00007ffbf9d35000 	C:\Program Files\Java\jdk-14\bin\VCRUNTIME140.dll
0x00007ffbf7db0000 - 0x00007ffbf7dc8000 	C:\Program Files\Java\jdk-14\bin\jli.dll
0x00007ffc01840000 - 0x00007ffc018ee000 	C:\WINDOWS\System32\ADVAPI32.dll
0x00007ffc00890000 - 0x00007ffc0092e000 	C:\WINDOWS\System32\msvcrt.dll
0x00007ffc019c0000 - 0x00007ffc01a5c000 	C:\WINDOWS\System32\sechost.dll
0x00007ffc009e0000 - 0x00007ffc00b05000 	C:\WINDOWS\System32\RPCRT4.dll
0x00007ffc00250000 - 0x00007ffc003f0000 	C:\WINDOWS\System32\USER32.dll
0x00007ffbff780000 - 0x00007ffbff7a2000 	C:\WINDOWS\System32\win32u.dll
0x00007ffbeb060000 - 0x00007ffbeb2fa000 	C:\WINDOWS\WinSxS\amd64_microsoft.windows.common-controls_6595b64144ccf1df_6.0.19041.1110_none_60b5254171f9507e\COMCTL32.dll
0x00007ffc00b10000 - 0x00007ffc00b3a000 	C:\WINDOWS\System32\GDI32.dll
0x00007ffbfffb0000 - 0x00007ffc000bb000 	C:\WINDOWS\System32\gdi32full.dll
0x00007ffbfff10000 - 0x00007ffbfffad000 	C:\WINDOWS\System32\msvcp_win.dll
0x00007ffbf80a0000 - 0x00007ffbf80aa000 	C:\WINDOWS\SYSTEM32\VERSION.dll
0x00007ffc02000000 - 0x00007ffc02030000 	C:\WINDOWS\System32\IMM32.DLL
0x00007ffbd2fd0000 - 0x00007ffbd306b000 	C:\Program Files\Java\jdk-14\bin\msvcp140.dll
0x00007ffba1710000 - 0x00007ffba222f000 	C:\Program Files\Java\jdk-14\bin\server\jvm.dll
0x00007ffc00b40000 - 0x00007ffc00b48000 	C:\WINDOWS\System32\PSAPI.DLL
0x00007ffbed4c0000 - 0x00007ffbed4e7000 	C:\WINDOWS\SYSTEM32\WINMM.dll
0x00007ffbe60e0000 - 0x00007ffbe60e9000 	C:\WINDOWS\SYSTEM32\WSOCK32.dll
0x00007ffc00c20000 - 0x00007ffc00c8b000 	C:\WINDOWS\System32\WS2_32.dll
0x00007ffbfe010000 - 0x00007ffbfe022000 	C:\WINDOWS\SYSTEM32\kernel.appcore.dll
0x00007ffbfab90000 - 0x00007ffbfab9a000 	C:\Program Files\Java\jdk-14\bin\jimage.dll
0x00007ffbfd3f0000 - 0x00007ffbfd5d4000 	C:\WINDOWS\SYSTEM32\DBGHELP.DLL
0x00007ffbe5ec0000 - 0x00007ffbe5eec000 	C:\WINDOWS\SYSTEM32\dbgcore.DLL
0x00007ffbff900000 - 0x00007ffbff982000 	C:\WINDOWS\System32\bcryptPrimitives.dll
0x00007ffbf7d00000 - 0x00007ffbf7d0e000 	C:\Program Files\Java\jdk-14\bin\instrument.dll
0x00007ffbf7d60000 - 0x00007ffbf7d85000 	C:\Program Files\Java\jdk-14\bin\java.dll
0x00007ffbf7d30000 - 0x00007ffbf7d47000 	C:\Program Files\Java\jdk-14\bin\zip.dll
0x00007ffc01050000 - 0x00007ffc01794000 	C:\WINDOWS\System32\SHELL32.dll
0x00007ffbfd860000 - 0x00007ffbfdff4000 	C:\WINDOWS\SYSTEM32\windows.storage.dll
0x00007ffc00cf0000 - 0x00007ffc01044000 	C:\WINDOWS\System32\combase.dll
0x00007ffbff1e0000 - 0x00007ffbff20c000 	C:\WINDOWS\SYSTEM32\Wldp.dll
0x00007ffc003f0000 - 0x00007ffc0049d000 	C:\WINDOWS\System32\SHCORE.dll
0x00007ffc00500000 - 0x00007ffc00555000 	C:\WINDOWS\System32\shlwapi.dll
0x00007ffbff6c0000 - 0x00007ffbff6df000 	C:\WINDOWS\SYSTEM32\profapi.dll
0x00007ffbf7c40000 - 0x00007ffbf7c59000 	C:\Program Files\Java\jdk-14\bin\net.dll
0x00007ffbf4e20000 - 0x00007ffbf4f2a000 	C:\WINDOWS\SYSTEM32\WINHTTP.dll
0x00007ffbfef40000 - 0x00007ffbfefaa000 	C:\WINDOWS\system32\mswsock.dll
0x00007ffbf5d10000 - 0x00007ffbf5d22000 	C:\Program Files\Java\jdk-14\bin\nio.dll
0x00007ffbed030000 - 0x00007ffbed04a000 	C:\Program Files\JetBrains\IntelliJ IDEA Community Edition 2020.2.3\bin\breakgen64.dll
0x00007ffbf7cf0000 - 0x00007ffbf7d00000 	C:\Program Files\Java\jdk-14\bin\verify.dll
0x00007ffbf41e0000 - 0x00007ffbf41e9000 	C:\Program Files\Java\jdk-14\bin\management.dll
0x00007ffbf3c60000 - 0x00007ffbf3c6b000 	C:\Program Files\Java\jdk-14\bin\management_ext.dll
0x00007ffbdcfc0000 - 0x00007ffbdcfd7000 	C:\WINDOWS\system32\napinsp.dll
0x00007ffbdcfa0000 - 0x00007ffbdcfbb000 	C:\WINDOWS\system32\pnrpnsp.dll
0x00007ffbfa4c0000 - 0x00007ffbfa4d5000 	C:\WINDOWS\system32\wshbth.dll
0x00007ffbfaa70000 - 0x00007ffbfaa8d000 	C:\WINDOWS\system32\NLAapi.dll
0x00007ffbfebe0000 - 0x00007ffbfec1b000 	C:\WINDOWS\SYSTEM32\IPHLPAPI.DLL
0x00007ffbfec20000 - 0x00007ffbfeceb000 	C:\WINDOWS\SYSTEM32\DNSAPI.dll
0x00007ffc00560000 - 0x00007ffc00568000 	C:\WINDOWS\System32\NSI.dll
0x00007ffbdd030000 - 0x00007ffbdd042000 	C:\WINDOWS\System32\winrnr.dll
0x00007ffbf78f0000 - 0x00007ffbf78fa000 	C:\Windows\System32\rasadhlp.dll
0x00007ffbf4a10000 - 0x00007ffbf4a90000 	C:\WINDOWS\System32\fwpuclnt.dll
0x00007ffbffee0000 - 0x00007ffbfff07000 	C:\WINDOWS\System32\bcrypt.dll
0x00007ffbff130000 - 0x00007ffbff148000 	C:\WINDOWS\SYSTEM32\CRYPTSP.dll
0x00007ffbfe850000 - 0x00007ffbfe884000 	C:\WINDOWS\system32\rsaenh.dll
0x00007ffbff680000 - 0x00007ffbff6ae000 	C:\WINDOWS\SYSTEM32\USERENV.dll
0x00007ffbff150000 - 0x00007ffbff15c000 	C:\WINDOWS\SYSTEM32\CRYPTBASE.dll
0x00007ffbf6e30000 - 0x00007ffbf6e47000 	C:\WINDOWS\SYSTEM32\dhcpcsvc6.DLL
0x00007ffbf6e10000 - 0x00007ffbf6e2d000 	C:\WINDOWS\SYSTEM32\dhcpcsvc.DLL
0x00007ffbea7e0000 - 0x00007ffbea7ee000 	C:\Program Files\Java\jdk-14\bin\sunmscapi.dll
0x00007ffbffc60000 - 0x00007ffbffdb6000 	C:\WINDOWS\System32\CRYPT32.dll
0x00007ffbff250000 - 0x00007ffbff277000 	C:\WINDOWS\SYSTEM32\ncrypt.dll
0x00007ffbff210000 - 0x00007ffbff24b000 	C:\WINDOWS\SYSTEM32\NTASN1.dll
0x00007ffbe6150000 - 0x00007ffbe6175000 	C:\Program Files\Java\jdk-14\bin\sunec.dll

dbghelp: loaded successfully - version: 4.0.5 - missing functions: none
symbol engine: initialized successfully - sym options: 0x614 - pdb path: .;C:\Program Files\Java\jdk-14\bin;C:\WINDOWS\SYSTEM32;C:\WINDOWS\WinSxS\amd64_microsoft.windows.common-controls_6595b64144ccf1df_6.0.19041.1110_none_60b5254171f9507e;C:\Program Files\Java\jdk-14\bin\server;C:\Program Files\JetBrains\IntelliJ IDEA Community Edition 2020.2.3\bin

VM Arguments:
jvm_args: -javaagent:C:\Program Files\JetBrains\IntelliJ IDEA Community Edition 2020.2.3\lib\idea_rt.jar=62466:C:\Program Files\JetBrains\IntelliJ IDEA Community Edition 2020.2.3\bin -Dfile.encoding=UTF-8 
java_command: io.swagger.Swagger2SpringBoot
java_class_path (initial): C:\Users\Alex\spring\mobdb\spring-server\target\classes;C:\Users\Alex\.m2\repository\org\springframework\boot\spring-boot-starter-web\1.5.9.RELEASE\spring-boot-starter-web-1.5.9.RELEASE.jar;C:\Users\Alex\.m2\repository\org\springframework\boot\spring-boot-starter\1.5.9.RELEASE\spring-boot-starter-1.5.9.RELEASE.jar;C:\Users\Alex\.m2\repository\org\springframework\boot\spring-boot\1.5.9.RELEASE\spring-boot-1.5.9.RELEASE.jar;C:\Users\Alex\.m2\repository\org\springframework\boot\spring-boot-autoconfigure\1.5.9.RELEASE\spring-boot-autoconfigure-1.5.9.RELEASE.jar;C:\Users\Alex\.m2\repository\org\springframework\boot\spring-boot-starter-logging\1.5.9.RELEASE\spring-boot-starter-logging-1.5.9.RELEASE.jar;C:\Users\Alex\.m2\repository\ch\qos\logback\logback-classic\1.1.11\logback-classic-1.1.11.jar;C:\Users\Alex\.m2\repository\ch\qos\logback\logback-core\1.1.11\logback-core-1.1.11.jar;C:\Users\Alex\.m2\repository\org\slf4j\jcl-over-slf4j\1.7.25\jcl-over-slf4j-1.7.25.jar;C:\Users\Alex\.m2\repository\org\slf4j\jul-to-slf4j\1.7.25\jul-to-slf4j-1.7.25.jar;C:\Users\Alex\.m2\repository\org\slf4j\log4j-over-slf4j\1.7.25\log4j-over-slf4j-1.7.25.jar;C:\Users\Alex\.m2\repository\org\yaml\snakeyaml\1.17\snakeyaml-1.17.jar;C:\Users\Alex\.m2\repository\org\hibernate\hibernate-validator\5.3.6.Final\hibernate-validator-5.3.6.Final.jar;C:\Users\Alex\.m2\repository\org\jboss\logging\jboss-logging\3.3.1.Final\jboss-logging-3.3.1.Final.jar;C:\Users\Alex\.m2\repository\com\fasterxml\jackson\core\jackson-databind\2.8.10\jackson-databind-2.8.10.jar;C:\Users\Alex\.m2\repository\com\fasterxml\jackson\core\jackson-annotations\2.8.0\jackson-annotations-2.8.0.jar;C:\Users\Alex\.m2\repository\org\springframework\spring-web\4.3.13.RELEASE\spring-web-4.3.13.RELEASE.jar;C:\Users\Alex\.m2\repository\org\springframework\spring-aop\4.3.13.RELEASE\spring-aop-4.3.13.RELEASE.jar;C:\Users\Alex\.m2\repository\org\springframework\spring-beans\4.3.13.RELEASE\spring-beans-4.3.13.RELEASE.j
Launcher Type: SUN_STANDARD

[Global flags]
     intx CICompilerCount                          = 4                                         {product} {ergonomic}
     uint ConcGCThreads                            = 3                                         {product} {ergonomic}
     uint G1ConcRefinementThreads                  = 10                                        {product} {ergonomic}
   size_t G1HeapRegionSize                         = 1048576                                   {product} {ergonomic}
    uintx GCDrainStackTargetSize                   = 64                                        {product} {ergonomic}
   size_t InitialHeapSize                          = 266338304                                 {product} {ergonomic}
   size_t MarkStackSize                            = 4194304                                   {product} {ergonomic}
   size_t MaxHeapSize                              = 4261412864                                {product} {ergonomic}
   size_t MaxNewSize                               = 2556428288                                {product} {ergonomic}
   size_t MinHeapDeltaBytes                        = 1048576                                   {product} {ergonomic}
   size_t MinHeapSize                              = 8388608                                   {product} {ergonomic}
    uintx NonNMethodCodeHeapSize                   = 5839372                                {pd product} {ergonomic}
    uintx NonProfiledCodeHeapSize                  = 122909434                              {pd product} {ergonomic}
    uintx ProfiledCodeHeapSize                     = 122909434                              {pd product} {ergonomic}
    uintx ReservedCodeCacheSize                    = 251658240                              {pd product} {ergonomic}
     bool SegmentedCodeCache                       = true                                      {product} {ergonomic}
   size_t SoftMaxHeapSize                          = 4261412864                             {manageable} {ergonomic}
     bool UseCompressedClassPointers               = true                                 {lp64_product} {ergonomic}
     bool UseCompressedOops                        = true                                 {lp64_product} {ergonomic}
     bool UseG1GC                                  = true                                      {product} {ergonomic}
     bool UseLargePagesIndividualAllocation        = false                                  {pd product} {ergonomic}

Logging:
Log output configuration:
 #0: stdout all=warning uptime,level,tags
 #1: stderr all=off uptime,level,tags

Environment Variables:
PATH=D:\Oracle_installer\WINDOWS.X64_193000_db_home\bin;C:\Program Files\Common Files\Oracle\Java\javapath;C:\WINDOWS\system32;C:\WINDOWS;C:\WINDOWS\System32\Wbem;C:\WINDOWS\System32\WindowsPowerShell\v1.0\;C:\WINDOWS\System32\OpenSSH\;C:\HashiCorp\Vagrant\bin;C:\Program Files\Git\cmd;C:\Program Files\nodejs\;D:\Oracle_installer\WINDOWS.X64_193000_db_home\bin;C:\Program Files\Common Files\Oracle\Java\javapath;C:\WINDOWS\system32;C:\WINDOWS;C:\WINDOWS\System32\Wbem;C:\WINDOWS\System32\WindowsPowerShell\v1.0\;C:\WINDOWS\System32\OpenSSH\;C:\HashiCorp\Vagrant\bin;C:\Program Files\Git\cmd;C:\Program Files\nodejs\;D:\ords-latest\bin;C:\Users\Alex\AppData\Local\Programs\Microsoft VS Code\bin;C:\Program Files\JetBrains\DataGrip 2022.1.4\bin;
USERNAME=Alex
OS=Windows_NT
PROCESSOR_IDENTIFIER=Intel64 Family 6 Model 165 Stepping 2, GenuineIntel



---------------  S Y S T E M  ---------------

OS: Windows 10 , 64 bit Build 19041 (10.0.19041.1706)
OS uptime: 4 days 22:44 hours

CPU:total 12 (initial active 12) (6 cores per cpu, 2 threads per core) family 6 model 165 stepping 2, cmov, cx8, fxsr, mmx, sse, sse2, sse3, ssse3, sse4.1, sse4.2, popcnt, avx, avx2, aes, clmul, erms, 3dnowpref, lzcnt, ht, tsc, tscinvbit, bmi1, bmi2, adx, fma

Memory: 4k page, system-wide physical 16252M (1664M free)
TotalPageFile size 37949M (AvailPageFile size 5M)
current process WorkingSet (physical memory assigned to process): 284M, peak: 342M
current process commit charge ("private bytes"): 327M, peak: 445M

vm_info: Java HotSpot(TM) 64-Bit Server VM (14+36-1461) for windows-amd64 JRE (14+36-1461), built on Feb  6 2020 19:08:04 by "mach5one" with MS VC++ 15.9 (VS2017)

END.
