#
# There is insufficient memory for the Java Runtime Environment to continue.
# Native memory allocation (malloc) failed to allocate 2720016 bytes for Chunk::new
# Possible reasons:
#   The system is out of physical RAM or swap space
#   The process is running with CompressedOops enabled, and the Java Heap may be blocking the growth of the native heap
# Possible solutions:
#   Reduce memory load on the system
#   Increase physical memory or swap space
#   Check if swap backing store is full
#   Decrease Java heap size (-Xmx/-Xms)
#   Decrease number of Java threads
#   Decrease Java thread stack sizes (-Xss)
#   Set larger code cache with -XX:ReservedCodeCacheSize=
#   JVM is running with Zero Based Compressed Oops mode in which the Java heap is
#     placed in the first 32GB address space. The Java Heap base address is the
#     maximum limit for the native heap growth. Please use -XX:HeapBaseMinAddress
#     to set the Java Heap base and to place the Java Heap above 32GB virtual address.
# This output file may be truncated or incomplete.
#
#  Out of Memory Error (t:/workspace/open/src/hotspot/share/memory/arena.cpp:195), pid=13260, tid=8280
#
# JRE version: Java(TM) SE Runtime Environment (14.0+36) (build 14+36-1461)
# Java VM: Java HotSpot(TM) 64-Bit Server VM (14+36-1461, mixed mode, sharing, tiered, compressed oops, g1 gc, windows-amd64)
# No core dump will be written. Minidumps are not enabled by default on client versions of Windows
#

---------------  S U M M A R Y ------------

Command Line: -javaagent:C:\Program Files\JetBrains\IntelliJ IDEA Community Edition 2020.2.3\lib\idea_rt.jar=57549:C:\Program Files\JetBrains\IntelliJ IDEA Community Edition 2020.2.3\bin -Dfile.encoding=UTF-8 io.swagger.Swagger2SpringBoot

Host: Intel(R) Core(TM) i7-10750H CPU @ 2.60GHz, 12 cores, 15G,  Windows 10 , 64 bit Build 19041 (10.0.19041.1706)
Time: Sat May 21 12:41:08 2022 GTB Daylight Time elapsed time: 363 seconds (0d 0h 6m 3s)

---------------  T H R E A D  ---------------

Current thread (0x0000016fbd441800):  JavaThread "C2 CompilerThread0" daemon [_thread_in_native, id=8280, stack(0x00000045e9600000,0x00000045e9700000)]


Current CompileTask:
C2: 363709 6664       4       org.springframework.asm.ClassReader::readCode (3579 bytes)

Stack: [0x00000045e9600000,0x00000045e9700000]
Native frames: (J=compiled Java code, j=interpreted, Vv=VM code, C=native code)
V  [jvm.dll+0x5f83ea]
V  [jvm.dll+0x741e2a]
V  [jvm.dll+0x7435df]
V  [jvm.dll+0x743c23]
V  [jvm.dll+0x20d268]
V  [jvm.dll+0xabb07]
V  [jvm.dll+0xac1fc]
V  [jvm.dll+0x31c448]
V  [jvm.dll+0x18ce00]
V  [jvm.dll+0x1e5eda]
V  [jvm.dll+0x1e5098]
V  [jvm.dll+0x1779cc]
V  [jvm.dll+0x1f40e5]
V  [jvm.dll+0x1f22cb]
V  [jvm.dll+0x706a7d]
V  [jvm.dll+0x6ff89a]
V  [jvm.dll+0x5f72a6]
C  [ucrtbase.dll+0x21bb2]
C  [KERNEL32.DLL+0x17034]
C  [ntdll.dll+0x52651]


---------------  P R O C E S S  ---------------

Threads class SMR info:
_java_thread_list=0x0000016fc0fdc5b0, length=34, elements={
0x0000016fbcb97800, 0x0000016fbcb98800, 0x0000016fbd43c000, 0x0000016fbd43d000,
0x0000016fbd43f000, 0x0000016fbd441800, 0x0000016fbd446000, 0x0000016fbd459800,
0x0000016fbd572000, 0x0000016fbd9c6000, 0x0000016fbd9c7000, 0x0000016fbea5a800,
0x0000016fc0b3a000, 0x0000016fc2774800, 0x0000016fc2771000, 0x0000016fc2770800,
0x0000016fc2777000, 0x0000016fc2772000, 0x0000016fc2772800, 0x0000016fc2773800,
0x0000016fc2775000, 0x0000016fc2776000, 0x0000016fc1849000, 0x0000016fc1847800,
0x0000016fc1848800, 0x0000016fc1846800, 0x0000016fc184b800, 0x0000016fc184d000,
0x0000016fc184e000, 0x0000016fc184c800, 0x0000016fc184a800, 0x0000016fc184a000,
0x0000016fc1853000, 0x0000016fc1852000
}

Java Threads: ( => current thread )
  0x0000016fbcb97800 JavaThread "Reference Handler" daemon [_thread_blocked, id=17204, stack(0x00000045e9100000,0x00000045e9200000)]
  0x0000016fbcb98800 JavaThread "Finalizer" daemon [_thread_blocked, id=22036, stack(0x00000045e9200000,0x00000045e9300000)]
  0x0000016fbd43c000 JavaThread "Signal Dispatcher" daemon [_thread_blocked, id=20376, stack(0x00000045e9300000,0x00000045e9400000)]
  0x0000016fbd43d000 JavaThread "Attach Listener" daemon [_thread_blocked, id=15520, stack(0x00000045e9400000,0x00000045e9500000)]
  0x0000016fbd43f000 JavaThread "Service Thread" daemon [_thread_blocked, id=18964, stack(0x00000045e9500000,0x00000045e9600000)]
=>0x0000016fbd441800 JavaThread "C2 CompilerThread0" daemon [_thread_in_native, id=8280, stack(0x00000045e9600000,0x00000045e9700000)]
  0x0000016fbd446000 JavaThread "C1 CompilerThread0" daemon [_thread_blocked, id=8284, stack(0x00000045e9700000,0x00000045e9800000)]
  0x0000016fbd459800 JavaThread "Sweeper thread" daemon [_thread_blocked, id=10196, stack(0x00000045e9800000,0x00000045e9900000)]
  0x0000016fbd572000 JavaThread "Common-Cleaner" daemon [_thread_blocked, id=17112, stack(0x00000045e9900000,0x00000045e9a00000)]
  0x0000016fbd9c6000 JavaThread "Monitor Ctrl-Break" daemon [_thread_in_native, id=21932, stack(0x00000045e9b00000,0x00000045e9c00000)]
  0x0000016fbd9c7000 JavaThread "Notification Thread" daemon [_thread_blocked, id=17460, stack(0x00000045e9c00000,0x00000045e9d00000)]
  0x0000016fbea5a800 JavaThread "ContainerBackgroundProcessor[StandardEngine[Tomcat]]" daemon [_thread_blocked, id=18456, stack(0x00000045ea900000,0x00000045eaa00000)]
  0x0000016fc0b3a000 JavaThread "container-0" [_thread_blocked, id=2852, stack(0x00000045eaa00000,0x00000045eab00000)]
  0x0000016fc2774800 JavaThread "NioBlockingSelector.BlockPoller-1" daemon [_thread_in_native, id=15136, stack(0x00000045eab00000,0x00000045eac00000)]
  0x0000016fc2771000 JavaThread "http-nio-8080-exec-1" daemon [_thread_blocked, id=9976, stack(0x00000045eac00000,0x00000045ead00000)]
  0x0000016fc2770800 JavaThread "http-nio-8080-exec-2" daemon [_thread_blocked, id=9964, stack(0x00000045ead00000,0x00000045eae00000)]
  0x0000016fc2777000 JavaThread "http-nio-8080-exec-3" daemon [_thread_blocked, id=7420, stack(0x00000045eae00000,0x00000045eaf00000)]
  0x0000016fc2772000 JavaThread "http-nio-8080-exec-4" daemon [_thread_blocked, id=18948, stack(0x00000045eaf00000,0x00000045eb000000)]
  0x0000016fc2772800 JavaThread "http-nio-8080-exec-5" daemon [_thread_blocked, id=4056, stack(0x00000045eb000000,0x00000045eb100000)]
  0x0000016fc2773800 JavaThread "http-nio-8080-exec-6" daemon [_thread_blocked, id=20676, stack(0x00000045eb100000,0x00000045eb200000)]
  0x0000016fc2775000 JavaThread "http-nio-8080-exec-7" daemon [_thread_blocked, id=9168, stack(0x00000045eb200000,0x00000045eb300000)]
  0x0000016fc2776000 JavaThread "http-nio-8080-exec-8" daemon [_thread_blocked, id=11568, stack(0x00000045eb300000,0x00000045eb400000)]
  0x0000016fc1849000 JavaThread "http-nio-8080-exec-9" daemon [_thread_blocked, id=17652, stack(0x00000045eb400000,0x00000045eb500000)]
  0x0000016fc1847800 JavaThread "http-nio-8080-exec-10" daemon [_thread_blocked, id=1300, stack(0x00000045eb500000,0x00000045eb600000)]
  0x0000016fc1848800 JavaThread "http-nio-8080-ClientPoller-0" daemon [_thread_in_native, id=22344, stack(0x00000045eb600000,0x00000045eb700000)]
  0x0000016fc1846800 JavaThread "http-nio-8080-ClientPoller-1" daemon [_thread_in_native, id=21404, stack(0x00000045eb700000,0x00000045eb800000)]
  0x0000016fc184b800 JavaThread "http-nio-8080-Acceptor-0" daemon [_thread_in_native, id=21584, stack(0x00000045eb800000,0x00000045eb900000)]
  0x0000016fc184d000 JavaThread "http-nio-8080-AsyncTimeout" daemon [_thread_blocked, id=6332, stack(0x00000045eb900000,0x00000045eba00000)]
  0x0000016fc184e000 JavaThread "DestroyJavaVM" [_thread_blocked, id=16328, stack(0x00000045e8a00000,0x00000045e8b00000)]
  0x0000016fc184c800 JavaThread "Tomcat JDBC Pool Cleaner[640070680:1653125893838]" daemon [_thread_blocked, id=2064, stack(0x00000045e8900000,0x00000045e8a00000)]
  0x0000016fc184a800 JavaThread "oracle.jdbc.driver.BlockSource.ThreadedCachingBlockSource.BlockReleaser" daemon [_thread_blocked, id=18192, stack(0x00000045e9a00000,0x00000045e9b00000)]
  0x0000016fc184a000 JavaThread "InterruptTimer" daemon [_thread_blocked, id=19000, stack(0x00000045ea500000,0x00000045ea600000)]
  0x0000016fc1853000 JavaThread "C2 CompilerThread1" daemon [_thread_blocked, id=20136, stack(0x00000045ea700000,0x00000045ea800000)]
  0x0000016fc1852000 JavaThread "C2 CompilerThread2" daemon [_thread_blocked, id=14900, stack(0x00000045ea800000,0x00000045ea900000)]

Other Threads:
  0x0000016fbcb90800 VMThread "VM Thread" [stack: 0x00000045e9000000,0x00000045e9100000] [id=11884]
  0x0000016fbd9cc000 WatcherThread [stack: 0x00000045e9d00000,0x00000045e9e00000] [id=4692]
  0x0000016f96b5b800 GCTaskThread "GC Thread#0" [stack: 0x00000045e8b00000,0x00000045e8c00000] [id=21048]
  0x0000016fbe35c000 GCTaskThread "GC Thread#1" [stack: 0x00000045e9e00000,0x00000045e9f00000] [id=19580]
  0x0000016fbe36d000 GCTaskThread "GC Thread#2" [stack: 0x00000045e9f00000,0x00000045ea000000] [id=15084]
  0x0000016fbe36d800 GCTaskThread "GC Thread#3" [stack: 0x00000045ea000000,0x00000045ea100000] [id=15572]
  0x0000016fbe36e800 GCTaskThread "GC Thread#4" [stack: 0x00000045ea100000,0x00000045ea200000] [id=9224]
  0x0000016fbe36f000 GCTaskThread "GC Thread#5" [stack: 0x00000045ea200000,0x00000045ea300000] [id=8384]
  0x0000016f96b7d000 ConcurrentGCThread "G1 Main Marker" [stack: 0x00000045e8c00000,0x00000045e8d00000] [id=968]
  0x0000016f96b7f000 ConcurrentGCThread "G1 Conc#0" [stack: 0x00000045e8d00000,0x00000045e8e00000] [id=21076]
  0x0000016fbeb2e000 ConcurrentGCThread "G1 Conc#1" [stack: 0x00000045ea400000,0x00000045ea500000] [id=9504]
  0x0000016fc1333000 ConcurrentGCThread "G1 Conc#2" [stack: 0x00000045ea600000,0x00000045ea700000] [id=22480]
  0x0000016fbca7f800 ConcurrentGCThread "G1 Refine#0" [stack: 0x00000045e8e00000,0x00000045e8f00000] [id=14060]
  0x0000016fbd6b3000 ConcurrentGCThread "G1 Refine#1" [stack: 0x00000045ea300000,0x00000045ea400000] [id=9848]
  0x0000016fbca81800 ConcurrentGCThread "G1 Young RemSet Sampling" [stack: 0x00000045e8f00000,0x00000045e9000000] [id=5332]

Threads with active compile tasks:
C2 CompilerThread0   363719 6664       4       org.springframework.asm.ClassReader::readCode (3579 bytes)

VM state:not at safepoint (normal execution)

VM Mutex/Monitor currently owned by a thread: None

Heap address: 0x0000000702000000, size: 4064 MB, Compressed Oops mode: Zero based, Oop shift amount: 3
Narrow klass base: 0x0000000800000000, Narrow klass shift: 3
Compressed class space size: 1073741824 Address: 0x0000000800b30000

Heap:
 garbage-first heap   total 109568K, used 43725K [0x0000000702000000, 0x0000000800000000)
  region size 1024K, 17 young (17408K), 6 survivors (6144K)
 Metaspace       used 45493K, capacity 46213K, committed 46384K, reserved 1089536K
  class space    used 5397K, capacity 5646K, committed 5760K, reserved 1048576K
Heap Regions: E=young(eden), S=young(survivor), O=old, HS=humongous(starts), HC=humongous(continues), CS=collection set, F=free, OA=open archive, CA=closed archive, TAMS=top-at-mark-start (previous, next)
|   0|0x0000000702000000, 0x0000000702100000, 0x0000000702100000|100%| O|  |TAMS 0x0000000702100000, 0x0000000702000000| Untracked 
|   1|0x0000000702100000, 0x0000000702200000, 0x0000000702200000|100%| O|  |TAMS 0x0000000702200000, 0x0000000702100000| Untracked 
|   2|0x0000000702200000, 0x0000000702300000, 0x0000000702300000|100%| O|  |TAMS 0x0000000702300000, 0x0000000702200000| Untracked 
|   3|0x0000000702300000, 0x0000000702400000, 0x0000000702400000|100%| O|  |TAMS 0x0000000702400000, 0x0000000702300000| Complete 
|   4|0x0000000702400000, 0x0000000702500000, 0x0000000702500000|100%| O|  |TAMS 0x0000000702500000, 0x0000000702400000| Untracked 
|   5|0x0000000702500000, 0x0000000702524400, 0x0000000702600000| 14%| O|  |TAMS 0x0000000702524400, 0x0000000702500000| Complete 
|   6|0x0000000702600000, 0x0000000702700000, 0x0000000702700000|100%| O|  |TAMS 0x0000000702700000, 0x0000000702600000| Complete 
|   7|0x0000000702700000, 0x0000000702800000, 0x0000000702800000|100%| O|  |TAMS 0x0000000702800000, 0x0000000702700000| Complete 
|   8|0x0000000702800000, 0x0000000702900000, 0x0000000702900000|100%| O|  |TAMS 0x0000000702900000, 0x0000000702800000| Complete 
|   9|0x0000000702900000, 0x0000000702a00000, 0x0000000702a00000|100%| O|  |TAMS 0x0000000702a00000, 0x0000000702900000| Complete 
|  10|0x0000000702a00000, 0x0000000702b00000, 0x0000000702b00000|100%| O|  |TAMS 0x0000000702b00000, 0x0000000702a00000| Complete 
|  11|0x0000000702b00000, 0x0000000702c00000, 0x0000000702c00000|100%| O|  |TAMS 0x0000000702c00000, 0x0000000702b00000| Complete 
|  12|0x0000000702c00000, 0x0000000702d00000, 0x0000000702d00000|100%| O|  |TAMS 0x0000000702d00000, 0x0000000702c00000| Untracked 
|  13|0x0000000702d00000, 0x0000000702e00000, 0x0000000702e00000|100%| O|  |TAMS 0x0000000702e00000, 0x0000000702d00000| Complete 
|  14|0x0000000702e00000, 0x0000000702f00000, 0x0000000702f00000|100%| O|  |TAMS 0x0000000702f00000, 0x0000000702e00000| Complete 
|  15|0x0000000702f00000, 0x0000000703000000, 0x0000000703000000|100%| O|  |TAMS 0x0000000703000000, 0x0000000702f00000| Untracked 
|  16|0x0000000703000000, 0x0000000703100000, 0x0000000703100000|100%| O|  |TAMS 0x0000000703100000, 0x0000000703000000| Untracked 
|  17|0x0000000703100000, 0x0000000703200000, 0x0000000703200000|100%| O|  |TAMS 0x0000000703200000, 0x0000000703100000| Untracked 
|  18|0x0000000703200000, 0x0000000703300000, 0x0000000703300000|100%| O|  |TAMS 0x0000000703300000, 0x0000000703200000| Untracked 
|  19|0x0000000703300000, 0x0000000703400000, 0x0000000703400000|100%| O|  |TAMS 0x0000000703400000, 0x0000000703300000| Complete 
|  20|0x0000000703400000, 0x0000000703500000, 0x0000000703500000|100%| O|  |TAMS 0x0000000703500000, 0x0000000703400000| Untracked 
|  21|0x0000000703500000, 0x0000000703600000, 0x0000000703600000|100%| O|  |TAMS 0x0000000703600000, 0x0000000703500000| Complete 
|  22|0x0000000703600000, 0x0000000703700000, 0x0000000703700000|100%| O|  |TAMS 0x0000000703700000, 0x0000000703600000| Complete 
|  23|0x0000000703700000, 0x0000000703800000, 0x0000000703800000|100%| O|  |TAMS 0x0000000703800000, 0x0000000703700000| Complete 
|  24|0x0000000703800000, 0x0000000703900000, 0x0000000703900000|100%| O|  |TAMS 0x0000000703900000, 0x0000000703800000| Untracked 
|  25|0x0000000703900000, 0x0000000703a00000, 0x0000000703a00000|100%| O|  |TAMS 0x0000000703a00000, 0x0000000703900000| Untracked 
|  26|0x0000000703a00000, 0x0000000703b00000, 0x0000000703b00000|100%| O|  |TAMS 0x0000000703b00000, 0x0000000703a00000| Complete 
|  27|0x0000000703b00000, 0x0000000703c00000, 0x0000000703c00000|100%| O|  |TAMS 0x0000000703c00000, 0x0000000703b00000| Complete 
|  28|0x0000000703c00000, 0x0000000703c93800, 0x0000000703d00000| 57%| O|  |TAMS 0x0000000703c93800, 0x0000000703c00000| Complete 
|  29|0x0000000703d00000, 0x0000000703d00000, 0x0000000703e00000|  0%| F|  |TAMS 0x0000000703d00000, 0x0000000703d00000| Untracked 
|  30|0x0000000703e00000, 0x0000000703e00000, 0x0000000703f00000|  0%| F|  |TAMS 0x0000000703e00000, 0x0000000703e00000| Untracked 
|  31|0x0000000703f00000, 0x0000000703f00000, 0x0000000704000000|  0%| F|  |TAMS 0x0000000703f00000, 0x0000000703f00000| Untracked 
|  32|0x0000000704000000, 0x0000000704000000, 0x0000000704100000|  0%| F|  |TAMS 0x0000000704000000, 0x0000000704000000| Untracked 
|  33|0x0000000704100000, 0x0000000704100000, 0x0000000704200000|  0%| F|  |TAMS 0x0000000704100000, 0x0000000704100000| Untracked 
|  34|0x0000000704200000, 0x0000000704200000, 0x0000000704300000|  0%| F|  |TAMS 0x0000000704200000, 0x0000000704200000| Untracked 
|  35|0x0000000704300000, 0x0000000704300000, 0x0000000704400000|  0%| F|  |TAMS 0x0000000704300000, 0x0000000704300000| Untracked 
|  36|0x0000000704400000, 0x0000000704400000, 0x0000000704500000|  0%| F|  |TAMS 0x0000000704400000, 0x0000000704400000| Untracked 
|  37|0x0000000704500000, 0x00000007045fb8d0, 0x0000000704600000| 98%| S|CS|TAMS 0x0000000704500000, 0x0000000704500000| Complete 
|  38|0x0000000704600000, 0x0000000704700000, 0x0000000704700000|100%| S|CS|TAMS 0x0000000704600000, 0x0000000704600000| Complete 
|  39|0x0000000704700000, 0x0000000704800000, 0x0000000704800000|100%| S|CS|TAMS 0x0000000704700000, 0x0000000704700000| Complete 
|  40|0x0000000704800000, 0x0000000704900000, 0x0000000704900000|100%| S|CS|TAMS 0x0000000704800000, 0x0000000704800000| Complete 
|  41|0x0000000704900000, 0x0000000704a00000, 0x0000000704a00000|100%| S|CS|TAMS 0x0000000704900000, 0x0000000704900000| Complete 
|  42|0x0000000704a00000, 0x0000000704b00000, 0x0000000704b00000|100%| S|CS|TAMS 0x0000000704a00000, 0x0000000704a00000| Complete 
|  43|0x0000000704b00000, 0x0000000704b00000, 0x0000000704c00000|  0%| F|  |TAMS 0x0000000704b00000, 0x0000000704b00000| Untracked 
|  44|0x0000000704c00000, 0x0000000704c00000, 0x0000000704d00000|  0%| F|  |TAMS 0x0000000704c00000, 0x0000000704c00000| Untracked 
|  45|0x0000000704d00000, 0x0000000704d00000, 0x0000000704e00000|  0%| F|  |TAMS 0x0000000704d00000, 0x0000000704d00000| Untracked 
|  46|0x0000000704e00000, 0x0000000704e00000, 0x0000000704f00000|  0%| F|  |TAMS 0x0000000704e00000, 0x0000000704e00000| Untracked 
|  47|0x0000000704f00000, 0x0000000704f00000, 0x0000000705000000|  0%| F|  |TAMS 0x0000000704f00000, 0x0000000704f00000| Untracked 
|  48|0x0000000705000000, 0x0000000705000000, 0x0000000705100000|  0%| F|  |TAMS 0x0000000705000000, 0x0000000705000000| Untracked 
|  49|0x0000000705100000, 0x0000000705100000, 0x0000000705200000|  0%| F|  |TAMS 0x0000000705100000, 0x0000000705100000| Untracked 
|  50|0x0000000705200000, 0x0000000705200000, 0x0000000705300000|  0%| F|  |TAMS 0x0000000705200000, 0x0000000705200000| Untracked 
|  51|0x0000000705300000, 0x0000000705300000, 0x0000000705400000|  0%| F|  |TAMS 0x0000000705300000, 0x0000000705300000| Untracked 
|  52|0x0000000705400000, 0x0000000705400000, 0x0000000705500000|  0%| F|  |TAMS 0x0000000705400000, 0x0000000705400000| Untracked 
|  53|0x0000000705500000, 0x0000000705500000, 0x0000000705600000|  0%| F|  |TAMS 0x0000000705500000, 0x0000000705500000| Untracked 
|  54|0x0000000705600000, 0x0000000705600000, 0x0000000705700000|  0%| F|  |TAMS 0x0000000705600000, 0x0000000705600000| Untracked 
|  55|0x0000000705700000, 0x0000000705700000, 0x0000000705800000|  0%| F|  |TAMS 0x0000000705700000, 0x0000000705700000| Untracked 
|  56|0x0000000705800000, 0x0000000705800000, 0x0000000705900000|  0%| F|  |TAMS 0x0000000705800000, 0x0000000705800000| Untracked 
|  57|0x0000000705900000, 0x0000000705900000, 0x0000000705a00000|  0%| F|  |TAMS 0x0000000705900000, 0x0000000705900000| Untracked 
|  58|0x0000000705a00000, 0x0000000705a00000, 0x0000000705b00000|  0%| F|  |TAMS 0x0000000705a00000, 0x0000000705a00000| Untracked 
|  59|0x0000000705b00000, 0x0000000705b00000, 0x0000000705c00000|  0%| F|  |TAMS 0x0000000705b00000, 0x0000000705b00000| Untracked 
|  60|0x0000000705c00000, 0x0000000705c00000, 0x0000000705d00000|  0%| F|  |TAMS 0x0000000705c00000, 0x0000000705c00000| Untracked 
|  61|0x0000000705d00000, 0x0000000705d00000, 0x0000000705e00000|  0%| F|  |TAMS 0x0000000705d00000, 0x0000000705d00000| Untracked 
|  62|0x0000000705e00000, 0x0000000705e00000, 0x0000000705f00000|  0%| F|  |TAMS 0x0000000705e00000, 0x0000000705e00000| Untracked 
|  63|0x0000000705f00000, 0x0000000705f00000, 0x0000000706000000|  0%| F|  |TAMS 0x0000000705f00000, 0x0000000705f00000| Untracked 
|  64|0x0000000706000000, 0x0000000706000000, 0x0000000706100000|  0%| F|  |TAMS 0x0000000706000000, 0x0000000706000000| Untracked 
|  65|0x0000000706100000, 0x0000000706100000, 0x0000000706200000|  0%| F|  |TAMS 0x0000000706100000, 0x0000000706100000| Untracked 
|  66|0x0000000706200000, 0x0000000706200000, 0x0000000706300000|  0%| F|  |TAMS 0x0000000706200000, 0x0000000706200000| Untracked 
|  67|0x0000000706300000, 0x0000000706300000, 0x0000000706400000|  0%| F|  |TAMS 0x0000000706300000, 0x0000000706300000| Untracked 
|  68|0x0000000706400000, 0x0000000706400000, 0x0000000706500000|  0%| F|  |TAMS 0x0000000706400000, 0x0000000706400000| Untracked 
|  69|0x0000000706500000, 0x0000000706500000, 0x0000000706600000|  0%| F|  |TAMS 0x0000000706500000, 0x0000000706500000| Untracked 
|  70|0x0000000706600000, 0x0000000706600000, 0x0000000706700000|  0%| F|  |TAMS 0x0000000706600000, 0x0000000706600000| Untracked 
|  71|0x0000000706700000, 0x0000000706700000, 0x0000000706800000|  0%| F|  |TAMS 0x0000000706700000, 0x0000000706700000| Untracked 
|  72|0x0000000706800000, 0x0000000706800000, 0x0000000706900000|  0%| F|  |TAMS 0x0000000706800000, 0x0000000706800000| Untracked 
|  73|0x0000000706900000, 0x0000000706900000, 0x0000000706a00000|  0%| F|  |TAMS 0x0000000706900000, 0x0000000706900000| Untracked 
|  74|0x0000000706a00000, 0x0000000706a00000, 0x0000000706b00000|  0%| F|  |TAMS 0x0000000706a00000, 0x0000000706a00000| Untracked 
|  75|0x0000000706b00000, 0x0000000706b00000, 0x0000000706c00000|  0%| F|  |TAMS 0x0000000706b00000, 0x0000000706b00000| Untracked 
|  76|0x0000000706c00000, 0x0000000706c00000, 0x0000000706d00000|  0%| F|  |TAMS 0x0000000706c00000, 0x0000000706c00000| Untracked 
|  77|0x0000000706d00000, 0x0000000706d00000, 0x0000000706e00000|  0%| F|  |TAMS 0x0000000706d00000, 0x0000000706d00000| Untracked 
|  78|0x0000000706e00000, 0x0000000706e00000, 0x0000000706f00000|  0%| F|  |TAMS 0x0000000706e00000, 0x0000000706e00000| Untracked 
|  79|0x0000000706f00000, 0x0000000706f00000, 0x0000000707000000|  0%| F|  |TAMS 0x0000000706f00000, 0x0000000706f00000| Untracked 
|  80|0x0000000707000000, 0x0000000707000000, 0x0000000707100000|  0%| F|  |TAMS 0x0000000707000000, 0x0000000707000000| Untracked 
|  81|0x0000000707100000, 0x0000000707100000, 0x0000000707200000|  0%| F|  |TAMS 0x0000000707100000, 0x0000000707100000| Untracked 
|  82|0x0000000707200000, 0x0000000707200000, 0x0000000707300000|  0%| F|  |TAMS 0x0000000707200000, 0x0000000707200000| Untracked 
|  83|0x0000000707300000, 0x0000000707300000, 0x0000000707400000|  0%| F|  |TAMS 0x0000000707300000, 0x0000000707300000| Untracked 
|  84|0x0000000707400000, 0x0000000707400000, 0x0000000707500000|  0%| F|  |TAMS 0x0000000707400000, 0x0000000707400000| Untracked 
|  85|0x0000000707500000, 0x0000000707500000, 0x0000000707600000|  0%| F|  |TAMS 0x0000000707500000, 0x0000000707500000| Untracked 
|  86|0x0000000707600000, 0x0000000707600000, 0x0000000707700000|  0%| F|  |TAMS 0x0000000707600000, 0x0000000707600000| Untracked 
|  87|0x0000000707700000, 0x0000000707700000, 0x0000000707800000|  0%| F|  |TAMS 0x0000000707700000, 0x0000000707700000| Untracked 
|  88|0x0000000707800000, 0x0000000707800000, 0x0000000707900000|  0%| F|  |TAMS 0x0000000707800000, 0x0000000707800000| Untracked 
|  89|0x0000000707900000, 0x0000000707900000, 0x0000000707a00000|  0%| F|  |TAMS 0x0000000707900000, 0x0000000707900000| Untracked 
|  90|0x0000000707a00000, 0x0000000707a00000, 0x0000000707b00000|  0%| F|  |TAMS 0x0000000707a00000, 0x0000000707a00000| Untracked 
|  91|0x0000000707b00000, 0x0000000707b00000, 0x0000000707c00000|  0%| F|  |TAMS 0x0000000707b00000, 0x0000000707b00000| Untracked 
|  92|0x0000000707c00000, 0x0000000707c00000, 0x0000000707d00000|  0%| F|  |TAMS 0x0000000707c00000, 0x0000000707c00000| Untracked 
|  93|0x0000000707d00000, 0x0000000707d00000, 0x0000000707e00000|  0%| F|  |TAMS 0x0000000707d00000, 0x0000000707d00000| Untracked 
|  94|0x0000000707e00000, 0x0000000707e00000, 0x0000000707f00000|  0%| F|  |TAMS 0x0000000707e00000, 0x0000000707e00000| Untracked 
|  95|0x0000000707f00000, 0x0000000707f00000, 0x0000000708000000|  0%| F|  |TAMS 0x0000000707f00000, 0x0000000707f00000| Untracked 
|  96|0x0000000708000000, 0x000000070804bcd8, 0x0000000708100000| 29%| E|  |TAMS 0x0000000708000000, 0x0000000708000000| Complete 
|  97|0x0000000708100000, 0x0000000708200000, 0x0000000708200000|100%| E|CS|TAMS 0x0000000708100000, 0x0000000708100000| Complete 
|  98|0x0000000708200000, 0x0000000708300000, 0x0000000708300000|100%| E|CS|TAMS 0x0000000708200000, 0x0000000708200000| Complete 
|  99|0x0000000708300000, 0x0000000708400000, 0x0000000708400000|100%| E|CS|TAMS 0x0000000708300000, 0x0000000708300000| Complete 
| 100|0x0000000708400000, 0x0000000708500000, 0x0000000708500000|100%| E|CS|TAMS 0x0000000708400000, 0x0000000708400000| Complete 
| 101|0x0000000708500000, 0x0000000708600000, 0x0000000708600000|100%| E|CS|TAMS 0x0000000708500000, 0x0000000708500000| Complete 
| 102|0x0000000708600000, 0x0000000708700000, 0x0000000708700000|100%| E|  |TAMS 0x0000000708600000, 0x0000000708600000| Complete 
| 103|0x0000000708700000, 0x0000000708800000, 0x0000000708800000|100%| E|CS|TAMS 0x0000000708700000, 0x0000000708700000| Complete 
| 104|0x0000000708800000, 0x0000000708900000, 0x0000000708900000|100%| E|CS|TAMS 0x0000000708800000, 0x0000000708800000| Complete 
| 105|0x0000000708900000, 0x0000000708a00000, 0x0000000708a00000|100%| E|CS|TAMS 0x0000000708900000, 0x0000000708900000| Complete 
| 253|0x0000000711d00000, 0x0000000711e00000, 0x0000000711e00000|100%| E|CS|TAMS 0x0000000711d00000, 0x0000000711d00000| Complete 

Card table byte_map: [0x0000016fb0f10000,0x0000016fb1700000] _byte_map_base: 0x0000016fad700000

Marking Bits (Prev, Next): (CMBitMap*) 0x0000016f96b5c798, (CMBitMap*) 0x0000016f96b5c758
 Prev Bits: [0x0000016fb5e70000, 0x0000016fb9df0000)
 Next Bits: [0x0000016fb1ef0000, 0x0000016fb5e70000)

Polling page: 0x0000016f96bd0000

Metaspace:

Usage:
  Non-class:     39.62 MB capacity,    39.16 MB ( 99%) used,   386.72 KB ( <1%) free+waste,    83.88 KB ( <1%) overhead. 
      Class:      5.51 MB capacity,     5.27 MB ( 96%) used,   213.21 KB (  4%) free+waste,    35.63 KB ( <1%) overhead. 
       Both:     45.13 MB capacity,    44.43 MB ( 98%) used,   599.93 KB (  1%) free+waste,   119.50 KB ( <1%) overhead. 

Virtual space:
  Non-class space:       40.00 MB reserved,      39.67 MB (>99%) committed 
      Class space:        1.00 GB reserved,       5.63 MB ( <1%) committed 
             Both:        1.04 GB reserved,      45.30 MB (  4%) committed 

Chunk freelists:
   Non-Class:  0 bytes
       Class:  18.00 KB
        Both:  18.00 KB

MaxMetaspaceSize: 17179869184.00 GB
CompressedClassSpaceSize: 1.00 GB

CodeHeap 'non-profiled nmethods': size=120000Kb used=3840Kb max_used=4041Kb free=116159Kb
 bounds [0x0000016fa8550000, 0x0000016fa8950000, 0x0000016fafa80000]
CodeHeap 'profiled nmethods': size=120000Kb used=12321Kb max_used=12321Kb free=107678Kb
 bounds [0x0000016fa1020000, 0x0000016fa1c30000, 0x0000016fa8550000]
CodeHeap 'non-nmethods': size=5760Kb used=1303Kb max_used=1349Kb free=4456Kb
 bounds [0x0000016fa0a80000, 0x0000016fa0cf0000, 0x0000016fa1020000]
 total_blobs=9413 nmethods=5605 adapters=497
 compilation: enabled
              stopped_count=0, restarted_count=0
 full_count=0

Compilation events (20 events):
Event: 363.623 Thread 0x0000016fbd446000 6756       3       org.apache.catalina.loader.WebappClassLoaderBase::loadClass (7 bytes)
Event: 363.623 Thread 0x0000016fbd446000 nmethod 6756 0x0000016fa1104a10 code [0x0000016fa1104bc0, 0x0000016fa1104da8]
Event: 363.623 Thread 0x0000016fbd446000 6757  s    3       org.springframework.boot.context.embedded.tomcat.TomcatEmbeddedWebappClassLoader::loadClass (40 bytes)
Event: 363.623 Thread 0x0000016fbd446000 nmethod 6757 0x0000016fa1125390 code [0x0000016fa11255c0, 0x0000016fa1125eb8]
Event: 363.623 Thread 0x0000016fbd446000 6758       3       ch.qos.logback.classic.spi.ThrowableProxyUtil::indent (21 bytes)
Event: 363.623 Thread 0x0000016fbd446000 nmethod 6758 0x0000016fa1153c90 code [0x0000016fa1153e40, 0x0000016fa11540a8]
Event: 363.623 Thread 0x0000016fbd446000 6759       3       java.lang.StackTraceElement::dropClassLoaderName (16 bytes)
Event: 363.623 Thread 0x0000016fbd446000 nmethod 6759 0x0000016fa1124f10 code [0x0000016fa11250a0, 0x0000016fa1125218]
Event: 363.623 Thread 0x0000016fbd446000 6760       1       org.hibernate.validator.internal.metadata.aggregated.AbstractConstraintMetaData::isCascading (5 bytes)
Event: 363.623 Thread 0x0000016fbd446000 nmethod 6760 0x0000016fa88e0710 code [0x0000016fa88e08a0, 0x0000016fa88e0978]
Event: 363.624 Thread 0x0000016fbd446000 6761       1       org.apache.catalina.connector.Response::getCoyoteResponse (5 bytes)
Event: 363.624 Thread 0x0000016fbd446000 nmethod 6761 0x0000016fa88e0410 code [0x0000016fa88e05a0, 0x0000016fa88e0678]
Event: 363.624 Thread 0x0000016fbd446000 6762       1       java.nio.charset.CharsetEncoder::charset (5 bytes)
Event: 363.624 Thread 0x0000016fbd446000 nmethod 6762 0x0000016fa88e0110 code [0x0000016fa88e02a0, 0x0000016fa88e0378]
Event: 363.624 Thread 0x0000016fbd446000 6763       3       org.apache.tomcat.util.buf.MessageBytes::recycle (40 bytes)
Event: 363.624 Thread 0x0000016fbd446000 nmethod 6763 0x0000016fa19c2410 code [0x0000016fa19c25c0, 0x0000016fa19c2858]
Event: 363.624 Thread 0x0000016fbd446000 6764       3       org.apache.tomcat.util.buf.ByteChunk::recycle (26 bytes)
Event: 363.624 Thread 0x0000016fbd446000 nmethod 6764 0x0000016fa1853f10 code [0x0000016fa18540a0, 0x0000016fa18541f8]
Event: 363.624 Thread 0x0000016fbd446000 6765       3       jdk.internal.misc.Unsafe::getAndAddLong (27 bytes)
Event: 363.624 Thread 0x0000016fbd446000 nmethod 6765 0x0000016fa149cc90 code [0x0000016fa149ce40, 0x0000016fa149d0b8]

GC Heap History (20 events):
Event: 0.912 GC heap before
{Heap before GC invocations=0 (full 0):
 garbage-first heap   total 260096K, used 23552K [0x0000000702000000, 0x0000000800000000)
  region size 1024K, 23 young (23552K), 0 survivors (0K)
 Metaspace       used 6362K, capacity 7497K, committed 7680K, reserved 1056768K
  class space    used 797K, capacity 926K, committed 1024K, reserved 1048576K
}
Event: 0.919 GC heap after
{Heap after GC invocations=1 (full 0):
 garbage-first heap   total 260096K, used 5086K [0x0000000702000000, 0x0000000800000000)
  region size 1024K, 3 young (3072K), 3 survivors (3072K)
 Metaspace       used 6362K, capacity 7497K, committed 7680K, reserved 1056768K
  class space    used 797K, capacity 926K, committed 1024K, reserved 1048576K
}
Event: 1.266 GC heap before
{Heap before GC invocations=1 (full 0):
 garbage-first heap   total 260096K, used 33758K [0x0000000702000000, 0x0000000800000000)
  region size 1024K, 31 young (31744K), 3 survivors (3072K)
 Metaspace       used 13670K, capacity 14033K, committed 14080K, reserved 1060864K
  class space    used 1651K, capacity 1751K, committed 1792K, reserved 1048576K
}
Event: 1.271 GC heap after
{Heap after GC invocations=2 (full 0):
 garbage-first heap   total 260096K, used 6957K [0x0000000702000000, 0x0000000800000000)
  region size 1024K, 2 young (2048K), 2 survivors (2048K)
 Metaspace       used 13670K, capacity 14033K, committed 14080K, reserved 1060864K
  class space    used 1651K, capacity 1751K, committed 1792K, reserved 1048576K
}
Event: 2.781 GC heap before
{Heap before GC invocations=2 (full 0):
 garbage-first heap   total 260096K, used 107309K [0x0000000702000000, 0x0000000800000000)
  region size 1024K, 101 young (103424K), 2 survivors (2048K)
 Metaspace       used 20716K, capacity 21129K, committed 21296K, reserved 1069056K
  class space    used 2503K, capacity 2628K, committed 2688K, reserved 1048576K
}
Event: 2.790 GC heap after
{Heap after GC invocations=3 (full 0):
 garbage-first heap   total 260096K, used 11829K [0x0000000702000000, 0x0000000800000000)
  region size 1024K, 7 young (7168K), 7 survivors (7168K)
 Metaspace       used 20716K, capacity 21129K, committed 21296K, reserved 1069056K
  class space    used 2503K, capacity 2628K, committed 2688K, reserved 1048576K
}
Event: 3.183 GC heap before
{Heap before GC invocations=4 (full 0):
 garbage-first heap   total 48128K, used 33333K [0x0000000702000000, 0x0000000800000000)
  region size 1024K, 28 young (28672K), 7 survivors (7168K)
 Metaspace       used 23648K, capacity 24109K, committed 24240K, reserved 1071104K
  class space    used 2867K, capacity 3023K, committed 3072K, reserved 1048576K
}
Event: 3.194 GC heap after
{Heap after GC invocations=5 (full 0):
 garbage-first heap   total 48128K, used 15032K [0x0000000702000000, 0x0000000800000000)
  region size 1024K, 4 young (4096K), 4 survivors (4096K)
 Metaspace       used 23648K, capacity 24109K, committed 24240K, reserved 1071104K
  class space    used 2867K, capacity 3023K, committed 3072K, reserved 1048576K
}
Event: 3.516 GC heap before
{Heap before GC invocations=5 (full 0):
 garbage-first heap   total 48128K, used 32440K [0x0000000702000000, 0x0000000800000000)
  region size 1024K, 22 young (22528K), 4 survivors (4096K)
 Metaspace       used 26130K, capacity 26520K, committed 26800K, reserved 1073152K
  class space    used 3160K, capacity 3313K, committed 3328K, reserved 1048576K
}
Event: 3.526 GC heap after
{Heap after GC invocations=6 (full 0):
 garbage-first heap   total 154624K, used 18577K [0x0000000702000000, 0x0000000800000000)
  region size 1024K, 3 young (3072K), 3 survivors (3072K)
 Metaspace       used 26130K, capacity 26520K, committed 26800K, reserved 1073152K
  class space    used 3160K, capacity 3313K, committed 3328K, reserved 1048576K
}
Event: 4.394 GC heap before
{Heap before GC invocations=6 (full 0):
 garbage-first heap   total 154624K, used 82065K [0x0000000702000000, 0x0000000800000000)
  region size 1024K, 65 young (66560K), 3 survivors (3072K)
 Metaspace       used 30468K, capacity 30991K, committed 31152K, reserved 1077248K
  class space    used 3617K, capacity 3806K, committed 3840K, reserved 1048576K
}
Event: 4.405 GC heap after
{Heap after GC invocations=7 (full 0):
 garbage-first heap   total 154624K, used 23828K [0x0000000702000000, 0x0000000800000000)
  region size 1024K, 9 young (9216K), 9 survivors (9216K)
 Metaspace       used 30468K, capacity 30991K, committed 31152K, reserved 1077248K
  class space    used 3617K, capacity 3806K, committed 3840K, reserved 1048576K
}
Event: 5.122 GC heap before
{Heap before GC invocations=7 (full 0):
 garbage-first heap   total 154624K, used 89364K [0x0000000702000000, 0x0000000800000000)
  region size 1024K, 73 young (74752K), 9 survivors (9216K)
 Metaspace       used 33393K, capacity 33959K, committed 34096K, reserved 1079296K
  class space    used 4012K, capacity 4208K, committed 4224K, reserved 1048576K
}
Event: 5.137 GC heap after
{Heap after GC invocations=8 (full 0):
 garbage-first heap   total 154624K, used 28833K [0x0000000702000000, 0x0000000800000000)
  region size 1024K, 10 young (10240K), 10 survivors (10240K)
 Metaspace       used 33393K, capacity 33959K, committed 34096K, reserved 1079296K
  class space    used 4012K, capacity 4208K, committed 4224K, reserved 1048576K
}
Event: 5.857 GC heap before
{Heap before GC invocations=8 (full 0):
 garbage-first heap   total 154624K, used 96417K [0x0000000702000000, 0x0000000800000000)
  region size 1024K, 76 young (77824K), 10 survivors (10240K)
 Metaspace       used 34736K, capacity 35303K, committed 35504K, reserved 1081344K
  class space    used 4157K, capacity 4348K, committed 4352K, reserved 1048576K
}
Event: 5.870 GC heap after
{Heap after GC invocations=9 (full 0):
 garbage-first heap   total 154624K, used 29555K [0x0000000702000000, 0x0000000800000000)
  region size 1024K, 6 young (6144K), 6 survivors (6144K)
 Metaspace       used 34736K, capacity 35303K, committed 35504K, reserved 1081344K
  class space    used 4157K, capacity 4348K, committed 4352K, reserved 1048576K
}
Event: 6.302 GC heap before
{Heap before GC invocations=9 (full 0):
 garbage-first heap   total 154624K, used 81779K [0x0000000702000000, 0x0000000800000000)
  region size 1024K, 58 young (59392K), 6 survivors (6144K)
 Metaspace       used 35266K, capacity 35825K, committed 35920K, reserved 1081344K
  class space    used 4199K, capacity 4415K, committed 4480K, reserved 1048576K
}
Event: 6.312 GC heap after
{Heap after GC invocations=10 (full 0):
 garbage-first heap   total 186368K, used 30312K [0x0000000702000000, 0x0000000800000000)
  region size 1024K, 2 young (2048K), 2 survivors (2048K)
 Metaspace       used 35266K, capacity 35825K, committed 35920K, reserved 1081344K
  class space    used 4199K, capacity 4415K, committed 4480K, reserved 1048576K
}
Event: 299.728 GC heap before
{Heap before GC invocations=11 (full 0):
 garbage-first heap   total 109568K, used 93800K [0x0000000702000000, 0x0000000800000000)
  region size 1024K, 64 young (65536K), 2 survivors (2048K)
 Metaspace       used 45433K, capacity 46203K, committed 46384K, reserved 1089536K
  class space    used 5394K, capacity 5643K, committed 5760K, reserved 1048576K
}
Event: 299.735 GC heap after
{Heap after GC invocations=12 (full 0):
 garbage-first heap   total 109568K, used 34509K [0x0000000702000000, 0x0000000800000000)
  region size 1024K, 6 young (6144K), 6 survivors (6144K)
 Metaspace       used 45433K, capacity 46203K, committed 46384K, reserved 1089536K
  class space    used 5394K, capacity 5643K, committed 5760K, reserved 1048576K
}

Deoptimization events (20 events):
Event: 303.669 Thread 0x0000016fbea5a800 Uncommon trap: trap_request=0xffffffbe fr.pc=0x0000016fa8589d14 relative=0x00000000000002d4
Event: 303.669 Thread 0x0000016fbea5a800 Uncommon trap: reason=profile_predicate action=maybe_recompile pc=0x0000016fa8589d14 method=java.util.HashMap.valuesToArray([Ljava/lang/Object;)[Ljava/lang/Object; @ 36 c2
Event: 303.669 Thread 0x0000016fbea5a800 DEOPT PACKING pc=0x0000016fa8589d14 sp=0x00000045ea9ff1f0
Event: 303.669 Thread 0x0000016fbea5a800 DEOPT UNPACKING pc=0x0000016fa0ac912f sp=0x00000045ea9ff180 mode 2
Event: 303.669 Thread 0x0000016fbea5a800 Uncommon trap: trap_request=0xffffffbe fr.pc=0x0000016fa8589d14 relative=0x00000000000002d4
Event: 303.669 Thread 0x0000016fbea5a800 Uncommon trap: reason=profile_predicate action=maybe_recompile pc=0x0000016fa8589d14 method=java.util.HashMap.valuesToArray([Ljava/lang/Object;)[Ljava/lang/Object; @ 36 c2
Event: 303.669 Thread 0x0000016fbea5a800 DEOPT PACKING pc=0x0000016fa8589d14 sp=0x00000045ea9ff160
Event: 303.669 Thread 0x0000016fbea5a800 DEOPT UNPACKING pc=0x0000016fa0ac912f sp=0x00000045ea9ff0f0 mode 2
Event: 303.669 Thread 0x0000016fbea5a800 Uncommon trap: trap_request=0xffffffbe fr.pc=0x0000016fa8589d14 relative=0x00000000000002d4
Event: 303.669 Thread 0x0000016fbea5a800 Uncommon trap: reason=profile_predicate action=maybe_recompile pc=0x0000016fa8589d14 method=java.util.HashMap.valuesToArray([Ljava/lang/Object;)[Ljava/lang/Object; @ 36 c2
Event: 303.669 Thread 0x0000016fbea5a800 DEOPT PACKING pc=0x0000016fa8589d14 sp=0x00000045ea9ff0e0
Event: 303.669 Thread 0x0000016fbea5a800 DEOPT UNPACKING pc=0x0000016fa0ac912f sp=0x00000045ea9ff070 mode 2
Event: 333.669 Thread 0x0000016fbea5a800 Uncommon trap: trap_request=0xffffffbe fr.pc=0x0000016fa8589d14 relative=0x00000000000002d4
Event: 333.669 Thread 0x0000016fbea5a800 Uncommon trap: reason=profile_predicate action=maybe_recompile pc=0x0000016fa8589d14 method=java.util.HashMap.valuesToArray([Ljava/lang/Object;)[Ljava/lang/Object; @ 36 c2
Event: 333.669 Thread 0x0000016fbea5a800 DEOPT PACKING pc=0x0000016fa8589d14 sp=0x00000045ea9ff1f0
Event: 333.669 Thread 0x0000016fbea5a800 DEOPT UNPACKING pc=0x0000016fa0ac912f sp=0x00000045ea9ff180 mode 2
Event: 363.418 Thread 0x0000016fc2772000 DEOPT PACKING pc=0x0000016fa199a98a sp=0x00000045eaffb8b0
Event: 363.418 Thread 0x0000016fc2772000 DEOPT UNPACKING pc=0x0000016fa0ac964e sp=0x00000045eaffafd8 mode 0
Event: 363.582 Thread 0x0000016fc2772000 DEOPT PACKING pc=0x0000016fa1bea20a sp=0x00000045eaffbe50
Event: 363.582 Thread 0x0000016fc2772000 DEOPT UNPACKING pc=0x0000016fa0ac964e sp=0x00000045eaffb378 mode 0

Classes unloaded (0 events):
No events

Classes redefined (0 events):
No events

Internal exceptions (20 events):
Event: 189.638 Thread 0x0000016fc2771000 Exception <a 'java/lang/IncompatibleClassChangeError'{0x0000000706ea5810}: Found class java.lang.Object, but interface was expected> (0x0000000706ea5810) 
thrown [t:/workspace/open/src/hotspot/share/interpreter/linkResolver.cpp, line 832]
Event: 189.638 Thread 0x0000016fc2771000 Exception <a 'java/lang/NoSuchMethodError'{0x0000000706ea8650}: 'void java.lang.invoke.DirectMethodHandle$Holder.invokeStaticInit(java.lang.Object, java.lang.Object)'> (0x0000000706ea8650) 
thrown [t:/workspace/open/src/hotspot/share/interpreter/linkResolver.cpp, line 766]
Event: 189.639 Thread 0x0000016fc2771000 Exception <a 'java/lang/NoSuchMethodError'{0x0000000706ead828}: 'int java.lang.invoke.DirectMethodHandle$Holder.invokeStaticInit(java.lang.Object, java.lang.Object)'> (0x0000000706ead828) 
thrown [t:/workspace/open/src/hotspot/share/interpreter/linkResolver.cpp, line 766]
Event: 189.644 Thread 0x0000016fc2771000 Exception <a 'sun/nio/fs/WindowsException'{0x0000000706ed8b08}> (0x0000000706ed8b08) 
thrown [t:/workspace/open/src/hotspot/share/prims/jni.cpp, line 599]
Event: 189.694 Thread 0x0000016fc2771000 Exception <a 'java/lang/NoSuchMethodError'{0x0000000706cc8d08}: 'java.lang.Object java.lang.invoke.DirectMethodHandle$Holder.invokeStatic(java.lang.Object, int, java.lang.Object)'> (0x0000000706cc8d08) 
thrown [t:/workspace/open/src/hotspot/share/interpreter/linkResolver.cpp, line 766]
Event: 189.703 Thread 0x0000016fc2771000 Exception <a 'java/lang/NoSuchMethodError'{0x0000000706b06f30}: 'java.lang.Object java.lang.invoke.Invokers$Holder.linkToTargetMethod(java.lang.Object, int, java.lang.Object)'> (0x0000000706b06f30) 
thrown [t:/workspace/open/src/hotspot/share/interpreter/linkResolver.cpp, line 766]
Event: 189.738 Thread 0x0000016fc2771000 Exception <a 'java/lang/NoSuchMethodError'{0x0000000706ba6088}: 'int java.lang.invoke.DirectMethodHandle$Holder.invokeSpecialIFC(java.lang.Object, java.lang.Object, java.lang.Object)'> (0x0000000706ba6088) 
thrown [t:/workspace/open/src/hotspot/share/interpreter/linkResolver.cpp, line 766]
Event: 189.739 Thread 0x0000016fc2771000 Exception <a 'java/lang/NoSuchMethodError'{0x0000000706babda8}: 'void java.lang.invoke.DirectMethodHandle$Holder.invokeSpecial(java.lang.Object, java.lang.Object, java.lang.Object, java.lang.Object)'> (0x0000000706babda8) 
thrown [t:/workspace/open/src/hotspot/share/interpreter/linkResolver.cpp, line 766]
Event: 189.752 Thread 0x0000016fc2771000 Exception <a 'java/lang/NoSuchMethodError'{0x0000000706a34b90}: 'java.lang.Object java.lang.invoke.DirectMethodHandle$Holder.invokeVirtual(java.lang.Object, java.lang.Object, int)'> (0x0000000706a34b90) 
thrown [t:/workspace/open/src/hotspot/share/interpreter/linkResolver.cpp, line 766]
Event: 190.403 Thread 0x0000016fc2771000 Exception <a 'java/lang/reflect/InvocationTargetException'{0x0000000705bc4530}> (0x0000000705bc4530) 
thrown [t:/workspace/open/src/hotspot/share/runtime/reflection.cpp, line 1188]
Event: 190.475 Thread 0x0000016fc2771000 Exception <a 'java/lang/ClassNotFoundException'{0x0000000705970998}: java/lang/ObjectCustomizer> (0x0000000705970998) 
thrown [t:/workspace/open/src/hotspot/share/classfile/systemDictionary.cpp, line 226]
Event: 190.476 Thread 0x0000016fc2771000 Exception <a 'java/lang/ClassNotFoundException'{0x000000070597f518}: org/springframework/jdbc/support/SQLErrorCodesCustomizer> (0x000000070597f518) 
thrown [t:/workspace/open/src/hotspot/share/classfile/systemDictionary.cpp, line 226]
Event: 190.478 Thread 0x0000016fc2771000 Implicit null exception at 0x0000016fa87252da to 0x0000016fa87255e0
Event: 190.488 Thread 0x0000016fc2771000 Exception <a 'java/lang/NoClassDefFoundError'{0x000000070580a7b0}: sun/reflect/Reflection> (0x000000070580a7b0) 
thrown [t:/workspace/open/src/hotspot/share/classfile/systemDictionary.cpp, line 215]
Event: 193.530 Thread 0x0000016fc2770800 Exception <a 'java/lang/reflect/InvocationTargetException'{0x0000000705140f88}> (0x0000000705140f88) 
thrown [t:/workspace/open/src/hotspot/share/runtime/reflection.cpp, line 1188]
Event: 193.531 Thread 0x0000016fc2770800 Implicit null exception at 0x0000016fa892654e to 0x0000016fa892c1c4
Event: 299.741 Thread 0x0000016fc2777000 Exception <a 'java/lang/reflect/InvocationTargetException'{0x0000000711d414a0}> (0x0000000711d414a0) 
thrown [t:/workspace/open/src/hotspot/share/runtime/reflection.cpp, line 1188]
Event: 363.430 Thread 0x0000016fc2772000 Exception <a 'java/lang/ClassNotFoundException'{0x000000070877df50}: java/lang/ObjectCustomizer> (0x000000070877df50) 
thrown [t:/workspace/open/src/hotspot/share/classfile/systemDictionary.cpp, line 226]
Event: 363.431 Thread 0x0000016fc2772000 Exception <a 'java/lang/ClassNotFoundException'{0x000000070878b770}: io/swagger/model/CARTEITEMCustomizer> (0x000000070878b770) 
thrown [t:/workspace/open/src/hotspot/share/classfile/systemDictionary.cpp, line 226]
Event: 363.622 Thread 0x0000016fc2772000 Exception <a 'java/lang/reflect/InvocationTargetException'{0x00000007081e9530}> (0x00000007081e9530) 
thrown [t:/workspace/open/src/hotspot/share/runtime/reflection.cpp, line 1188]

Events (20 events):
Event: 299.746 Executing VM operation: G1Concurrent
Event: 299.749 Executing VM operation: G1Concurrent done
Event: 299.755 Executing VM operation: G1Concurrent
Event: 299.755 Executing VM operation: G1Concurrent done
Event: 363.417 Executing VM operation: HandshakeOneThread
Event: 363.417 Executing VM operation: HandshakeOneThread done
Event: 363.421 Executing VM operation: HandshakeOneThread
Event: 363.421 Executing VM operation: HandshakeOneThread done
Event: 363.422 Thread 0x0000016fc1853000 Thread added: 0x0000016fc1853000
Event: 363.426 Thread 0x0000016fc1852000 Thread added: 0x0000016fc1852000
Event: 363.430 loading class java/lang/ObjectCustomizer
Event: 363.430 loading class java/lang/ObjectCustomizer done
Event: 363.430 loading class java/lang/ObjectCustomizer
Event: 363.430 loading class java/lang/ObjectCustomizer done
Event: 363.443 Executing VM operation: HandshakeOneThread
Event: 363.443 Executing VM operation: HandshakeOneThread done
Event: 363.601 Executing VM operation: BulkRevokeBias
Event: 363.602 Executing VM operation: BulkRevokeBias done
Event: 363.602 Executing VM operation: BulkRevokeBias
Event: 363.602 Executing VM operation: BulkRevokeBias done


Dynamic libraries:
0x00007ff723160000 - 0x00007ff72316f000 	C:\Program Files\Java\jdk-14\bin\java.exe
0x00007ffc02070000 - 0x00007ffc02265000 	C:\WINDOWS\SYSTEM32\ntdll.dll
0x00007ffc01900000 - 0x00007ffc019bd000 	C:\WINDOWS\System32\KERNEL32.DLL
0x00007ffbff990000 - 0x00007ffbffc5d000 	C:\WINDOWS\System32\KERNELBASE.dll
0x00007ffbff800000 - 0x00007ffbff900000 	C:\WINDOWS\System32\ucrtbase.dll
0x00007ffbf7db0000 - 0x00007ffbf7dc5000 	C:\Program Files\Java\jdk-14\bin\VCRUNTIME140.dll
0x00007ffbf9d20000 - 0x00007ffbf9d38000 	C:\Program Files\Java\jdk-14\bin\jli.dll
0x00007ffc01840000 - 0x00007ffc018ee000 	C:\WINDOWS\System32\ADVAPI32.dll
0x00007ffc00890000 - 0x00007ffc0092e000 	C:\WINDOWS\System32\msvcrt.dll
0x00007ffc019c0000 - 0x00007ffc01a5c000 	C:\WINDOWS\System32\sechost.dll
0x00007ffc009e0000 - 0x00007ffc00b05000 	C:\WINDOWS\System32\RPCRT4.dll
0x00007ffc00250000 - 0x00007ffc003f0000 	C:\WINDOWS\System32\USER32.dll
0x00007ffbff780000 - 0x00007ffbff7a2000 	C:\WINDOWS\System32\win32u.dll
0x00007ffbeb060000 - 0x00007ffbeb2fa000 	C:\WINDOWS\WinSxS\amd64_microsoft.windows.common-controls_6595b64144ccf1df_6.0.19041.1110_none_60b5254171f9507e\COMCTL32.dll
0x00007ffc00b10000 - 0x00007ffc00b3a000 	C:\WINDOWS\System32\GDI32.dll
0x00007ffbfffb0000 - 0x00007ffc000bb000 	C:\WINDOWS\System32\gdi32full.dll
0x00007ffbfff10000 - 0x00007ffbfffad000 	C:\WINDOWS\System32\msvcp_win.dll
0x00007ffbf80a0000 - 0x00007ffbf80aa000 	C:\WINDOWS\SYSTEM32\VERSION.dll
0x00007ffc02000000 - 0x00007ffc02030000 	C:\WINDOWS\System32\IMM32.DLL
0x00007ffbd2fd0000 - 0x00007ffbd306b000 	C:\Program Files\Java\jdk-14\bin\msvcp140.dll
0x00007ffba1710000 - 0x00007ffba222f000 	C:\Program Files\Java\jdk-14\bin\server\jvm.dll
0x00007ffc00b40000 - 0x00007ffc00b48000 	C:\WINDOWS\System32\PSAPI.DLL
0x00007ffbe60e0000 - 0x00007ffbe60e9000 	C:\WINDOWS\SYSTEM32\WSOCK32.dll
0x00007ffbed4c0000 - 0x00007ffbed4e7000 	C:\WINDOWS\SYSTEM32\WINMM.dll
0x00007ffc00c20000 - 0x00007ffc00c8b000 	C:\WINDOWS\System32\WS2_32.dll
0x00007ffbfe010000 - 0x00007ffbfe022000 	C:\WINDOWS\SYSTEM32\kernel.appcore.dll
0x00007ffbfab90000 - 0x00007ffbfab9a000 	C:\Program Files\Java\jdk-14\bin\jimage.dll
0x00007ffbfd3f0000 - 0x00007ffbfd5d4000 	C:\WINDOWS\SYSTEM32\DBGHELP.DLL
0x00007ffbe5ec0000 - 0x00007ffbe5eec000 	C:\WINDOWS\SYSTEM32\dbgcore.DLL
0x00007ffbff900000 - 0x00007ffbff982000 	C:\WINDOWS\System32\bcryptPrimitives.dll
0x00007ffbf9dc0000 - 0x00007ffbf9dce000 	C:\Program Files\Java\jdk-14\bin\instrument.dll
0x00007ffbf7d60000 - 0x00007ffbf7d85000 	C:\Program Files\Java\jdk-14\bin\java.dll
0x00007ffbf7d30000 - 0x00007ffbf7d47000 	C:\Program Files\Java\jdk-14\bin\zip.dll
0x00007ffc01050000 - 0x00007ffc01794000 	C:\WINDOWS\System32\SHELL32.dll
0x00007ffbfd860000 - 0x00007ffbfdff4000 	C:\WINDOWS\SYSTEM32\windows.storage.dll
0x00007ffc00cf0000 - 0x00007ffc01044000 	C:\WINDOWS\System32\combase.dll
0x00007ffbff1e0000 - 0x00007ffbff20c000 	C:\WINDOWS\SYSTEM32\Wldp.dll
0x00007ffc003f0000 - 0x00007ffc0049d000 	C:\WINDOWS\System32\SHCORE.dll
0x00007ffc00500000 - 0x00007ffc00555000 	C:\WINDOWS\System32\shlwapi.dll
0x00007ffbff6c0000 - 0x00007ffbff6df000 	C:\WINDOWS\SYSTEM32\profapi.dll
0x00007ffbf7cf0000 - 0x00007ffbf7d09000 	C:\Program Files\Java\jdk-14\bin\net.dll
0x00007ffbf4e20000 - 0x00007ffbf4f2a000 	C:\WINDOWS\SYSTEM32\WINHTTP.dll
0x00007ffbfef40000 - 0x00007ffbfefaa000 	C:\WINDOWS\system32\mswsock.dll
0x00007ffbf7c40000 - 0x00007ffbf7c52000 	C:\Program Files\Java\jdk-14\bin\nio.dll
0x00007ffbed030000 - 0x00007ffbed04a000 	C:\Program Files\JetBrains\IntelliJ IDEA Community Edition 2020.2.3\bin\breakgen64.dll
0x00007ffbf5d20000 - 0x00007ffbf5d30000 	C:\Program Files\Java\jdk-14\bin\verify.dll
0x00007ffbf5d10000 - 0x00007ffbf5d19000 	C:\Program Files\Java\jdk-14\bin\management.dll
0x00007ffbf41e0000 - 0x00007ffbf41eb000 	C:\Program Files\Java\jdk-14\bin\management_ext.dll
0x00007ffbdcfc0000 - 0x00007ffbdcfd7000 	C:\WINDOWS\system32\napinsp.dll
0x00007ffbdcfa0000 - 0x00007ffbdcfbb000 	C:\WINDOWS\system32\pnrpnsp.dll
0x00007ffbfa4c0000 - 0x00007ffbfa4d5000 	C:\WINDOWS\system32\wshbth.dll
0x00007ffbfaa70000 - 0x00007ffbfaa8d000 	C:\WINDOWS\system32\NLAapi.dll
0x00007ffbfebe0000 - 0x00007ffbfec1b000 	C:\WINDOWS\SYSTEM32\IPHLPAPI.DLL
0x00007ffbfec20000 - 0x00007ffbfeceb000 	C:\WINDOWS\SYSTEM32\DNSAPI.dll
0x00007ffc00560000 - 0x00007ffc00568000 	C:\WINDOWS\System32\NSI.dll
0x00007ffbdd030000 - 0x00007ffbdd042000 	C:\WINDOWS\System32\winrnr.dll
0x00007ffbf78f0000 - 0x00007ffbf78fa000 	C:\Windows\System32\rasadhlp.dll
0x00007ffbf4a10000 - 0x00007ffbf4a90000 	C:\WINDOWS\System32\fwpuclnt.dll
0x00007ffbffee0000 - 0x00007ffbfff07000 	C:\WINDOWS\System32\bcrypt.dll
0x00007ffbff130000 - 0x00007ffbff148000 	C:\WINDOWS\SYSTEM32\CRYPTSP.dll
0x00007ffbfe850000 - 0x00007ffbfe884000 	C:\WINDOWS\system32\rsaenh.dll
0x00007ffbff680000 - 0x00007ffbff6ae000 	C:\WINDOWS\SYSTEM32\USERENV.dll
0x00007ffbff150000 - 0x00007ffbff15c000 	C:\WINDOWS\SYSTEM32\CRYPTBASE.dll
0x00007ffbf6e30000 - 0x00007ffbf6e47000 	C:\WINDOWS\SYSTEM32\dhcpcsvc6.DLL
0x00007ffbf6e10000 - 0x00007ffbf6e2d000 	C:\WINDOWS\SYSTEM32\dhcpcsvc.DLL
0x00007ffbf3c60000 - 0x00007ffbf3c6e000 	C:\Program Files\Java\jdk-14\bin\sunmscapi.dll
0x00007ffbffc60000 - 0x00007ffbffdb6000 	C:\WINDOWS\System32\CRYPT32.dll
0x00007ffbff250000 - 0x00007ffbff277000 	C:\WINDOWS\SYSTEM32\ncrypt.dll
0x00007ffbff210000 - 0x00007ffbff24b000 	C:\WINDOWS\SYSTEM32\NTASN1.dll
0x00007ffbeae50000 - 0x00007ffbeae75000 	C:\Program Files\Java\jdk-14\bin\sunec.dll

dbghelp: loaded successfully - version: 4.0.5 - missing functions: none
symbol engine: initialized successfully - sym options: 0x614 - pdb path: .;C:\Program Files\Java\jdk-14\bin;C:\WINDOWS\SYSTEM32;C:\WINDOWS\WinSxS\amd64_microsoft.windows.common-controls_6595b64144ccf1df_6.0.19041.1110_none_60b5254171f9507e;C:\Program Files\Java\jdk-14\bin\server;C:\Program Files\JetBrains\IntelliJ IDEA Community Edition 2020.2.3\bin

VM Arguments:
jvm_args: -javaagent:C:\Program Files\JetBrains\IntelliJ IDEA Community Edition 2020.2.3\lib\idea_rt.jar=57549:C:\Program Files\JetBrains\IntelliJ IDEA Community Edition 2020.2.3\bin -Dfile.encoding=UTF-8 
java_command: io.swagger.Swagger2SpringBoot
java_class_path (initial): C:\Users\Alex\spring\mobdb\spring-server\target\classes;C:\Users\Alex\.m2\repository\org\springframework\boot\spring-boot-starter-web\1.5.9.RELEASE\spring-boot-starter-web-1.5.9.RELEASE.jar;C:\Users\Alex\.m2\repository\org\springframework\boot\spring-boot-starter\1.5.9.RELEASE\spring-boot-starter-1.5.9.RELEASE.jar;C:\Users\Alex\.m2\repository\org\springframework\boot\spring-boot\1.5.9.RELEASE\spring-boot-1.5.9.RELEASE.jar;C:\Users\Alex\.m2\repository\org\springframework\boot\spring-boot-autoconfigure\1.5.9.RELEASE\spring-boot-autoconfigure-1.5.9.RELEASE.jar;C:\Users\Alex\.m2\repository\org\springframework\boot\spring-boot-starter-logging\1.5.9.RELEASE\spring-boot-starter-logging-1.5.9.RELEASE.jar;C:\Users\Alex\.m2\repository\ch\qos\logback\logback-classic\1.1.11\logback-classic-1.1.11.jar;C:\Users\Alex\.m2\repository\ch\qos\logback\logback-core\1.1.11\logback-core-1.1.11.jar;C:\Users\Alex\.m2\repository\org\slf4j\jcl-over-slf4j\1.7.25\jcl-over-slf4j-1.7.25.jar;C:\Users\Alex\.m2\repository\org\slf4j\jul-to-slf4j\1.7.25\jul-to-slf4j-1.7.25.jar;C:\Users\Alex\.m2\repository\org\slf4j\log4j-over-slf4j\1.7.25\log4j-over-slf4j-1.7.25.jar;C:\Users\Alex\.m2\repository\org\yaml\snakeyaml\1.17\snakeyaml-1.17.jar;C:\Users\Alex\.m2\repository\org\hibernate\hibernate-validator\5.3.6.Final\hibernate-validator-5.3.6.Final.jar;C:\Users\Alex\.m2\repository\org\jboss\logging\jboss-logging\3.3.1.Final\jboss-logging-3.3.1.Final.jar;C:\Users\Alex\.m2\repository\com\fasterxml\jackson\core\jackson-databind\2.8.10\jackson-databind-2.8.10.jar;C:\Users\Alex\.m2\repository\com\fasterxml\jackson\core\jackson-annotations\2.8.0\jackson-annotations-2.8.0.jar;C:\Users\Alex\.m2\repository\org\springframework\spring-web\4.3.13.RELEASE\spring-web-4.3.13.RELEASE.jar;C:\Users\Alex\.m2\repository\org\springframework\spring-aop\4.3.13.RELEASE\spring-aop-4.3.13.RELEASE.jar;C:\Users\Alex\.m2\repository\org\springframework\spring-beans\4.3.13.RELEASE\spring-beans-4.3.13.RELEASE.j
Launcher Type: SUN_STANDARD

[Global flags]
     intx CICompilerCount                          = 4                                         {product} {ergonomic}
     uint ConcGCThreads                            = 3                                         {product} {ergonomic}
     uint G1ConcRefinementThreads                  = 10                                        {product} {ergonomic}
   size_t G1HeapRegionSize                         = 1048576                                   {product} {ergonomic}
    uintx GCDrainStackTargetSize                   = 64                                        {product} {ergonomic}
   size_t InitialHeapSize                          = 266338304                                 {product} {ergonomic}
   size_t MarkStackSize                            = 4194304                                   {product} {ergonomic}
   size_t MaxHeapSize                              = 4261412864                                {product} {ergonomic}
   size_t MaxNewSize                               = 2556428288                                {product} {ergonomic}
   size_t MinHeapDeltaBytes                        = 1048576                                   {product} {ergonomic}
   size_t MinHeapSize                              = 8388608                                   {product} {ergonomic}
    uintx NonNMethodCodeHeapSize                   = 5839372                                {pd product} {ergonomic}
    uintx NonProfiledCodeHeapSize                  = 122909434                              {pd product} {ergonomic}
    uintx ProfiledCodeHeapSize                     = 122909434                              {pd product} {ergonomic}
    uintx ReservedCodeCacheSize                    = 251658240                              {pd product} {ergonomic}
     bool SegmentedCodeCache                       = true                                      {product} {ergonomic}
   size_t SoftMaxHeapSize                          = 4261412864                             {manageable} {ergonomic}
     bool UseCompressedClassPointers               = true                                 {lp64_product} {ergonomic}
     bool UseCompressedOops                        = true                                 {lp64_product} {ergonomic}
     bool UseG1GC                                  = true                                      {product} {ergonomic}
     bool UseLargePagesIndividualAllocation        = false                                  {pd product} {ergonomic}

Logging:
Log output configuration:
 #0: stdout all=warning uptime,level,tags
 #1: stderr all=off uptime,level,tags

Environment Variables:
PATH=D:\Oracle_installer\WINDOWS.X64_193000_db_home\bin;C:\Program Files\Common Files\Oracle\Java\javapath;C:\WINDOWS\system32;C:\WINDOWS;C:\WINDOWS\System32\Wbem;C:\WINDOWS\System32\WindowsPowerShell\v1.0\;C:\WINDOWS\System32\OpenSSH\;C:\HashiCorp\Vagrant\bin;C:\Program Files\Git\cmd;C:\Program Files\nodejs\;D:\Oracle_installer\WINDOWS.X64_193000_db_home\bin;C:\Program Files\Common Files\Oracle\Java\javapath;C:\WINDOWS\system32;C:\WINDOWS;C:\WINDOWS\System32\Wbem;C:\WINDOWS\System32\WindowsPowerShell\v1.0\;C:\WINDOWS\System32\OpenSSH\;C:\HashiCorp\Vagrant\bin;C:\Program Files\Git\cmd;C:\Program Files\nodejs\;D:\ords-latest\bin;C:\Users\Alex\AppData\Local\Programs\Microsoft VS Code\bin;C:\Program Files\JetBrains\DataGrip 2022.1.4\bin;
USERNAME=Alex
OS=Windows_NT
PROCESSOR_IDENTIFIER=Intel64 Family 6 Model 165 Stepping 2, GenuineIntel



---------------  S Y S T E M  ---------------

OS: Windows 10 , 64 bit Build 19041 (10.0.19041.1706)
OS uptime: 4 days 22:40 hours

CPU:total 12 (initial active 12) (6 cores per cpu, 2 threads per core) family 6 model 165 stepping 2, cmov, cx8, fxsr, mmx, sse, sse2, sse3, ssse3, sse4.1, sse4.2, popcnt, avx, avx2, aes, clmul, erms, 3dnowpref, lzcnt, ht, tsc, tscinvbit, bmi1, bmi2, adx, fma

Memory: 4k page, system-wide physical 16252M (1780M free)
TotalPageFile size 37949M (AvailPageFile size 153M)
current process WorkingSet (physical memory assigned to process): 277M, peak: 312M
current process commit charge ("private bytes"): 320M, peak: 440M

vm_info: Java HotSpot(TM) 64-Bit Server VM (14+36-1461) for windows-amd64 JRE (14+36-1461), built on Feb  6 2020 19:08:04 by "mach5one" with MS VC++ 15.9 (VS2017)

END.
