#
# There is insufficient memory for the Java Runtime Environment to continue.
# Native memory allocation (malloc) failed to allocate 1904656 bytes for Chunk::new
# Possible reasons:
#   The system is out of physical RAM or swap space
#   The process is running with CompressedOops enabled, and the Java Heap may be blocking the growth of the native heap
# Possible solutions:
#   Reduce memory load on the system
#   Increase physical memory or swap space
#   Check if swap backing store is full
#   Decrease Java heap size (-Xmx/-Xms)
#   Decrease number of Java threads
#   Decrease Java thread stack sizes (-Xss)
#   Set larger code cache with -XX:ReservedCodeCacheSize=
#   JVM is running with Zero Based Compressed Oops mode in which the Java heap is
#     placed in the first 32GB address space. The Java Heap base address is the
#     maximum limit for the native heap growth. Please use -XX:HeapBaseMinAddress
#     to set the Java Heap base and to place the Java Heap above 32GB virtual address.
# This output file may be truncated or incomplete.
#
#  Out of Memory Error (t:/workspace/open/src/hotspot/share/memory/arena.cpp:195), pid=15904, tid=4100
#
# JRE version: Java(TM) SE Runtime Environment (14.0+36) (build 14+36-1461)
# Java VM: Java HotSpot(TM) 64-Bit Server VM (14+36-1461, mixed mode, sharing, tiered, compressed oops, g1 gc, windows-amd64)
# No core dump will be written. Minidumps are not enabled by default on client versions of Windows
#

---------------  S U M M A R Y ------------

Command Line: -javaagent:C:\Program Files\JetBrains\IntelliJ IDEA Community Edition 2020.2.3\lib\idea_rt.jar=62582:C:\Program Files\JetBrains\IntelliJ IDEA Community Edition 2020.2.3\bin -Dfile.encoding=UTF-8 io.swagger.Swagger2SpringBoot

Host: Intel(R) Core(TM) i7-10750H CPU @ 2.60GHz, 12 cores, 15G,  Windows 10 , 64 bit Build 19041 (10.0.19041.1706)
Time: Sat May 21 12:46:44 2022 GTB Daylight Time elapsed time: 46 seconds (0d 0h 0m 46s)

---------------  T H R E A D  ---------------

Current thread (0x0000021ff52ff800):  JavaThread "C2 CompilerThread1" daemon [_thread_in_native, id=4100, stack(0x0000006974500000,0x0000006974600000)]


Current CompileTask:
C2:  46405 6937       4       java.util.regex.Pattern::group0 (1098 bytes)

Stack: [0x0000006974500000,0x0000006974600000]
Native frames: (J=compiled Java code, j=interpreted, Vv=VM code, C=native code)
V  [jvm.dll+0x5f83ea]
V  [jvm.dll+0x741e2a]
V  [jvm.dll+0x7435df]
V  [jvm.dll+0x743c23]
V  [jvm.dll+0x20d268]
V  [jvm.dll+0xabb07]
V  [jvm.dll+0xac1fc]
V  [jvm.dll+0x31c448]
V  [jvm.dll+0x2e6b28]
V  [jvm.dll+0x2e5f2a]
V  [jvm.dll+0x1e5df6]
V  [jvm.dll+0x1e5098]
V  [jvm.dll+0x1779cc]
V  [jvm.dll+0x1f40e5]
V  [jvm.dll+0x1f22cb]
V  [jvm.dll+0x706a7d]
V  [jvm.dll+0x6ff89a]
V  [jvm.dll+0x5f72a6]
C  [ucrtbase.dll+0x21bb2]
C  [KERNEL32.DLL+0x17034]
C  [ntdll.dll+0x52651]


---------------  P R O C E S S  ---------------

Threads class SMR info:
_java_thread_list=0x0000021ff0091580, length=39, elements={
0x0000021fedae7000, 0x0000021fedae8000, 0x0000021fee389800, 0x0000021fee38c800,
0x0000021fee38f800, 0x0000021fee394000, 0x0000021fee395800, 0x0000021fee3ab000,
0x0000021fee4b8000, 0x0000021fee6f8800, 0x0000021fee5ab000, 0x0000021ff16e6000,
0x0000021ff16a5800, 0x0000021feef4d000, 0x0000021ff39d0800, 0x0000021feee38800,
0x0000021ff263c800, 0x0000021ff2637800, 0x0000021ff2637000, 0x0000021ff263d800,
0x0000021ff263b000, 0x0000021ff2638800, 0x0000021ff2639800, 0x0000021ff263b800,
0x0000021ff263a000, 0x0000021ff2e75000, 0x0000021ff2e7b000, 0x0000021ff2e7b800,
0x0000021ff2e76000, 0x0000021ff2e79000, 0x0000021ff2e7c800, 0x0000021ff2e78800,
0x0000021ff2e77000, 0x0000021ff2e7a000, 0x0000021ff2e7d800, 0x0000021ff2e77800,
0x0000021ff2e82000, 0x0000021ff52ff800, 0x0000021ff242f800
}

Java Threads: ( => current thread )
  0x0000021fedae7000 JavaThread "Reference Handler" daemon [_thread_blocked, id=20516, stack(0x0000006971600000,0x0000006971700000)]
  0x0000021fedae8000 JavaThread "Finalizer" daemon [_thread_blocked, id=18328, stack(0x0000006971700000,0x0000006971800000)]
  0x0000021fee389800 JavaThread "Signal Dispatcher" daemon [_thread_blocked, id=8212, stack(0x0000006971800000,0x0000006971900000)]
  0x0000021fee38c800 JavaThread "Attach Listener" daemon [_thread_blocked, id=14120, stack(0x0000006971900000,0x0000006971a00000)]
  0x0000021fee38f800 JavaThread "Service Thread" daemon [_thread_blocked, id=520, stack(0x0000006971a00000,0x0000006971b00000)]
  0x0000021fee394000 JavaThread "C2 CompilerThread0" daemon [_thread_blocked, id=15180, stack(0x0000006971b00000,0x0000006971c00000)]
  0x0000021fee395800 JavaThread "C1 CompilerThread0" daemon [_thread_blocked, id=12304, stack(0x0000006971c00000,0x0000006971d00000)]
  0x0000021fee3ab000 JavaThread "Sweeper thread" daemon [_thread_blocked, id=13468, stack(0x0000006971d00000,0x0000006971e00000)]
  0x0000021fee4b8000 JavaThread "Common-Cleaner" daemon [_thread_blocked, id=6900, stack(0x0000006971e00000,0x0000006971f00000)]
  0x0000021fee6f8800 JavaThread "Monitor Ctrl-Break" daemon [_thread_in_native, id=17200, stack(0x0000006972000000,0x0000006972100000)]
  0x0000021fee5ab000 JavaThread "Notification Thread" daemon [_thread_blocked, id=19012, stack(0x0000006972100000,0x0000006972200000)]
  0x0000021ff16e6000 JavaThread "ContainerBackgroundProcessor[StandardEngine[Tomcat]]" daemon [_thread_blocked, id=11352, stack(0x0000006972e00000,0x0000006972f00000)]
  0x0000021ff16a5800 JavaThread "container-0" [_thread_blocked, id=9308, stack(0x0000006972f00000,0x0000006973000000)]
  0x0000021feef4d000 JavaThread "NioBlockingSelector.BlockPoller-1" daemon [_thread_in_native, id=5252, stack(0x0000006973000000,0x0000006973100000)]
  0x0000021ff39d0800 JavaThread "http-nio-8080-exec-1" daemon [_thread_in_native, id=15404, stack(0x0000006973100000,0x0000006973200000)]
  0x0000021feee38800 JavaThread "http-nio-8080-exec-2" daemon [_thread_blocked, id=5816, stack(0x0000006973200000,0x0000006973300000)]
  0x0000021ff263c800 JavaThread "http-nio-8080-exec-3" daemon [_thread_in_native, id=10104, stack(0x0000006973300000,0x0000006973400000)]
  0x0000021ff2637800 JavaThread "http-nio-8080-exec-4" daemon [_thread_in_native, id=16432, stack(0x0000006973400000,0x0000006973500000)]
  0x0000021ff2637000 JavaThread "http-nio-8080-exec-5" daemon [_thread_in_native, id=17780, stack(0x0000006973500000,0x0000006973600000)]
  0x0000021ff263d800 JavaThread "http-nio-8080-exec-6" daemon [_thread_in_native, id=19736, stack(0x0000006973600000,0x0000006973700000)]
  0x0000021ff263b000 JavaThread "http-nio-8080-exec-7" daemon [_thread_in_native, id=1908, stack(0x0000006973700000,0x0000006973800000)]
  0x0000021ff2638800 JavaThread "http-nio-8080-exec-8" daemon [_thread_in_native, id=7632, stack(0x0000006973800000,0x0000006973900000)]
  0x0000021ff2639800 JavaThread "http-nio-8080-exec-9" daemon [_thread_in_native, id=6376, stack(0x0000006973900000,0x0000006973a00000)]
  0x0000021ff263b800 JavaThread "http-nio-8080-exec-10" daemon [_thread_in_native, id=5720, stack(0x0000006973a00000,0x0000006973b00000)]
  0x0000021ff263a000 JavaThread "http-nio-8080-ClientPoller-0" daemon [_thread_in_native, id=21732, stack(0x0000006973b00000,0x0000006973c00000)]
  0x0000021ff2e75000 JavaThread "http-nio-8080-ClientPoller-1" daemon [_thread_in_native, id=13976, stack(0x0000006973c00000,0x0000006973d00000)]
  0x0000021ff2e7b000 JavaThread "http-nio-8080-Acceptor-0" daemon [_thread_in_native, id=20684, stack(0x0000006973d00000,0x0000006973e00000)]
  0x0000021ff2e7b800 JavaThread "http-nio-8080-AsyncTimeout" daemon [_thread_blocked, id=9488, stack(0x0000006973e00000,0x0000006973f00000)]
  0x0000021ff2e76000 JavaThread "DestroyJavaVM" [_thread_blocked, id=21764, stack(0x0000006970f00000,0x0000006971000000)]
  0x0000021ff2e79000 JavaThread "Tomcat JDBC Pool Cleaner[640070680:1653126377143]" daemon [_thread_blocked, id=5824, stack(0x0000006972c00000,0x0000006972d00000)]
  0x0000021ff2e7c800 JavaThread "oracle.jdbc.driver.BlockSource.ThreadedCachingBlockSource.BlockReleaser" daemon [_thread_blocked, id=18948, stack(0x0000006972d00000,0x0000006972e00000)]
  0x0000021ff2e78800 JavaThread "InterruptTimer" daemon [_thread_blocked, id=12948, stack(0x0000006973f00000,0x0000006974000000)]
  0x0000021ff2e77000 JavaThread "http-nio-8080-exec-11" daemon [_thread_in_native, id=9284, stack(0x0000006971f00000,0x0000006972000000)]
  0x0000021ff2e7a000 JavaThread "http-nio-8080-exec-12" daemon [_thread_in_native, id=5104, stack(0x0000006974000000,0x0000006974100000)]
  0x0000021ff2e7d800 JavaThread "http-nio-8080-exec-13" daemon [_thread_in_native, id=10368, stack(0x0000006972a00000,0x0000006972b00000)]
  0x0000021ff2e77800 JavaThread "http-nio-8080-exec-14" daemon [_thread_in_native, id=21024, stack(0x0000006974100000,0x0000006974200000)]
  0x0000021ff2e82000 JavaThread "http-nio-8080-exec-15" daemon [_thread_in_native, id=2380, stack(0x0000006974400000,0x0000006974500000)]
=>0x0000021ff52ff800 JavaThread "C2 CompilerThread1" daemon [_thread_in_native, id=4100, stack(0x0000006974500000,0x0000006974600000)]
  0x0000021ff242f800 JavaThread "C2 CompilerThread2" daemon [_thread_blocked, id=19536, stack(0x0000006974600000,0x0000006974700000)]

Other Threads:
  0x0000021fedae0000 VMThread "VM Thread" [stack: 0x0000006971500000,0x0000006971600000] [id=5184]
  0x0000021fee89a800 WatcherThread [stack: 0x0000006972200000,0x0000006972300000] [id=8964]
  0x0000021fc7a8a800 GCTaskThread "GC Thread#0" [stack: 0x0000006971000000,0x0000006971100000] [id=21180]
  0x0000021feefe3800 GCTaskThread "GC Thread#1" [stack: 0x0000006972300000,0x0000006972400000] [id=21176]
  0x0000021fef266000 GCTaskThread "GC Thread#2" [stack: 0x0000006972400000,0x0000006972500000] [id=12380]
  0x0000021fef280800 GCTaskThread "GC Thread#3" [stack: 0x0000006972500000,0x0000006972600000] [id=14036]
  0x0000021fef22e800 GCTaskThread "GC Thread#4" [stack: 0x0000006972600000,0x0000006972700000] [id=22028]
  0x0000021fef22f800 GCTaskThread "GC Thread#5" [stack: 0x0000006972700000,0x0000006972800000] [id=20352]
  0x0000021fc7aad000 ConcurrentGCThread "G1 Main Marker" [stack: 0x0000006971100000,0x0000006971200000] [id=15188]
  0x0000021fc7aaf000 ConcurrentGCThread "G1 Conc#0" [stack: 0x0000006971200000,0x0000006971300000] [id=8140]
  0x0000021fef77b000 ConcurrentGCThread "G1 Conc#1" [stack: 0x0000006972900000,0x0000006972a00000] [id=11772]
  0x0000021fefa65000 ConcurrentGCThread "G1 Conc#2" [stack: 0x0000006972b00000,0x0000006972c00000] [id=18720]
  0x0000021fed9cc800 ConcurrentGCThread "G1 Refine#0" [stack: 0x0000006971300000,0x0000006971400000] [id=12316]
  0x0000021fee86d800 ConcurrentGCThread "G1 Refine#1" [stack: 0x0000006972800000,0x0000006972900000] [id=22060]
  0x0000021fed9cf000 ConcurrentGCThread "G1 Young RemSet Sampling" [stack: 0x0000006971400000,0x0000006971500000] [id=10884]

Threads with active compile tasks:
C2 CompilerThread1    46413 6937       4       java.util.regex.Pattern::group0 (1098 bytes)

VM state:not at safepoint (normal execution)

VM Mutex/Monitor currently owned by a thread: None

Heap address: 0x0000000702000000, size: 4064 MB, Compressed Oops mode: Zero based, Oop shift amount: 3
Narrow klass base: 0x0000000800000000, Narrow klass shift: 3
Compressed class space size: 1073741824 Address: 0x0000000800b30000

Heap:
 garbage-first heap   total 126976K, used 62482K [0x0000000702000000, 0x0000000800000000)
  region size 1024K, 35 young (35840K), 9 survivors (9216K)
 Metaspace       used 42951K, capacity 43725K, committed 43952K, reserved 1087488K
  class space    used 5018K, capacity 5280K, committed 5376K, reserved 1048576K
Heap Regions: E=young(eden), S=young(survivor), O=old, HS=humongous(starts), HC=humongous(continues), CS=collection set, F=free, OA=open archive, CA=closed archive, TAMS=top-at-mark-start (previous, next)
|   0|0x0000000702000000, 0x0000000702100000, 0x0000000702100000|100%| O|  |TAMS 0x0000000702100000, 0x0000000702000000| Untracked 
|   1|0x0000000702100000, 0x0000000702200000, 0x0000000702200000|100%| O|  |TAMS 0x0000000702200000, 0x0000000702100000| Untracked 
|   2|0x0000000702200000, 0x0000000702300000, 0x0000000702300000|100%| O|  |TAMS 0x0000000702300000, 0x0000000702200000| Untracked 
|   3|0x0000000702300000, 0x0000000702400000, 0x0000000702400000|100%| O|  |TAMS 0x0000000702400000, 0x0000000702300000| Complete 
|   4|0x0000000702400000, 0x0000000702500000, 0x0000000702500000|100%| O|  |TAMS 0x0000000702500000, 0x0000000702400000| Untracked 
|   5|0x0000000702500000, 0x0000000702526000, 0x0000000702600000| 14%| O|  |TAMS 0x0000000702526000, 0x0000000702500000| Complete 
|   6|0x0000000702600000, 0x0000000702700000, 0x0000000702700000|100%| O|  |TAMS 0x0000000702700000, 0x0000000702600000| Untracked 
|   7|0x0000000702700000, 0x0000000702800000, 0x0000000702800000|100%| O|  |TAMS 0x0000000702800000, 0x0000000702700000| Complete 
|   8|0x0000000702800000, 0x0000000702900000, 0x0000000702900000|100%| O|  |TAMS 0x0000000702900000, 0x0000000702800000| Complete 
|   9|0x0000000702900000, 0x0000000702a00000, 0x0000000702a00000|100%| O|  |TAMS 0x0000000702a00000, 0x0000000702900000| Complete 
|  10|0x0000000702a00000, 0x0000000702b00000, 0x0000000702b00000|100%| O|  |TAMS 0x0000000702b00000, 0x0000000702a00000| Complete 
|  11|0x0000000702b00000, 0x0000000702c00000, 0x0000000702c00000|100%| O|  |TAMS 0x0000000702c00000, 0x0000000702b00000| Complete 
|  12|0x0000000702c00000, 0x0000000702d00000, 0x0000000702d00000|100%| O|  |TAMS 0x0000000702d00000, 0x0000000702c00000| Complete 
|  13|0x0000000702d00000, 0x0000000702e00000, 0x0000000702e00000|100%| O|  |TAMS 0x0000000702e00000, 0x0000000702d00000| Complete 
|  14|0x0000000702e00000, 0x0000000702f00000, 0x0000000702f00000|100%| O|  |TAMS 0x0000000702f00000, 0x0000000702e00000| Untracked 
|  15|0x0000000702f00000, 0x0000000703000000, 0x0000000703000000|100%| O|  |TAMS 0x0000000703000000, 0x0000000702f00000| Untracked 
|  16|0x0000000703000000, 0x0000000703100000, 0x0000000703100000|100%| O|  |TAMS 0x0000000703100000, 0x0000000703000000| Untracked 
|  17|0x0000000703100000, 0x0000000703200000, 0x0000000703200000|100%| O|  |TAMS 0x0000000703200000, 0x0000000703100000| Untracked 
|  18|0x0000000703200000, 0x0000000703300000, 0x0000000703300000|100%| O|  |TAMS 0x0000000703300000, 0x0000000703200000| Untracked 
|  19|0x0000000703300000, 0x0000000703400000, 0x0000000703400000|100%| O|  |TAMS 0x0000000703400000, 0x0000000703300000| Complete 
|  20|0x0000000703400000, 0x0000000703500000, 0x0000000703500000|100%| O|  |TAMS 0x0000000703500000, 0x0000000703400000| Untracked 
|  21|0x0000000703500000, 0x0000000703600000, 0x0000000703600000|100%| O|  |TAMS 0x0000000703600000, 0x0000000703500000| Complete 
|  22|0x0000000703600000, 0x0000000703700000, 0x0000000703700000|100%| O|  |TAMS 0x0000000703700000, 0x0000000703600000| Complete 
|  23|0x0000000703700000, 0x0000000703800000, 0x0000000703800000|100%| O|  |TAMS 0x0000000703800000, 0x0000000703700000| Complete 
|  24|0x0000000703800000, 0x0000000703900000, 0x0000000703900000|100%| O|  |TAMS 0x0000000703900000, 0x0000000703800000| Complete 
|  25|0x0000000703900000, 0x0000000703a00000, 0x0000000703a00000|100%| O|  |TAMS 0x0000000703a00000, 0x0000000703900000| Untracked 
|  26|0x0000000703a00000, 0x0000000703b00000, 0x0000000703b00000|100%| O|  |TAMS 0x0000000703b00000, 0x0000000703a00000| Complete 
|  27|0x0000000703b00000, 0x0000000703c00000, 0x0000000703c00000|100%| O|  |TAMS 0x0000000703c00000, 0x0000000703b00000| Complete 
|  28|0x0000000703c00000, 0x0000000703c7bc00, 0x0000000703d00000| 48%| O|  |TAMS 0x0000000703c7bc00, 0x0000000703c00000| Complete 
|  29|0x0000000703d00000, 0x0000000703d00000, 0x0000000703e00000|  0%| F|  |TAMS 0x0000000703d00000, 0x0000000703d00000| Untracked 
|  30|0x0000000703e00000, 0x0000000703e00000, 0x0000000703f00000|  0%| F|  |TAMS 0x0000000703e00000, 0x0000000703e00000| Untracked 
|  31|0x0000000703f00000, 0x0000000703f00000, 0x0000000704000000|  0%| F|  |TAMS 0x0000000703f00000, 0x0000000703f00000| Untracked 
|  32|0x0000000704000000, 0x0000000704000000, 0x0000000704100000|  0%| F|  |TAMS 0x0000000704000000, 0x0000000704000000| Untracked 
|  33|0x0000000704100000, 0x0000000704100000, 0x0000000704200000|  0%| F|  |TAMS 0x0000000704100000, 0x0000000704100000| Untracked 
|  34|0x0000000704200000, 0x0000000704200000, 0x0000000704300000|  0%| F|  |TAMS 0x0000000704200000, 0x0000000704200000| Untracked 
|  35|0x0000000704300000, 0x0000000704300000, 0x0000000704400000|  0%| F|  |TAMS 0x0000000704300000, 0x0000000704300000| Untracked 
|  36|0x0000000704400000, 0x0000000704400000, 0x0000000704500000|  0%| F|  |TAMS 0x0000000704400000, 0x0000000704400000| Untracked 
|  37|0x0000000704500000, 0x0000000704500000, 0x0000000704600000|  0%| F|  |TAMS 0x0000000704500000, 0x0000000704500000| Untracked 
|  38|0x0000000704600000, 0x0000000704600000, 0x0000000704700000|  0%| F|  |TAMS 0x0000000704600000, 0x0000000704600000| Untracked 
|  39|0x0000000704700000, 0x0000000704700000, 0x0000000704800000|  0%| F|  |TAMS 0x0000000704700000, 0x0000000704700000| Untracked 
|  40|0x0000000704800000, 0x0000000704800000, 0x0000000704900000|  0%| F|  |TAMS 0x0000000704800000, 0x0000000704800000| Untracked 
|  41|0x0000000704900000, 0x0000000704962df0, 0x0000000704a00000| 38%| S|CS|TAMS 0x0000000704900000, 0x0000000704900000| Complete 
|  42|0x0000000704a00000, 0x0000000704b00000, 0x0000000704b00000|100%| S|CS|TAMS 0x0000000704a00000, 0x0000000704a00000| Complete 
|  43|0x0000000704b00000, 0x0000000704c00000, 0x0000000704c00000|100%| S|CS|TAMS 0x0000000704b00000, 0x0000000704b00000| Complete 
|  44|0x0000000704c00000, 0x0000000704d00000, 0x0000000704d00000|100%| S|CS|TAMS 0x0000000704c00000, 0x0000000704c00000| Complete 
|  45|0x0000000704d00000, 0x0000000704e00000, 0x0000000704e00000|100%| S|CS|TAMS 0x0000000704d00000, 0x0000000704d00000| Complete 
|  46|0x0000000704e00000, 0x0000000704f00000, 0x0000000704f00000|100%| S|CS|TAMS 0x0000000704e00000, 0x0000000704e00000| Complete 
|  47|0x0000000704f00000, 0x0000000705000000, 0x0000000705000000|100%| S|CS|TAMS 0x0000000704f00000, 0x0000000704f00000| Complete 
|  48|0x0000000705000000, 0x0000000705100000, 0x0000000705100000|100%| S|CS|TAMS 0x0000000705000000, 0x0000000705000000| Complete 
|  49|0x0000000705100000, 0x0000000705200000, 0x0000000705200000|100%| S|CS|TAMS 0x0000000705100000, 0x0000000705100000| Complete 
|  50|0x0000000705200000, 0x0000000705200000, 0x0000000705300000|  0%| F|  |TAMS 0x0000000705200000, 0x0000000705200000| Untracked 
|  51|0x0000000705300000, 0x0000000705300000, 0x0000000705400000|  0%| F|  |TAMS 0x0000000705300000, 0x0000000705300000| Untracked 
|  52|0x0000000705400000, 0x0000000705400000, 0x0000000705500000|  0%| F|  |TAMS 0x0000000705400000, 0x0000000705400000| Untracked 
|  53|0x0000000705500000, 0x0000000705500000, 0x0000000705600000|  0%| F|  |TAMS 0x0000000705500000, 0x0000000705500000| Untracked 
|  54|0x0000000705600000, 0x0000000705600000, 0x0000000705700000|  0%| F|  |TAMS 0x0000000705600000, 0x0000000705600000| Untracked 
|  55|0x0000000705700000, 0x0000000705700000, 0x0000000705800000|  0%| F|  |TAMS 0x0000000705700000, 0x0000000705700000| Untracked 
|  56|0x0000000705800000, 0x0000000705800000, 0x0000000705900000|  0%| F|  |TAMS 0x0000000705800000, 0x0000000705800000| Untracked 
|  57|0x0000000705900000, 0x0000000705900000, 0x0000000705a00000|  0%| F|  |TAMS 0x0000000705900000, 0x0000000705900000| Untracked 
|  58|0x0000000705a00000, 0x0000000705a00000, 0x0000000705b00000|  0%| F|  |TAMS 0x0000000705a00000, 0x0000000705a00000| Untracked 
|  59|0x0000000705b00000, 0x0000000705b00000, 0x0000000705c00000|  0%| F|  |TAMS 0x0000000705b00000, 0x0000000705b00000| Untracked 
|  60|0x0000000705c00000, 0x0000000705c00000, 0x0000000705d00000|  0%| F|  |TAMS 0x0000000705c00000, 0x0000000705c00000| Untracked 
|  61|0x0000000705d00000, 0x0000000705d00000, 0x0000000705e00000|  0%| F|  |TAMS 0x0000000705d00000, 0x0000000705d00000| Untracked 
|  62|0x0000000705e00000, 0x0000000705e00000, 0x0000000705f00000|  0%| F|  |TAMS 0x0000000705e00000, 0x0000000705e00000| Untracked 
|  63|0x0000000705f00000, 0x0000000705f00000, 0x0000000706000000|  0%| F|  |TAMS 0x0000000705f00000, 0x0000000705f00000| Untracked 
|  64|0x0000000706000000, 0x0000000706000000, 0x0000000706100000|  0%| F|  |TAMS 0x0000000706000000, 0x0000000706000000| Untracked 
|  65|0x0000000706100000, 0x0000000706100000, 0x0000000706200000|  0%| F|  |TAMS 0x0000000706100000, 0x0000000706100000| Untracked 
|  66|0x0000000706200000, 0x0000000706200000, 0x0000000706300000|  0%| F|  |TAMS 0x0000000706200000, 0x0000000706200000| Untracked 
|  67|0x0000000706300000, 0x0000000706300000, 0x0000000706400000|  0%| F|  |TAMS 0x0000000706300000, 0x0000000706300000| Untracked 
|  68|0x0000000706400000, 0x0000000706400000, 0x0000000706500000|  0%| F|  |TAMS 0x0000000706400000, 0x0000000706400000| Untracked 
|  69|0x0000000706500000, 0x0000000706500000, 0x0000000706600000|  0%| F|  |TAMS 0x0000000706500000, 0x0000000706500000| Untracked 
|  70|0x0000000706600000, 0x0000000706600000, 0x0000000706700000|  0%| F|  |TAMS 0x0000000706600000, 0x0000000706600000| Untracked 
|  71|0x0000000706700000, 0x0000000706700000, 0x0000000706800000|  0%| F|  |TAMS 0x0000000706700000, 0x0000000706700000| Untracked 
|  72|0x0000000706800000, 0x0000000706800000, 0x0000000706900000|  0%| F|  |TAMS 0x0000000706800000, 0x0000000706800000| Untracked 
|  73|0x0000000706900000, 0x0000000706900000, 0x0000000706a00000|  0%| F|  |TAMS 0x0000000706900000, 0x0000000706900000| Untracked 
|  74|0x0000000706a00000, 0x0000000706a00000, 0x0000000706b00000|  0%| F|  |TAMS 0x0000000706a00000, 0x0000000706a00000| Untracked 
|  75|0x0000000706b00000, 0x0000000706b00000, 0x0000000706c00000|  0%| F|  |TAMS 0x0000000706b00000, 0x0000000706b00000| Untracked 
|  76|0x0000000706c00000, 0x0000000706c00000, 0x0000000706d00000|  0%| F|  |TAMS 0x0000000706c00000, 0x0000000706c00000| Untracked 
|  77|0x0000000706d00000, 0x0000000706d00000, 0x0000000706e00000|  0%| F|  |TAMS 0x0000000706d00000, 0x0000000706d00000| Untracked 
|  78|0x0000000706e00000, 0x0000000706e00000, 0x0000000706f00000|  0%| F|  |TAMS 0x0000000706e00000, 0x0000000706e00000| Untracked 
|  79|0x0000000706f00000, 0x0000000706f00000, 0x0000000707000000|  0%| F|  |TAMS 0x0000000706f00000, 0x0000000706f00000| Untracked 
|  80|0x0000000707000000, 0x0000000707000000, 0x0000000707100000|  0%| F|  |TAMS 0x0000000707000000, 0x0000000707000000| Untracked 
|  81|0x0000000707100000, 0x0000000707100000, 0x0000000707200000|  0%| F|  |TAMS 0x0000000707100000, 0x0000000707100000| Untracked 
|  82|0x0000000707200000, 0x0000000707200000, 0x0000000707300000|  0%| F|  |TAMS 0x0000000707200000, 0x0000000707200000| Untracked 
|  83|0x0000000707300000, 0x0000000707300000, 0x0000000707400000|  0%| F|  |TAMS 0x0000000707300000, 0x0000000707300000| Untracked 
|  84|0x0000000707400000, 0x0000000707400000, 0x0000000707500000|  0%| F|  |TAMS 0x0000000707400000, 0x0000000707400000| Untracked 
|  85|0x0000000707500000, 0x0000000707500000, 0x0000000707600000|  0%| F|  |TAMS 0x0000000707500000, 0x0000000707500000| Untracked 
|  86|0x0000000707600000, 0x0000000707600000, 0x0000000707700000|  0%| F|  |TAMS 0x0000000707600000, 0x0000000707600000| Untracked 
|  87|0x0000000707700000, 0x0000000707700000, 0x0000000707800000|  0%| F|  |TAMS 0x0000000707700000, 0x0000000707700000| Untracked 
|  88|0x0000000707800000, 0x0000000707800000, 0x0000000707900000|  0%| F|  |TAMS 0x0000000707800000, 0x0000000707800000| Untracked 
|  89|0x0000000707900000, 0x0000000707900000, 0x0000000707a00000|  0%| F|  |TAMS 0x0000000707900000, 0x0000000707900000| Untracked 
|  90|0x0000000707a00000, 0x0000000707a00000, 0x0000000707b00000|  0%| F|  |TAMS 0x0000000707a00000, 0x0000000707a00000| Untracked 
|  91|0x0000000707b00000, 0x0000000707b00000, 0x0000000707c00000|  0%| F|  |TAMS 0x0000000707b00000, 0x0000000707b00000| Untracked 
|  92|0x0000000707c00000, 0x0000000707c00000, 0x0000000707d00000|  0%| F|  |TAMS 0x0000000707c00000, 0x0000000707c00000| Untracked 
|  93|0x0000000707d00000, 0x0000000707d00000, 0x0000000707e00000|  0%| F|  |TAMS 0x0000000707d00000, 0x0000000707d00000| Untracked 
|  94|0x0000000707e00000, 0x0000000707e00000, 0x0000000707f00000|  0%| F|  |TAMS 0x0000000707e00000, 0x0000000707e00000| Untracked 
|  95|0x0000000707f00000, 0x0000000707f00000, 0x0000000708000000|  0%| F|  |TAMS 0x0000000707f00000, 0x0000000707f00000| Untracked 
|  96|0x0000000708000000, 0x0000000708000000, 0x0000000708100000|  0%| F|  |TAMS 0x0000000708000000, 0x0000000708000000| Untracked 
|  97|0x0000000708100000, 0x0000000708100000, 0x0000000708200000|  0%| F|  |TAMS 0x0000000708100000, 0x0000000708100000| Untracked 
|  98|0x0000000708200000, 0x0000000708286c08, 0x0000000708300000| 52%| E|  |TAMS 0x0000000708200000, 0x0000000708200000| Complete 
|  99|0x0000000708300000, 0x0000000708400000, 0x0000000708400000|100%| E|CS|TAMS 0x0000000708300000, 0x0000000708300000| Complete 
| 100|0x0000000708400000, 0x0000000708500000, 0x0000000708500000|100%| E|CS|TAMS 0x0000000708400000, 0x0000000708400000| Complete 
| 101|0x0000000708500000, 0x0000000708600000, 0x0000000708600000|100%| E|CS|TAMS 0x0000000708500000, 0x0000000708500000| Complete 
| 102|0x0000000708600000, 0x0000000708700000, 0x0000000708700000|100%| E|CS|TAMS 0x0000000708600000, 0x0000000708600000| Complete 
| 103|0x0000000708700000, 0x0000000708800000, 0x0000000708800000|100%| E|CS|TAMS 0x0000000708700000, 0x0000000708700000| Complete 
| 104|0x0000000708800000, 0x0000000708900000, 0x0000000708900000|100%| E|CS|TAMS 0x0000000708800000, 0x0000000708800000| Complete 
| 105|0x0000000708900000, 0x0000000708a00000, 0x0000000708a00000|100%| E|CS|TAMS 0x0000000708900000, 0x0000000708900000| Complete 
| 106|0x0000000708a00000, 0x0000000708b00000, 0x0000000708b00000|100%| E|CS|TAMS 0x0000000708a00000, 0x0000000708a00000| Complete 
| 107|0x0000000708b00000, 0x0000000708c00000, 0x0000000708c00000|100%| E|CS|TAMS 0x0000000708b00000, 0x0000000708b00000| Complete 
| 108|0x0000000708c00000, 0x0000000708d00000, 0x0000000708d00000|100%| E|CS|TAMS 0x0000000708c00000, 0x0000000708c00000| Complete 
| 109|0x0000000708d00000, 0x0000000708e00000, 0x0000000708e00000|100%| E|CS|TAMS 0x0000000708d00000, 0x0000000708d00000| Complete 
| 110|0x0000000708e00000, 0x0000000708f00000, 0x0000000708f00000|100%| E|CS|TAMS 0x0000000708e00000, 0x0000000708e00000| Complete 
| 111|0x0000000708f00000, 0x0000000709000000, 0x0000000709000000|100%| E|CS|TAMS 0x0000000708f00000, 0x0000000708f00000| Complete 
| 112|0x0000000709000000, 0x0000000709100000, 0x0000000709100000|100%| E|CS|TAMS 0x0000000709000000, 0x0000000709000000| Complete 
| 113|0x0000000709100000, 0x0000000709200000, 0x0000000709200000|100%| E|CS|TAMS 0x0000000709100000, 0x0000000709100000| Complete 
| 114|0x0000000709200000, 0x0000000709300000, 0x0000000709300000|100%| E|CS|TAMS 0x0000000709200000, 0x0000000709200000| Complete 
| 115|0x0000000709300000, 0x0000000709400000, 0x0000000709400000|100%| E|CS|TAMS 0x0000000709300000, 0x0000000709300000| Complete 
| 116|0x0000000709400000, 0x0000000709500000, 0x0000000709500000|100%| E|CS|TAMS 0x0000000709400000, 0x0000000709400000| Complete 
| 117|0x0000000709500000, 0x0000000709600000, 0x0000000709600000|100%| E|CS|TAMS 0x0000000709500000, 0x0000000709500000| Complete 
| 176|0x000000070d000000, 0x000000070d100000, 0x000000070d100000|100%| E|CS|TAMS 0x000000070d000000, 0x000000070d000000| Complete 
| 177|0x000000070d100000, 0x000000070d200000, 0x000000070d200000|100%| E|CS|TAMS 0x000000070d100000, 0x000000070d100000| Complete 
| 178|0x000000070d200000, 0x000000070d300000, 0x000000070d300000|100%| E|CS|TAMS 0x000000070d200000, 0x000000070d200000| Complete 
| 179|0x000000070d300000, 0x000000070d400000, 0x000000070d400000|100%| E|CS|TAMS 0x000000070d300000, 0x000000070d300000| Complete 
| 180|0x000000070d400000, 0x000000070d500000, 0x000000070d500000|100%| E|CS|TAMS 0x000000070d400000, 0x000000070d400000| Complete 
| 253|0x0000000711d00000, 0x0000000711e00000, 0x0000000711e00000|100%| E|CS|TAMS 0x0000000711d00000, 0x0000000711d00000| Complete 

Card table byte_map: [0x0000021fe1e70000,0x0000021fe2660000] _byte_map_base: 0x0000021fde660000

Marking Bits (Prev, Next): (CMBitMap*) 0x0000021fc7a8c8a8, (CMBitMap*) 0x0000021fc7a8c868
 Prev Bits: [0x0000021fe6dd0000, 0x0000021fead50000)
 Next Bits: [0x0000021fe2e50000, 0x0000021fe6dd0000)

Polling page: 0x0000021fc77f0000

Metaspace:

Usage:
  Non-class:     37.54 MB capacity,    37.04 MB ( 99%) used,   427.82 KB (  1%) free+waste,    84.56 KB ( <1%) overhead. 
      Class:      5.16 MB capacity,     4.90 MB ( 95%) used,   225.53 KB (  4%) free+waste,    36.00 KB ( <1%) overhead. 
       Both:     42.70 MB capacity,    41.94 MB ( 98%) used,   653.35 KB (  1%) free+waste,   120.56 KB ( <1%) overhead. 

Virtual space:
  Non-class space:       38.00 MB reserved,      37.67 MB (>99%) committed 
      Class space:        1.00 GB reserved,       5.25 MB ( <1%) committed 
             Both:        1.04 GB reserved,      42.92 MB (  4%) committed 

Chunk freelists:
   Non-Class:  3.00 KB
       Class:  0 bytes
        Both:  3.00 KB

MaxMetaspaceSize: 17179869184.00 GB
CompressedClassSpaceSize: 1.00 GB

CodeHeap 'non-profiled nmethods': size=120000Kb used=4848Kb max_used=4848Kb free=115152Kb
 bounds [0x0000021fd94b0000, 0x0000021fd9970000, 0x0000021fe09e0000]
CodeHeap 'profiled nmethods': size=120000Kb used=14464Kb max_used=14464Kb free=105536Kb
 bounds [0x0000021fd1f80000, 0x0000021fd2da0000, 0x0000021fd94b0000]
CodeHeap 'non-nmethods': size=5760Kb used=1292Kb max_used=1354Kb free=4467Kb
 bounds [0x0000021fd19e0000, 0x0000021fd1c50000, 0x0000021fd1f80000]
 total_blobs=9762 nmethods=6289 adapters=485
 compilation: enabled
              stopped_count=0, restarted_count=0
 full_count=0

Compilation events (20 events):
Event: 46.379 Thread 0x0000021fee395800 6964       3       oracle.net.aso.ac::<init> (15 bytes)
Event: 46.379 Thread 0x0000021fee395800 nmethod 6964 0x0000021fd2d9b590 code [0x0000021fd2d9b740, 0x0000021fd2d9baf8]
Event: 46.379 Thread 0x0000021fee395800 6965   !   3       oracle.net.aso.e::a (45 bytes)
Event: 46.379 Thread 0x0000021fee395800 nmethod 6965 0x0000021fd2d9bc10 code [0x0000021fd2d9bde0, 0x0000021fd2d9c0e8]
Event: 46.379 Thread 0x0000021fee395800 6966       3       com.sun.crypto.provider.FeedbackCipher::encryptFinal (12 bytes)
Event: 46.379 Thread 0x0000021fee395800 nmethod 6966 0x0000021fd2d9c290 code [0x0000021fd2d9c440, 0x0000021fd2d9c628]
Event: 46.380 Thread 0x0000021fee395800 6967       3       java.util.regex.Pattern$Curly::match (91 bytes)
Event: 46.380 Thread 0x0000021fee395800 nmethod 6967 0x0000021fd2d9c710 code [0x0000021fd2d9c900, 0x0000021fd2d9cd98]
Event: 46.381 Thread 0x0000021fee395800 6968  s    3       oracle.jdbc.driver.T4CConnection::sendOsesssstateFlags (190 bytes)
Event: 46.382 Thread 0x0000021fee395800 nmethod 6968 0x0000021fd2d9cf10 code [0x0000021fd2d9d1e0, 0x0000021fd2d9e408]
Event: 46.382 Thread 0x0000021fee395800 6969       3       oracle.jdbc.driver.T4C8TTILob::doFreeLobPiggyback (76 bytes)
Event: 46.382 Thread 0x0000021fee395800 nmethod 6969 0x0000021fd2d9e890 code [0x0000021fd2d9eaa0, 0x0000021fd2d9f188]
Event: 46.382 Thread 0x0000021fee395800 6970  s    3       oracle.jdbc.internal.OpaqueString::get (31 bytes)
Event: 46.382 Thread 0x0000021fee395800 nmethod 6970 0x0000021fd2d9f390 code [0x0000021fd2d9f560, 0x0000021fd2d9fa68]
Event: 46.382 Thread 0x0000021fee395800 6971       3       oracle.jdbc.driver.T4CConnection::getNextSeqNumber (32 bytes)
Event: 46.382 Thread 0x0000021fee395800 nmethod 6971 0x0000021fd2d9fc10 code [0x0000021fd2d9fda0, 0x0000021fd2d9ff38]
Event: 46.382 Thread 0x0000021fee395800 6972       1       org.apache.tomcat.jdbc.pool.PoolProperties::getPassword (5 bytes)
Event: 46.382 Thread 0x0000021fee395800 nmethod 6972 0x0000021fd996ba10 code [0x0000021fd996bba0, 0x0000021fd996bc78]
Event: 46.390 Thread 0x0000021fee395800 6973       1       org.apache.tomcat.jdbc.pool.PoolProperties::getUrl (5 bytes)
Event: 46.390 Thread 0x0000021fee395800 nmethod 6973 0x0000021fd996bd10 code [0x0000021fd996bea0, 0x0000021fd996bf78]

GC Heap History (20 events):
Event: 0.483 GC heap before
{Heap before GC invocations=0 (full 0):
 garbage-first heap   total 260096K, used 23552K [0x0000000702000000, 0x0000000800000000)
  region size 1024K, 23 young (23552K), 0 survivors (0K)
 Metaspace       used 6347K, capacity 7497K, committed 7680K, reserved 1056768K
  class space    used 797K, capacity 926K, committed 1024K, reserved 1048576K
}
Event: 0.486 GC heap after
{Heap after GC invocations=1 (full 0):
 garbage-first heap   total 260096K, used 5059K [0x0000000702000000, 0x0000000800000000)
  region size 1024K, 3 young (3072K), 3 survivors (3072K)
 Metaspace       used 6347K, capacity 7497K, committed 7680K, reserved 1056768K
  class space    used 797K, capacity 926K, committed 1024K, reserved 1048576K
}
Event: 0.683 GC heap before
{Heap before GC invocations=1 (full 0):
 garbage-first heap   total 260096K, used 34755K [0x0000000702000000, 0x0000000800000000)
  region size 1024K, 32 young (32768K), 3 survivors (3072K)
 Metaspace       used 13638K, capacity 13977K, committed 14080K, reserved 1060864K
  class space    used 1649K, capacity 1751K, committed 1792K, reserved 1048576K
}
Event: 0.686 GC heap after
{Heap after GC invocations=2 (full 0):
 garbage-first heap   total 260096K, used 7021K [0x0000000702000000, 0x0000000800000000)
  region size 1024K, 2 young (2048K), 2 survivors (2048K)
 Metaspace       used 13638K, capacity 13977K, committed 14080K, reserved 1060864K
  class space    used 1649K, capacity 1751K, committed 1792K, reserved 1048576K
}
Event: 1.510 GC heap before
{Heap before GC invocations=2 (full 0):
 garbage-first heap   total 260096K, used 106349K [0x0000000702000000, 0x0000000800000000)
  region size 1024K, 100 young (102400K), 2 survivors (2048K)
 Metaspace       used 20747K, capacity 21137K, committed 21296K, reserved 1069056K
  class space    used 2511K, capacity 2628K, committed 2688K, reserved 1048576K
}
Event: 1.515 GC heap after
{Heap after GC invocations=3 (full 0):
 garbage-first heap   total 260096K, used 12042K [0x0000000702000000, 0x0000000800000000)
  region size 1024K, 7 young (7168K), 7 survivors (7168K)
 Metaspace       used 20747K, capacity 21137K, committed 21296K, reserved 1069056K
  class space    used 2511K, capacity 2628K, committed 2688K, reserved 1048576K
}
Event: 1.781 GC heap before
{Heap before GC invocations=4 (full 0):
 garbage-first heap   total 48128K, used 33546K [0x0000000702000000, 0x0000000800000000)
  region size 1024K, 28 young (28672K), 7 survivors (7168K)
 Metaspace       used 23868K, capacity 24341K, committed 24496K, reserved 1071104K
  class space    used 2907K, capacity 3055K, committed 3072K, reserved 1048576K
}
Event: 1.787 GC heap after
{Heap after GC invocations=5 (full 0):
 garbage-first heap   total 48128K, used 15362K [0x0000000702000000, 0x0000000800000000)
  region size 1024K, 4 young (4096K), 4 survivors (4096K)
 Metaspace       used 23868K, capacity 24341K, committed 24496K, reserved 1071104K
  class space    used 2907K, capacity 3055K, committed 3072K, reserved 1048576K
}
Event: 1.971 GC heap before
{Heap before GC invocations=5 (full 0):
 garbage-first heap   total 48128K, used 32770K [0x0000000702000000, 0x0000000800000000)
  region size 1024K, 22 young (22528K), 4 survivors (4096K)
 Metaspace       used 26127K, capacity 26592K, committed 26800K, reserved 1073152K
  class space    used 3161K, capacity 3313K, committed 3328K, reserved 1048576K
}
Event: 1.976 GC heap after
{Heap after GC invocations=6 (full 0):
 garbage-first heap   total 154624K, used 18512K [0x0000000702000000, 0x0000000800000000)
  region size 1024K, 3 young (3072K), 3 survivors (3072K)
 Metaspace       used 26127K, capacity 26592K, committed 26800K, reserved 1073152K
  class space    used 3161K, capacity 3313K, committed 3328K, reserved 1048576K
}
Event: 2.482 GC heap before
{Heap before GC invocations=6 (full 0):
 garbage-first heap   total 154624K, used 80976K [0x0000000702000000, 0x0000000800000000)
  region size 1024K, 64 young (65536K), 3 survivors (3072K)
 Metaspace       used 30427K, capacity 30935K, committed 31152K, reserved 1077248K
  class space    used 3615K, capacity 3806K, committed 3840K, reserved 1048576K
}
Event: 2.489 GC heap after
{Heap after GC invocations=7 (full 0):
 garbage-first heap   total 154624K, used 23474K [0x0000000702000000, 0x0000000800000000)
  region size 1024K, 8 young (8192K), 8 survivors (8192K)
 Metaspace       used 30427K, capacity 30935K, committed 31152K, reserved 1077248K
  class space    used 3615K, capacity 3806K, committed 3840K, reserved 1048576K
}
Event: 2.911 GC heap before
{Heap before GC invocations=7 (full 0):
 garbage-first heap   total 154624K, used 87986K [0x0000000702000000, 0x0000000800000000)
  region size 1024K, 71 young (72704K), 8 survivors (8192K)
 Metaspace       used 33171K, capacity 33725K, committed 33840K, reserved 1079296K
  class space    used 3987K, capacity 4173K, committed 4224K, reserved 1048576K
}
Event: 2.918 GC heap after
{Heap after GC invocations=8 (full 0):
 garbage-first heap   total 154624K, used 28394K [0x0000000702000000, 0x0000000800000000)
  region size 1024K, 5 young (5120K), 5 survivors (5120K)
 Metaspace       used 33171K, capacity 33725K, committed 33840K, reserved 1079296K
  class space    used 3987K, capacity 4173K, committed 4224K, reserved 1048576K
}
Event: 3.363 GC heap before
{Heap before GC invocations=8 (full 0):
 garbage-first heap   total 154624K, used 94954K [0x0000000702000000, 0x0000000800000000)
  region size 1024K, 70 young (71680K), 5 survivors (5120K)
 Metaspace       used 34725K, capacity 35247K, committed 35504K, reserved 1081344K
  class space    used 4157K, capacity 4348K, committed 4352K, reserved 1048576K
}
Event: 3.368 GC heap after
{Heap after GC invocations=9 (full 0):
 garbage-first heap   total 154624K, used 29566K [0x0000000702000000, 0x0000000800000000)
  region size 1024K, 2 young (2048K), 2 survivors (2048K)
 Metaspace       used 34725K, capacity 35247K, committed 35504K, reserved 1081344K
  class space    used 4157K, capacity 4348K, committed 4352K, reserved 1048576K
}
Event: 3.649 GC heap before
{Heap before GC invocations=9 (full 0):
 garbage-first heap   total 154624K, used 83838K [0x0000000702000000, 0x0000000800000000)
  region size 1024K, 56 young (57344K), 2 survivors (2048K)
 Metaspace       used 35214K, capacity 35766K, committed 35888K, reserved 1081344K
  class space    used 4196K, capacity 4414K, committed 4480K, reserved 1048576K
}
Event: 3.652 GC heap after
{Heap after GC invocations=10 (full 0):
 garbage-first heap   total 186368K, used 29661K [0x0000000702000000, 0x0000000800000000)
  region size 1024K, 2 young (2048K), 2 survivors (2048K)
 Metaspace       used 35214K, capacity 35766K, committed 35888K, reserved 1081344K
  class space    used 4196K, capacity 4414K, committed 4480K, reserved 1048576K
}
Event: 46.056 GC heap before
{Heap before GC invocations=11 (full 0):
 garbage-first heap   total 126976K, used 103389K [0x0000000702000000, 0x0000000800000000)
  region size 1024K, 74 young (75776K), 2 survivors (2048K)
 Metaspace       used 42842K, capacity 43596K, committed 43696K, reserved 1087488K
  class space    used 5018K, capacity 5280K, committed 5376K, reserved 1048576K
}
Event: 46.063 GC heap after
{Heap after GC invocations=12 (full 0):
 garbage-first heap   total 126976K, used 36882K [0x0000000702000000, 0x0000000800000000)
  region size 1024K, 9 young (9216K), 9 survivors (9216K)
 Metaspace       used 42842K, capacity 43596K, committed 43696K, reserved 1087488K
  class space    used 5018K, capacity 5280K, committed 5376K, reserved 1048576K
}

Deoptimization events (20 events):
Event: 46.154 Thread 0x0000021ff2638800 DEOPT PACKING pc=0x0000021fd2d1d898 sp=0x00000069738fbff0
Event: 46.154 Thread 0x0000021ff2638800 DEOPT UNPACKING pc=0x0000021fd1a2964e sp=0x00000069738fb4a0 mode 0
Event: 46.179 Thread 0x0000021ff263d800 DEOPT PACKING pc=0x0000021fd2c37569 sp=0x00000069736fbde0
Event: 46.179 Thread 0x0000021ff263d800 DEOPT UNPACKING pc=0x0000021fd1a2964e sp=0x00000069736fb298 mode 0
Event: 46.192 Thread 0x0000021ff2639800 DEOPT PACKING pc=0x0000021fd2d10cc0 sp=0x00000069739fc5b0
Event: 46.192 Thread 0x0000021ff2639800 DEOPT UNPACKING pc=0x0000021fd1a2964e sp=0x00000069739fba50 mode 0
Event: 46.209 Thread 0x0000021ff2e7a000 DEOPT PACKING pc=0x0000021fd2d1d898 sp=0x00000069740fc160
Event: 46.209 Thread 0x0000021ff2e7a000 DEOPT UNPACKING pc=0x0000021fd1a2964e sp=0x00000069740fb610 mode 0
Event: 46.241 Thread 0x0000021ff263b800 DEOPT PACKING pc=0x0000021fd2d10ce1 sp=0x0000006973afc040
Event: 46.241 Thread 0x0000021ff263b800 DEOPT UNPACKING pc=0x0000021fd1a2964e sp=0x0000006973afb4e0 mode 0
Event: 46.257 Thread 0x0000021ff2637000 DEOPT PACKING pc=0x0000021fd2d1d898 sp=0x00000069735fbd20
Event: 46.257 Thread 0x0000021ff2637000 DEOPT UNPACKING pc=0x0000021fd1a2964e sp=0x00000069735fb1d0 mode 0
Event: 46.290 Thread 0x0000021ff263d800 DEOPT PACKING pc=0x0000021fd2d10cc0 sp=0x00000069736fc470
Event: 46.290 Thread 0x0000021ff263d800 DEOPT UNPACKING pc=0x0000021fd1a2964e sp=0x00000069736fb910 mode 0
Event: 46.320 Thread 0x0000021ff2637800 DEOPT PACKING pc=0x0000021fd2d1d898 sp=0x00000069734fc080
Event: 46.320 Thread 0x0000021ff2637800 DEOPT UNPACKING pc=0x0000021fd1a2964e sp=0x00000069734fb530 mode 0
Event: 46.344 Thread 0x0000021ff2e77800 DEOPT PACKING pc=0x0000021fd2d10cc0 sp=0x00000069741fc480
Event: 46.344 Thread 0x0000021ff2e77800 DEOPT UNPACKING pc=0x0000021fd1a2964e sp=0x00000069741fb920 mode 0
Event: 46.372 Thread 0x0000021ff2e77000 DEOPT PACKING pc=0x0000021fd2d1d898 sp=0x0000006971ffc080
Event: 46.372 Thread 0x0000021ff2e77000 DEOPT UNPACKING pc=0x0000021fd1a2964e sp=0x0000006971ffb530 mode 0

Classes unloaded (0 events):
No events

Classes redefined (0 events):
No events

Internal exceptions (20 events):
Event: 19.271 Thread 0x0000021ff39d0800 Exception <a 'java/lang/ClassNotFoundException'{0x0000000708928db8}: javax/sql/DataSourceCustomizer> (0x0000000708928db8) 
thrown [t:/workspace/open/src/hotspot/share/classfile/systemDictionary.cpp, line 226]
Event: 19.271 Thread 0x0000021ff39d0800 Exception <a 'java/lang/ClassNotFoundException'{0x0000000708931660}: javax/management/MBeanRegistrationCustomizer> (0x0000000708931660) 
thrown [t:/workspace/open/src/hotspot/share/classfile/systemDictionary.cpp, line 226]
Event: 19.272 Thread 0x0000021ff39d0800 Exception <a 'java/lang/ClassNotFoundException'{0x000000070893ee70}: org/apache/tomcat/jdbc/pool/jmx/ConnectionPoolMBeanCustomizer> (0x000000070893ee70) 
thrown [t:/workspace/open/src/hotspot/share/classfile/systemDictionary.cpp, line 226]
Event: 19.272 Thread 0x0000021ff39d0800 Exception <a 'java/lang/ClassNotFoundException'{0x000000070894d100}: javax/sql/ConnectionPoolDataSourceCustomizer> (0x000000070894d100) 
thrown [t:/workspace/open/src/hotspot/share/classfile/systemDictionary.cpp, line 226]
Event: 19.273 Thread 0x0000021ff39d0800 Exception <a 'java/lang/ClassNotFoundException'{0x000000070895dfd8}: org/apache/tomcat/jdbc/pool/PoolConfigurationCustomizer> (0x000000070895dfd8) 
thrown [t:/workspace/open/src/hotspot/share/classfile/systemDictionary.cpp, line 226]
Event: 19.276 Thread 0x0000021ff39d0800 Exception <a 'java/lang/ClassNotFoundException'{0x00000007089eaef0}: java/lang/ObjectCustomizer> (0x00000007089eaef0) 
thrown [t:/workspace/open/src/hotspot/share/classfile/systemDictionary.cpp, line 226]
Event: 19.277 Thread 0x0000021ff39d0800 Exception <a 'java/lang/ClassNotFoundException'{0x00000007089f84b8}: io/swagger/model/AUTORITEMCustomizer> (0x00000007089f84b8) 
thrown [t:/workspace/open/src/hotspot/share/classfile/systemDictionary.cpp, line 226]
Event: 19.288 Thread 0x0000021ff39d0800 Exception <a 'java/lang/NoSuchMethodError'{0x00000007088ca768}: 'void java.lang.invoke.DirectMethodHandle$Holder.invokeStaticInit(java.lang.Object)'> (0x00000007088ca768) 
thrown [t:/workspace/open/src/hotspot/share/interpreter/linkResolver.cpp, line 766]
Event: 19.303 Thread 0x0000021ff39d0800 Exception <a 'java/lang/NoClassDefFoundError'{0x00000007086346c8}: oracle/security/pki/OraclePKIProvider> (0x00000007086346c8) 
thrown [t:/workspace/open/src/hotspot/share/classfile/systemDictionary.cpp, line 215]
Event: 19.327 Thread 0x0000021ff39d0800 Implicit null exception at 0x0000021fd96e0b48 to 0x0000021fd96e1258
Event: 19.357 Thread 0x0000021ff39d0800 Exception <a 'java/lang/NoSuchMethodError'{0x00000007082d8378}: 'int java.lang.invoke.DirectMethodHandle$Holder.invokeStaticInit(java.lang.Object, java.lang.Object, java.lang.Object, java.lang.Object)'> (0x00000007082d8378) 
thrown [t:/workspace/open/src/hotspot/share/interpreter/linkResolver.cpp, line 766]
Event: 19.357 Thread 0x0000021ff39d0800 Exception <a 'java/lang/IncompatibleClassChangeError'{0x00000007082e0ce0}: Found class java.lang.Object, but interface was expected> (0x00000007082e0ce0) 
thrown [t:/workspace/open/src/hotspot/share/interpreter/linkResolver.cpp, line 832]
Event: 19.357 Thread 0x0000021ff39d0800 Exception <a 'java/lang/NoSuchMethodError'{0x00000007082e3b20}: 'void java.lang.invoke.DirectMethodHandle$Holder.invokeStaticInit(java.lang.Object, java.lang.Object)'> (0x00000007082e3b20) 
thrown [t:/workspace/open/src/hotspot/share/interpreter/linkResolver.cpp, line 766]
Event: 19.358 Thread 0x0000021ff39d0800 Exception <a 'java/lang/NoSuchMethodError'{0x00000007082e8d18}: 'int java.lang.invoke.DirectMethodHandle$Holder.invokeStaticInit(java.lang.Object, java.lang.Object)'> (0x00000007082e8d18) 
thrown [t:/workspace/open/src/hotspot/share/interpreter/linkResolver.cpp, line 766]
Event: 19.362 Thread 0x0000021ff39d0800 Exception <a 'sun/nio/fs/WindowsException'{0x0000000708114600}> (0x0000000708114600) 
thrown [t:/workspace/open/src/hotspot/share/prims/jni.cpp, line 599]
Event: 19.394 Thread 0x0000021ff39d0800 Exception <a 'java/lang/NoSuchMethodError'{0x0000000707d05c68}: 'java.lang.Object java.lang.invoke.DirectMethodHandle$Holder.invokeStatic(java.lang.Object, int, java.lang.Object)'> (0x0000000707d05c68) 
thrown [t:/workspace/open/src/hotspot/share/interpreter/linkResolver.cpp, line 766]
Event: 19.398 Thread 0x0000021ff39d0800 Exception <a 'java/lang/NoSuchMethodError'{0x0000000707d43490}: 'java.lang.Object java.lang.invoke.Invokers$Holder.linkToTargetMethod(java.lang.Object, int, java.lang.Object)'> (0x0000000707d43490) 
thrown [t:/workspace/open/src/hotspot/share/interpreter/linkResolver.cpp, line 766]
Event: 45.528 Thread 0x0000021ff39d0800 Exception <a 'java/lang/NoSuchMethodError'{0x0000000707de2620}: 'int java.lang.invoke.DirectMethodHandle$Holder.invokeSpecialIFC(java.lang.Object, java.lang.Object, java.lang.Object)'> (0x0000000707de2620) 
thrown [t:/workspace/open/src/hotspot/share/interpreter/linkResolver.cpp, line 766]
Event: 45.529 Thread 0x0000021ff39d0800 Exception <a 'java/lang/NoSuchMethodError'{0x0000000707de8340}: 'void java.lang.invoke.DirectMethodHandle$Holder.invokeSpecial(java.lang.Object, java.lang.Object, java.lang.Object, java.lang.Object)'> (0x0000000707de8340) 
thrown [t:/workspace/open/src/hotspot/share/interpreter/linkResolver.cpp, line 766]
Event: 45.534 Thread 0x0000021ff39d0800 Exception <a 'java/lang/NoSuchMethodError'{0x0000000707268be0}: 'java.lang.Object java.lang.invoke.DirectMethodHandle$Holder.invokeVirtual(java.lang.Object, java.lang.Object, int)'> (0x0000000707268be0) 
thrown [t:/workspace/open/src/hotspot/share/interpreter/linkResolver.cpp, line 766]

Events (20 events):
Event: 45.701 Executing VM operation: HandshakeOneThread
Event: 45.701 Executing VM operation: HandshakeOneThread done
Event: 45.710 Executing VM operation: BulkRevokeBias
Event: 45.712 Executing VM operation: BulkRevokeBias done
Event: 45.712 Executing VM operation: BulkRevokeBias
Event: 45.713 Executing VM operation: BulkRevokeBias done
Event: 45.715 Executing VM operation: HandshakeOneThread
Event: 45.715 Executing VM operation: HandshakeOneThread done
Event: 45.723 Executing VM operation: HandshakeOneThread
Event: 45.723 Executing VM operation: HandshakeOneThread done
Event: 45.847 Executing VM operation: BulkRevokeBias
Event: 45.848 Executing VM operation: BulkRevokeBias done
Event: 45.848 Executing VM operation: BulkRevokeBias
Event: 45.849 Executing VM operation: BulkRevokeBias done
Event: 46.056 Executing VM operation: G1CollectForAllocation
Event: 46.063 Executing VM operation: G1CollectForAllocation done
Event: 46.081 Executing VM operation: G1Concurrent
Event: 46.084 Executing VM operation: G1Concurrent done
Event: 46.092 Executing VM operation: G1Concurrent
Event: 46.092 Executing VM operation: G1Concurrent done


Dynamic libraries:
0x00007ff723160000 - 0x00007ff72316f000 	C:\Program Files\Java\jdk-14\bin\java.exe
0x00007ffc02070000 - 0x00007ffc02265000 	C:\WINDOWS\SYSTEM32\ntdll.dll
0x00007ffc01900000 - 0x00007ffc019bd000 	C:\WINDOWS\System32\KERNEL32.DLL
0x00007ffbff990000 - 0x00007ffbffc5d000 	C:\WINDOWS\System32\KERNELBASE.dll
0x00007ffbff800000 - 0x00007ffbff900000 	C:\WINDOWS\System32\ucrtbase.dll
0x00007ffbf9d20000 - 0x00007ffbf9d35000 	C:\Program Files\Java\jdk-14\bin\VCRUNTIME140.dll
0x00007ffbf7db0000 - 0x00007ffbf7dc8000 	C:\Program Files\Java\jdk-14\bin\jli.dll
0x00007ffc01840000 - 0x00007ffc018ee000 	C:\WINDOWS\System32\ADVAPI32.dll
0x00007ffc00890000 - 0x00007ffc0092e000 	C:\WINDOWS\System32\msvcrt.dll
0x00007ffc019c0000 - 0x00007ffc01a5c000 	C:\WINDOWS\System32\sechost.dll
0x00007ffc009e0000 - 0x00007ffc00b05000 	C:\WINDOWS\System32\RPCRT4.dll
0x00007ffc00250000 - 0x00007ffc003f0000 	C:\WINDOWS\System32\USER32.dll
0x00007ffbff780000 - 0x00007ffbff7a2000 	C:\WINDOWS\System32\win32u.dll
0x00007ffbeb060000 - 0x00007ffbeb2fa000 	C:\WINDOWS\WinSxS\amd64_microsoft.windows.common-controls_6595b64144ccf1df_6.0.19041.1110_none_60b5254171f9507e\COMCTL32.dll
0x00007ffc00b10000 - 0x00007ffc00b3a000 	C:\WINDOWS\System32\GDI32.dll
0x00007ffbfffb0000 - 0x00007ffc000bb000 	C:\WINDOWS\System32\gdi32full.dll
0x00007ffbfff10000 - 0x00007ffbfffad000 	C:\WINDOWS\System32\msvcp_win.dll
0x00007ffbf80a0000 - 0x00007ffbf80aa000 	C:\WINDOWS\SYSTEM32\VERSION.dll
0x00007ffc02000000 - 0x00007ffc02030000 	C:\WINDOWS\System32\IMM32.DLL
0x00007ffbd2fd0000 - 0x00007ffbd306b000 	C:\Program Files\Java\jdk-14\bin\msvcp140.dll
0x00007ffba1710000 - 0x00007ffba222f000 	C:\Program Files\Java\jdk-14\bin\server\jvm.dll
0x00007ffc00b40000 - 0x00007ffc00b48000 	C:\WINDOWS\System32\PSAPI.DLL
0x00007ffbe60e0000 - 0x00007ffbe60e9000 	C:\WINDOWS\SYSTEM32\WSOCK32.dll
0x00007ffbed4c0000 - 0x00007ffbed4e7000 	C:\WINDOWS\SYSTEM32\WINMM.dll
0x00007ffc00c20000 - 0x00007ffc00c8b000 	C:\WINDOWS\System32\WS2_32.dll
0x00007ffbfe010000 - 0x00007ffbfe022000 	C:\WINDOWS\SYSTEM32\kernel.appcore.dll
0x00007ffbfab90000 - 0x00007ffbfab9a000 	C:\Program Files\Java\jdk-14\bin\jimage.dll
0x00007ffbfd3f0000 - 0x00007ffbfd5d4000 	C:\WINDOWS\SYSTEM32\DBGHELP.DLL
0x00007ffbe5ec0000 - 0x00007ffbe5eec000 	C:\WINDOWS\SYSTEM32\dbgcore.DLL
0x00007ffbff900000 - 0x00007ffbff982000 	C:\WINDOWS\System32\bcryptPrimitives.dll
0x00007ffbf7d40000 - 0x00007ffbf7d4e000 	C:\Program Files\Java\jdk-14\bin\instrument.dll
0x00007ffbf7d60000 - 0x00007ffbf7d85000 	C:\Program Files\Java\jdk-14\bin\java.dll
0x00007ffbf7cf0000 - 0x00007ffbf7d07000 	C:\Program Files\Java\jdk-14\bin\zip.dll
0x00007ffc01050000 - 0x00007ffc01794000 	C:\WINDOWS\System32\SHELL32.dll
0x00007ffbfd860000 - 0x00007ffbfdff4000 	C:\WINDOWS\SYSTEM32\windows.storage.dll
0x00007ffc00cf0000 - 0x00007ffc01044000 	C:\WINDOWS\System32\combase.dll
0x00007ffbff1e0000 - 0x00007ffbff20c000 	C:\WINDOWS\SYSTEM32\Wldp.dll
0x00007ffc003f0000 - 0x00007ffc0049d000 	C:\WINDOWS\System32\SHCORE.dll
0x00007ffc00500000 - 0x00007ffc00555000 	C:\WINDOWS\System32\shlwapi.dll
0x00007ffbff6c0000 - 0x00007ffbff6df000 	C:\WINDOWS\SYSTEM32\profapi.dll
0x00007ffbf7c40000 - 0x00007ffbf7c59000 	C:\Program Files\Java\jdk-14\bin\net.dll
0x00007ffbf4e20000 - 0x00007ffbf4f2a000 	C:\WINDOWS\SYSTEM32\WINHTTP.dll
0x00007ffbfef40000 - 0x00007ffbfefaa000 	C:\WINDOWS\system32\mswsock.dll
0x00007ffbf5d10000 - 0x00007ffbf5d22000 	C:\Program Files\Java\jdk-14\bin\nio.dll
0x00007ffbed030000 - 0x00007ffbed04a000 	C:\Program Files\JetBrains\IntelliJ IDEA Community Edition 2020.2.3\bin\breakgen64.dll
0x00007ffbf7d30000 - 0x00007ffbf7d40000 	C:\Program Files\Java\jdk-14\bin\verify.dll
0x00007ffbf41e0000 - 0x00007ffbf41e9000 	C:\Program Files\Java\jdk-14\bin\management.dll
0x00007ffbf3c60000 - 0x00007ffbf3c6b000 	C:\Program Files\Java\jdk-14\bin\management_ext.dll
0x00007ffbdcfc0000 - 0x00007ffbdcfd7000 	C:\WINDOWS\system32\napinsp.dll
0x00007ffbdcfa0000 - 0x00007ffbdcfbb000 	C:\WINDOWS\system32\pnrpnsp.dll
0x00007ffbfa4c0000 - 0x00007ffbfa4d5000 	C:\WINDOWS\system32\wshbth.dll
0x00007ffbfaa70000 - 0x00007ffbfaa8d000 	C:\WINDOWS\system32\NLAapi.dll
0x00007ffbfebe0000 - 0x00007ffbfec1b000 	C:\WINDOWS\SYSTEM32\IPHLPAPI.DLL
0x00007ffbfec20000 - 0x00007ffbfeceb000 	C:\WINDOWS\SYSTEM32\DNSAPI.dll
0x00007ffc00560000 - 0x00007ffc00568000 	C:\WINDOWS\System32\NSI.dll
0x00007ffbdd030000 - 0x00007ffbdd042000 	C:\WINDOWS\System32\winrnr.dll
0x00007ffbf78f0000 - 0x00007ffbf78fa000 	C:\Windows\System32\rasadhlp.dll
0x00007ffbf4a10000 - 0x00007ffbf4a90000 	C:\WINDOWS\System32\fwpuclnt.dll
0x00007ffbffee0000 - 0x00007ffbfff07000 	C:\WINDOWS\System32\bcrypt.dll
0x00007ffbff130000 - 0x00007ffbff148000 	C:\WINDOWS\SYSTEM32\CRYPTSP.dll
0x00007ffbfe850000 - 0x00007ffbfe884000 	C:\WINDOWS\system32\rsaenh.dll
0x00007ffbff680000 - 0x00007ffbff6ae000 	C:\WINDOWS\SYSTEM32\USERENV.dll
0x00007ffbff150000 - 0x00007ffbff15c000 	C:\WINDOWS\SYSTEM32\CRYPTBASE.dll
0x00007ffbf6e30000 - 0x00007ffbf6e47000 	C:\WINDOWS\SYSTEM32\dhcpcsvc6.DLL
0x00007ffbf6e10000 - 0x00007ffbf6e2d000 	C:\WINDOWS\SYSTEM32\dhcpcsvc.DLL
0x00007ffbe6150000 - 0x00007ffbe6175000 	C:\Program Files\Java\jdk-14\bin\sunec.dll

dbghelp: loaded successfully - version: 4.0.5 - missing functions: none
symbol engine: initialized successfully - sym options: 0x614 - pdb path: .;C:\Program Files\Java\jdk-14\bin;C:\WINDOWS\SYSTEM32;C:\WINDOWS\WinSxS\amd64_microsoft.windows.common-controls_6595b64144ccf1df_6.0.19041.1110_none_60b5254171f9507e;C:\Program Files\Java\jdk-14\bin\server;C:\Program Files\JetBrains\IntelliJ IDEA Community Edition 2020.2.3\bin

VM Arguments:
jvm_args: -javaagent:C:\Program Files\JetBrains\IntelliJ IDEA Community Edition 2020.2.3\lib\idea_rt.jar=62582:C:\Program Files\JetBrains\IntelliJ IDEA Community Edition 2020.2.3\bin -Dfile.encoding=UTF-8 
java_command: io.swagger.Swagger2SpringBoot
java_class_path (initial): C:\Users\Alex\spring\mobdb\spring-server\target\classes;C:\Users\Alex\.m2\repository\org\springframework\boot\spring-boot-starter-web\1.5.9.RELEASE\spring-boot-starter-web-1.5.9.RELEASE.jar;C:\Users\Alex\.m2\repository\org\springframework\boot\spring-boot-starter\1.5.9.RELEASE\spring-boot-starter-1.5.9.RELEASE.jar;C:\Users\Alex\.m2\repository\org\springframework\boot\spring-boot\1.5.9.RELEASE\spring-boot-1.5.9.RELEASE.jar;C:\Users\Alex\.m2\repository\org\springframework\boot\spring-boot-autoconfigure\1.5.9.RELEASE\spring-boot-autoconfigure-1.5.9.RELEASE.jar;C:\Users\Alex\.m2\repository\org\springframework\boot\spring-boot-starter-logging\1.5.9.RELEASE\spring-boot-starter-logging-1.5.9.RELEASE.jar;C:\Users\Alex\.m2\repository\ch\qos\logback\logback-classic\1.1.11\logback-classic-1.1.11.jar;C:\Users\Alex\.m2\repository\ch\qos\logback\logback-core\1.1.11\logback-core-1.1.11.jar;C:\Users\Alex\.m2\repository\org\slf4j\jcl-over-slf4j\1.7.25\jcl-over-slf4j-1.7.25.jar;C:\Users\Alex\.m2\repository\org\slf4j\jul-to-slf4j\1.7.25\jul-to-slf4j-1.7.25.jar;C:\Users\Alex\.m2\repository\org\slf4j\log4j-over-slf4j\1.7.25\log4j-over-slf4j-1.7.25.jar;C:\Users\Alex\.m2\repository\org\yaml\snakeyaml\1.17\snakeyaml-1.17.jar;C:\Users\Alex\.m2\repository\org\hibernate\hibernate-validator\5.3.6.Final\hibernate-validator-5.3.6.Final.jar;C:\Users\Alex\.m2\repository\org\jboss\logging\jboss-logging\3.3.1.Final\jboss-logging-3.3.1.Final.jar;C:\Users\Alex\.m2\repository\com\fasterxml\jackson\core\jackson-databind\2.8.10\jackson-databind-2.8.10.jar;C:\Users\Alex\.m2\repository\com\fasterxml\jackson\core\jackson-annotations\2.8.0\jackson-annotations-2.8.0.jar;C:\Users\Alex\.m2\repository\org\springframework\spring-web\4.3.13.RELEASE\spring-web-4.3.13.RELEASE.jar;C:\Users\Alex\.m2\repository\org\springframework\spring-aop\4.3.13.RELEASE\spring-aop-4.3.13.RELEASE.jar;C:\Users\Alex\.m2\repository\org\springframework\spring-beans\4.3.13.RELEASE\spring-beans-4.3.13.RELEASE.j
Launcher Type: SUN_STANDARD

[Global flags]
     intx CICompilerCount                          = 4                                         {product} {ergonomic}
     uint ConcGCThreads                            = 3                                         {product} {ergonomic}
     uint G1ConcRefinementThreads                  = 10                                        {product} {ergonomic}
   size_t G1HeapRegionSize                         = 1048576                                   {product} {ergonomic}
    uintx GCDrainStackTargetSize                   = 64                                        {product} {ergonomic}
   size_t InitialHeapSize                          = 266338304                                 {product} {ergonomic}
   size_t MarkStackSize                            = 4194304                                   {product} {ergonomic}
   size_t MaxHeapSize                              = 4261412864                                {product} {ergonomic}
   size_t MaxNewSize                               = 2556428288                                {product} {ergonomic}
   size_t MinHeapDeltaBytes                        = 1048576                                   {product} {ergonomic}
   size_t MinHeapSize                              = 8388608                                   {product} {ergonomic}
    uintx NonNMethodCodeHeapSize                   = 5839372                                {pd product} {ergonomic}
    uintx NonProfiledCodeHeapSize                  = 122909434                              {pd product} {ergonomic}
    uintx ProfiledCodeHeapSize                     = 122909434                              {pd product} {ergonomic}
    uintx ReservedCodeCacheSize                    = 251658240                              {pd product} {ergonomic}
     bool SegmentedCodeCache                       = true                                      {product} {ergonomic}
   size_t SoftMaxHeapSize                          = 4261412864                             {manageable} {ergonomic}
     bool UseCompressedClassPointers               = true                                 {lp64_product} {ergonomic}
     bool UseCompressedOops                        = true                                 {lp64_product} {ergonomic}
     bool UseG1GC                                  = true                                      {product} {ergonomic}
     bool UseLargePagesIndividualAllocation        = false                                  {pd product} {ergonomic}

Logging:
Log output configuration:
 #0: stdout all=warning uptime,level,tags
 #1: stderr all=off uptime,level,tags

Environment Variables:
PATH=D:\Oracle_installer\WINDOWS.X64_193000_db_home\bin;C:\Program Files\Common Files\Oracle\Java\javapath;C:\WINDOWS\system32;C:\WINDOWS;C:\WINDOWS\System32\Wbem;C:\WINDOWS\System32\WindowsPowerShell\v1.0\;C:\WINDOWS\System32\OpenSSH\;C:\HashiCorp\Vagrant\bin;C:\Program Files\Git\cmd;C:\Program Files\nodejs\;D:\Oracle_installer\WINDOWS.X64_193000_db_home\bin;C:\Program Files\Common Files\Oracle\Java\javapath;C:\WINDOWS\system32;C:\WINDOWS;C:\WINDOWS\System32\Wbem;C:\WINDOWS\System32\WindowsPowerShell\v1.0\;C:\WINDOWS\System32\OpenSSH\;C:\HashiCorp\Vagrant\bin;C:\Program Files\Git\cmd;C:\Program Files\nodejs\;D:\ords-latest\bin;C:\Users\Alex\AppData\Local\Programs\Microsoft VS Code\bin;C:\Program Files\JetBrains\DataGrip 2022.1.4\bin;
USERNAME=Alex
OS=Windows_NT
PROCESSOR_IDENTIFIER=Intel64 Family 6 Model 165 Stepping 2, GenuineIntel



---------------  S Y S T E M  ---------------

OS: Windows 10 , 64 bit Build 19041 (10.0.19041.1706)
OS uptime: 4 days 22:46 hours

CPU:total 12 (initial active 12) (6 cores per cpu, 2 threads per core) family 6 model 165 stepping 2, cmov, cx8, fxsr, mmx, sse, sse2, sse3, ssse3, sse4.1, sse4.2, popcnt, avx, avx2, aes, clmul, erms, 3dnowpref, lzcnt, ht, tsc, tscinvbit, bmi1, bmi2, adx, fma

Memory: 4k page, system-wide physical 16252M (1676M free)
TotalPageFile size 37949M (AvailPageFile size 4M)
current process WorkingSet (physical memory assigned to process): 280M, peak: 295M
current process commit charge ("private bytes"): 328M, peak: 439M

vm_info: Java HotSpot(TM) 64-Bit Server VM (14+36-1461) for windows-amd64 JRE (14+36-1461), built on Feb  6 2020 19:08:04 by "mach5one" with MS VC++ 15.9 (VS2017)

END.
